Line 32: Class Threed.SSPanel of control pnlLoadRate was not a loaded control class.
Line 56: Class Threed.SSPanel of control pnlLoadRateSp was not a loaded control class.
Line 124: Class MSComctlLib.ImageList of control SmallImagesDisabled was not a loaded control class.
Line 146: Class MSComctlLib.ImageList of control SmallImagesHot was not a loaded control class.
Line 168: Class MSComctlLib.ImageList of control SmallImagesNormal was not a loaded control class.
Line 190: Class MSComctlLib.Toolbar of control tbrStnDetail was not a loaded control class.
Line 207: Class Threed.SSPanel of control pnlXYGraphs was not a loaded control class.
Line 229: Class MSChart20Lib.MSChart of control chtStnChart was not a loaded control class.
Line 244: Class MSComctlLib.ImageList of control imgStnDetailDisabled was not a loaded control class.
Line 326: Class MSComctlLib.ImageList of control imgStnDetailHot was not a loaded control class.
Line 408: Class MSComctlLib.ImageList of control imgStnDetailNormal was not a loaded control class.
Line 490: Class Threed.SSPanel of control pbxRptName was not a loaded control class.
Line 591: Class Threed.SSCommand of control cmdApproved was not a loaded control class.
Line 618: Class Threed.SSCommand of control cmdValidate was not a loaded control class.
Line 643: Class Threed.SSCommand of control cmdApproved_OK was not a loaded control class.
Line 668: Class Threed.SSCommand of control cmdApproved_No was not a loaded control class.
Line 728: Class Threed.SSPanel of control pnlStnSeq was not a loaded control class.
Line 778: Class Threed.SSPanel of control pnlCanVentOvr was not a loaded control class.
Line 812: Class Threed.SSPanel of control pnlPurgeAir was not a loaded control class.
Line 837: Class Threed.SSPanel of control pnlMessageFrame was not a loaded control class.
Line 861: Class Threed.SSPanel of control pnlMessage was not a loaded control class.
Line 888: Class Threed.SSPanel of control pnlAlarms was not a loaded control class.
Line 910: Class Threed.SSPanel of control pnlEstop was not a loaded control class.
Line 936: Class Threed.SSPanel of control pnlFlow was not a loaded control class.
Line 962: Class Threed.SSPanel of control pnlBtn20 was not a loaded control class.
Line 988: Class Threed.SSPanel of control pnlDoors was not a loaded control class.
Line 1014: Class Threed.SSPanel of control pnlComms was not a loaded control class.
Line 1040: Class Threed.SSPanel of control pnlMix was not a loaded control class.
Line 1066: Class Threed.SSPanel of control pnlPAcomm was not a loaded control class.
Line 1104: Class Threed.SSPanel of control pnlJobDuration was not a loaded control class.
Line 1129: Class Threed.SSPanel of control pnlDelay was not a loaded control class.
Line 1154: Class Threed.SSPanel of control pnlToGo was not a loaded control class.
Line 1180: Class Threed.SSPanel of control pnlTotal was not a loaded control class.
Line 1227: Class Threed.SSPanel of control pnlTestTime was not a loaded control class.
Line 1252: Class Threed.SSPanel of control pnlProfile was not a loaded control class.
Line 1277: Class Threed.SSPanel of control pnlStepMax was not a loaded control class.
Line 1301: Class Threed.SSPanel of control pnlStepActual was not a loaded control class.
Line 1325: Class Threed.SSPanel of control pnlMinutesMax was not a loaded control class.
Line 1349: Class Threed.SSPanel of control pnlMinutesActual was not a loaded control class.
Line 1394: Class Threed.SSPanel of control pnlWaterBath was not a loaded control class.
Line 1419: Class Threed.SSPanel of control pnlSuperSp was not a loaded control class.
Line 1443: Class Threed.SSPanel of control pnlWbSp was not a loaded control class.
Line 1467: Class Threed.SSPanel of control pnlWbPv was not a loaded control class.
Line 1491: Class Threed.SSPanel of control pnlSuperPv was not a loaded control class.
Line 1536: Class MSComctlLib.TabStrip of control tabsWhichGraph was not a loaded control class.
Line 1576: Class MSComctlLib.TabStrip of control tabsLegend was not a loaded control class.
Line 1610: Class Threed.SSPanel of control pnlLcPressBox was not a loaded control class.
Line 1634: Class Threed.SSPanel of control SSPanel2 was not a loaded control class.
Line 1659: Class Threed.SSPanel of control pnlLcPress was not a loaded control class.
Line 1703: Class Threed.SSPanel of control pnlLeakcheck was not a loaded control class.
Line 1728: Class Threed.SSPanel of control pnlLcStepDesc was not a loaded control class.
Line 1753: Class Threed.SSPanel of control pnlLcStepDesc was not a loaded control class.
Line 1779: Class Threed.SSPanel of control pnlCourse was not a loaded control class.
Line 1803: Class Threed.SSPanel of control pnlScale was not a loaded control class.
Line 1826: Class Threed.SSPanel of control pnlWtAux was not a loaded control class.
Line 1851: Class Threed.SSPanel of control pnlWtPri was not a loaded control class.
Line 1876: Class Threed.SSPanel of control pnlChgAux was not a loaded control class.
Line 1901: Class Threed.SSPanel of control pnlChgPri was not a loaded control class.
Line 2002: Class Threed.SSPanel of control pnlCycle was not a loaded control class.
Line 2026: Class Threed.SSCommand of control cmdUseTC was not a loaded control class.
Line 2041: Class Threed.SSCommand of control cmdThermo was not a loaded control class.
Line 2057: Class Threed.SSPanel of control pnlPurgeDpBox was not a loaded control class.
Line 2081: Class Threed.SSPanel of control SSPanel12 was not a loaded control class.
Line 2106: Class Threed.SSPanel of control pnlPurgeDp was not a loaded control class.
Line 2150: Class Threed.SSPanel of control pnlTC was not a loaded control class.
Line 2174: Class Threed.SSPanel of control pnlTC1 was not a loaded control class.
Line 2200: Class Threed.SSPanel of control pnlTC2 was not a loaded control class.
Line 2226: Class Threed.SSPanel of control pnlLblTC1 was not a loaded control class.
Line 2250: Class Threed.SSPanel of control pnlLblTC2 was not a loaded control class.
Line 2281: Class Threed.SSPanel of control pnlBarGraphs was not a loaded control class.
Line 2303: Class Threed.SSPanel of control pnlNitrogen was not a loaded control class.
Line 2373: Class Threed.SSPanel of control pnlNitCV was not a loaded control class.
Line 2399: Class Threed.SSPanel of control pnlNitPV was not a loaded control class.
Line 2424: Class Threed.SSPanel of control SSPanel7 was not a loaded control class.
Line 2448: Class Threed.SSPanel of control SSPanel8 was not a loaded control class.
Line 2473: Class Threed.SSPanel of control pnlButane was not a loaded control class.
Line 2541: Class Threed.SSPanel of control pnlBtnCV was not a loaded control class.
Line 2567: Class Threed.SSPanel of control pnlBtnPV was not a loaded control class.
Line 2592: Class Threed.SSPanel of control SSPanel10 was not a loaded control class.
Line 2616: Class Threed.SSPanel of control SSPanel11 was not a loaded control class.
Line 2641: Class Threed.SSPanel of control pnlPurge was not a loaded control class.
Line 2665: Class Threed.SSPanel of control pnlPurPV was not a loaded control class.
Line 2736: Class Threed.SSPanel of control pnlPurCV was not a loaded control class.
Line 2762: Class Threed.SSPanel of control SSPanel15 was not a loaded control class.
Line 2786: Class Threed.SSPanel of control SSPanel16 was not a loaded control class.
Line 2811: Class Threed.SSPanel of control pnlTargetActual was not a loaded control class.
Line 2881: Class Threed.SSPanel of control pnlTarget was not a loaded control class.
Line 2907: Class Threed.SSPanel of control pnlActual was not a loaded control class.
Line 2932: Class Threed.SSPanel of control SSPanel13 was not a loaded control class.
Line 2956: Class Threed.SSPanel of control SSPanel14 was not a loaded control class.
Line 3607: Class Threed.SSPanel of control pnlStatusFrame was not a loaded control class.
Line 3630: Class Threed.SSPanel of control pnlStatus was not a loaded control class.
Line 3657: Class Threed.SSPanel of control pnlReportFrame was not a loaded control class.
Line 3680: Class Threed.SSPanel of control pnlReport was not a loaded control class.
Line 3707: Class Threed.SSPanel of control pnlNameFrame was not a loaded control class.
Line 3730: Class Threed.SSPanel of control pnlStnName was not a loaded control class.
Line 3826: Class MSComctlLib.Toolbar of control tbrNavigate was not a loaded control class.
Line 3839: Class Threed.SSPanel of control SSPanel9 was not a loaded control class.
Line 3863: Class Threed.SSPanel of control SSPanel17 was not a loaded control class.
Line 3888: Class Threed.SSPanel of control SSPanel18 was not a loaded control class.
