Line 18: Class MSDataGridLib.DataGrid of control dgRecipes was not a loaded control class.
Line 1320: Class Threed.SSPanel of control pbxBottom was not a loaded control class.
Line 1438: Class MSAdodcLib.Adodc of control adoRecipes was not a loaded control class.
Line 19: The property name Bindings in dgRecipes is invalid.
Line 25: The property name _ExtentX in dgRecipes is invalid.
Line 26: The property name _ExtentY in dgRecipes is invalid.
Line 27: The property name _Version in dgRecipes is invalid.
Line 28: The property name AllowUpdate in dgRecipes is invalid.
Line 29: The property name HeadLines in dgRecipes is invalid.
Line 30: The property name RowHeight in dgRecipes is invalid.
Line 31: The property name FormatLocked in dgRecipes is invalid.
Line 40: The property name HeadFont in dgRecipes is invalid.
Line 50: The property name Caption in dgRecipes is invalid.
Line 51: The property name ColumnCount in dgRecipes is invalid.
Line 64: The property name Column00 in dgRecipes is invalid.
Line 77: The property name Column01 in dgRecipes is invalid.
Line 90: The property name Column02 in dgRecipes is invalid.
Line 103: The property name Column03 in dgRecipes is invalid.
Line 116: The property name Column04 in dgRecipes is invalid.
Line 129: The property name Column05 in dgRecipes is invalid.
Line 142: The property name Column06 in dgRecipes is invalid.
Line 155: The property name Column07 in dgRecipes is invalid.
Line 168: The property name Column08 in dgRecipes is invalid.
Line 181: The property name Column09 in dgRecipes is invalid.
Line 194: The property name Column10 in dgRecipes is invalid.
Line 207: The property name Column11 in dgRecipes is invalid.
Line 220: The property name Column12 in dgRecipes is invalid.
Line 233: The property name Column13 in dgRecipes is invalid.
Line 246: The property name Column14 in dgRecipes is invalid.
Line 259: The property name Column15 in dgRecipes is invalid.
Line 272: The property name Column16 in dgRecipes is invalid.
Line 285: The property name Column17 in dgRecipes is invalid.
Line 298: The property name Column18 in dgRecipes is invalid.
Line 311: The property name Column19 in dgRecipes is invalid.
Line 324: The property name Column20 in dgRecipes is invalid.
Line 337: The property name Column21 in dgRecipes is invalid.
Line 350: The property name Column22 in dgRecipes is invalid.
Line 363: The property name Column23 in dgRecipes is invalid.
Line 376: The property name Column24 in dgRecipes is invalid.
Line 389: The property name Column25 in dgRecipes is invalid.
Line 402: The property name Column26 in dgRecipes is invalid.
Line 415: The property name Column27 in dgRecipes is invalid.
Line 428: The property name Column28 in dgRecipes is invalid.
Line 441: The property name Column29 in dgRecipes is invalid.
Line 454: The property name Column30 in dgRecipes is invalid.
Line 467: The property name Column31 in dgRecipes is invalid.
Line 480: The property name Column32 in dgRecipes is invalid.
Line 493: The property name Column33 in dgRecipes is invalid.
Line 506: The property name Column34 in dgRecipes is invalid.
Line 519: The property name Column35 in dgRecipes is invalid.
Line 532: The property name Column36 in dgRecipes is invalid.
Line 545: The property name Column37 in dgRecipes is invalid.
Line 558: The property name Column38 in dgRecipes is invalid.
Line 571: The property name Column39 in dgRecipes is invalid.
Line 584: The property name Column40 in dgRecipes is invalid.
Line 597: The property name Column41 in dgRecipes is invalid.
Line 610: The property name Column42 in dgRecipes is invalid.
Line 623: The property name Column43 in dgRecipes is invalid.
Line 636: The property name Column44 in dgRecipes is invalid.
Line 649: The property name Column45 in dgRecipes is invalid.
Line 662: The property name Column46 in dgRecipes is invalid.
Line 675: The property name Column47 in dgRecipes is invalid.
Line 688: The property name Column48 in dgRecipes is invalid.
Line 701: The property name Column49 in dgRecipes is invalid.
Line 714: The property name Column50 in dgRecipes is invalid.
Line 727: The property name Column51 in dgRecipes is invalid.
Line 740: The property name Column52 in dgRecipes is invalid.
Line 753: The property name Column53 in dgRecipes is invalid.
Line 766: The property name Column54 in dgRecipes is invalid.
Line 779: The property name Column55 in dgRecipes is invalid.
Line 792: The property name Column56 in dgRecipes is invalid.
Line 805: The property name Column57 in dgRecipes is invalid.
Line 818: The property name Column58 in dgRecipes is invalid.
Line 831: The property name Column59 in dgRecipes is invalid.
Line 844: The property name Column60 in dgRecipes is invalid.
Line 857: The property name Column61 in dgRecipes is invalid.
Line 870: The property name Column62 in dgRecipes is invalid.
Line 883: The property name Column63 in dgRecipes is invalid.
Line 896: The property name Column64 in dgRecipes is invalid.
Line 909: The property name Column65 in dgRecipes is invalid.
Line 922: The property name Column66 in dgRecipes is invalid.
Line 935: The property name Column67 in dgRecipes is invalid.
Line 948: The property name Column68 in dgRecipes is invalid.
Line 961: The property name Column69 in dgRecipes is invalid.
Line 974: The property name Column70 in dgRecipes is invalid.
Line 987: The property name Column71 in dgRecipes is invalid.
Line 1000: The property name Column72 in dgRecipes is invalid.
Line 1013: The property name Column73 in dgRecipes is invalid.
Line 1026: The property name Column74 in dgRecipes is invalid.
Line 1039: The property name Column75 in dgRecipes is invalid.
Line 1052: The property name Column76 in dgRecipes is invalid.
Line 1065: The property name Column77 in dgRecipes is invalid.
Line 1078: The property name Column78 in dgRecipes is invalid.
Line 1079: The property name SplitCount in dgRecipes is invalid.
Line 1318: The property name Split0 in dgRecipes is invalid.
Line 1326: The property name _Version in pbxBottom is invalid.
Line 1327: The property name _ExtentX in pbxBottom is invalid.
Line 1328: The property name _ExtentY in pbxBottom is invalid.
Line 1329: The property name _StockProps in pbxBottom is invalid.
Line 1340: The property name BevelOuter in pbxBottom is invalid.
Line 1444: The property name _ExtentX in adoRecipes is invalid.
Line 1445: The property name _ExtentY in adoRecipes is invalid.
Line 1446: The property name ConnectMode in adoRecipes is invalid.
Line 1447: The property name CursorLocation in adoRecipes is invalid.
Line 1448: The property name IsolationLevel in adoRecipes is invalid.
Line 1449: The property name ConnectionTimeout in adoRecipes is invalid.
Line 1450: The property name CommandTimeout in adoRecipes is invalid.
Line 1451: The property name CursorType in adoRecipes is invalid.
Line 1452: The property name LockType in adoRecipes is invalid.
Line 1453: The property name CommandType in adoRecipes is invalid.
Line 1454: The property name CursorOptions in adoRecipes is invalid.
Line 1455: The property name CacheSize in adoRecipes is invalid.
Line 1456: The property name MaxRecords in adoRecipes is invalid.
Line 1457: The property name BOFAction in adoRecipes is invalid.
Line 1458: The property name EOFAction in adoRecipes is invalid.
Line 1459: The property name ConnectStringType in adoRecipes is invalid.
Line 1463: The property name Orientation in adoRecipes is invalid.
Line 1465: The property name Connect in adoRecipes is invalid.
Line 1466: The property name OLEDBString in adoRecipes is invalid.
Line 1467: The property name OLEDBFile in adoRecipes is invalid.
Line 1468: The property name DataSourceName in adoRecipes is invalid.
Line 1469: The property name OtherAttributes in adoRecipes is invalid.
Line 1470: The property name UserName in adoRecipes is invalid.
Line 1471: The property name Password in adoRecipes is invalid.
Line 1472: The property name RecordSource in adoRecipes is invalid.
Line 1473: The property name Caption in adoRecipes is invalid.
Line 1483: The property name _Version in adoRecipes is invalid.
