Line 542: Class Threed.SSCommand of control cmdRecipe_Enabled was not a loaded control class.
Line 560: Class Threed.SSCommand of control cmdRecipe_Disabled was not a loaded control class.
Line 578: Class Threed.SSCommand of control cmdLoadCan_Enabled was not a loaded control class.
Line 596: Class Threed.SSCommand of control cmdLoadCan_Disabled was not a loaded control class.
Line 819: Class Threed.SSPanel of control pnlXYGraph was not a loaded control class.
Line 873: Class Threed.SSPanel of control pnlTC2 was not a loaded control class.
Line 898: Class Threed.SSPanel of control pnlTC1 was not a loaded control class.
Line 923: Class Threed.SSPanel of control pnlTC4 was not a loaded control class.
Line 948: Class Threed.SSPanel of control pnlTC3 was not a loaded control class.
Line 973: Class Threed.SSPanel of control pnlTC6 was not a loaded control class.
Line 998: Class Threed.SSPanel of control pnlTC5 was not a loaded control class.
Line 1023: Class Threed.SSPanel of control pnlConcordance was not a loaded control class.
Line 1047: Class Threed.SSPanel of control pnlNetGrams was not a loaded control class.
Line 1073: Class Threed.SSPanel of control pnlNetGrams was not a loaded control class.
Line 1099: Class Threed.SSPanel of control pnlNetGrams was not a loaded control class.
Line 1125: Class Threed.SSPanel of control pnlNetGrams was not a loaded control class.
Line 1151: Class Threed.SSPanel of control pnlGramsPerSec was not a loaded control class.
Line 1177: Class Threed.SSPanel of control pnlGramsPerSec was not a loaded control class.
Line 1203: Class Threed.SSPanel of control pnlGramsPerSec was not a loaded control class.
Line 1229: Class Threed.SSPanel of control pnlGramsPerSec was not a loaded control class.
Line 1368: Class Threed.SSPanel of control pnlScale was not a loaded control class.
Line 1392: Class Threed.SSPanel of control pnlScaleWt was not a loaded control class.
Line 1416: Class Threed.SSPanel of control pnlscalePRI was not a loaded control class.
Line 1483: Class Threed.SSPanel of control pnlDelay was not a loaded control class.
Line 1507: Class Threed.SSPanel of control pnlToGo was not a loaded control class.
Line 1532: Class Threed.SSPanel of control pnlTotal was not a loaded control class.
Line 1596: Class Threed.SSPanel of control pnlStn was not a loaded control class.
Line 1621: Class Threed.SSCommand of control cmdStation was not a loaded control class.
Line 1648: Class Threed.SSPanel of control pnlShift was not a loaded control class.
Line 1674: Class Threed.SSPanel of control pnlMode was not a loaded control class.
Line 1700: Class Threed.SSPanel of control pbarActual22 was not a loaded control class.
Line 1751: Class Threed.SSPanel of control pnlMsg was not a loaded control class.
Line 1800: Class Threed.SSPanel of control pnlTest was not a loaded control class.
Line 1826: Class Threed.SSPanel of control pnlStnDtlMsg was not a loaded control class.
Line 1873: Class Threed.SSCommand of control cmdLoadCan was not a loaded control class.
Line 1890: Class Threed.SSCommand of control cmdRecipe was not a loaded control class.
Line 1907: Class Threed.SSPanel of control pnlPurgeDPBox was not a loaded control class.
Line 1931: Class Threed.SSPanel of control SSPanel2 was not a loaded control class.
Line 1958: Class Threed.SSPanel of control SSPanel17 was not a loaded control class.
Line 1984: Class Threed.SSPanel of control SSPanel1 was not a loaded control class.
Line 2008: Class Threed.SSPanel of control SSPanel3 was not a loaded control class.
Line 2035: Class Threed.SSPanel of control SSPanel4 was not a loaded control class.
