 %% PLEASE DO NOT MODIFY OR DELETE THIS FILE! %% 
 %% This file contains information about the installation of an application. %% 
 %% It will be used to automatically remove all application components from your computer if you choose to do so. %% 


NOTE: Beginning of the bootstrapper section

CONFIG: Title: "CPS_r7"

ACTION: RegKey: "HKEY_LOCAL_MACHINE\SOFTWARE\Microsoft\Windows\CurrentVersion", "SharedDLLs"

ACTION: SystemFile: "C:\WINDOWS\SYSTEM32\VB6STKIT.DLL"
(File currently on disk was already up to date)

ACTION: SystemFile: "C:\WINDOWS\SYSTEM32\COMCAT.DLL"
(File currently on disk was already up to date)

ACTION: SystemFile: "C:\WINDOWS\SYSTEM32\MSVCRT40.DLL"
(File currently on disk was already up to date)

ACTION: SystemFile: "C:\WINDOWS\SYSTEM32\olepro32.dll"
(File currently on disk was already up to date)

ACTION: SystemFile: "C:\WINDOWS\SYSTEM32\stdole2.tlb"
(File currently on disk was already up to date)

ACTION: SystemFile: "C:\WINDOWS\SYSTEM32\asycfilt.dll"
(File currently on disk was already up to date)

ACTION: SystemFile: "C:\WINDOWS\SYSTEM32\oleaut32.dll"
(File currently on disk was already up to date)

ACTION: SystemFile: "C:\WINDOWS\SYSTEM32\msvbvm60.dll"
(File currently on disk was already up to date)

ACTION: DllSelfRegister: "C:\WINDOWS\SYSTEM32\COMCAT.DLL"

ACTION: DllSelfRegister: "C:\WINDOWS\SYSTEM32\olepro32.dll"

ACTION: TLBRegister: "C:\WINDOWS\SYSTEM32\stdole2.tlb"

ACTION: DllSelfRegister: "C:\WINDOWS\SYSTEM32\oleaut32.dll"

ACTION: DllSelfRegister: "C:\WINDOWS\SYSTEM32\msvbvm60.dll"

NOTE: End of the bootstrapper section

NOTE: Now spawning the main Setup program 'Setup1.exe'....

ACTION: CreateDir: "C:\Documents and Settings\All Users\Start Menu\Programs\CanisterPreconditioningSystem"

ACTION: PrivateFile: "c:\cps_r7\CALIBRATION.xls"
(File was not found or was an older version -- new file copied)

ACTION: PrivateFile: "c:\cps_r7\showDoc.bat"
(File was not found or was an older version -- new file copied)

ACTION: PrivateFile: "c:\cps_r7\CPS.HLP"
(File currently on disk was already up to date)

ACTION: SharedFile: "C:\WINDOWS\system32\MSBind.dll"
(File was not found or was an older version -- new file copied)

ACTION: SharedFile: "C:\WINDOWS\system32\MSSTDFMT.DLL"
(File was not found or was an older version -- new file copied)

ACTION: SharedFile: "C:\WINDOWS\system32\MSDatGrd.ocx"
(File was not found or was an older version -- new file copied)

ACTION: SharedFile: "C:\WINDOWS\system32\msado25.tlb"
(File was not found or was an older version -- new file copied)

ACTION: SharedFile: "C:\WINDOWS\system32\MShflxgd.ocx"
(File was not found or was an older version -- new file copied)

ACTION: SharedFile: "C:\WINDOWS\system32\sysinfo.Ocx"
(File was not found or was an older version -- new file copied)

ACTION: SharedFile: "C:\WINDOWS\system32\DATAFORM.OCX"
(File was not found or was an older version -- new file copied)

ACTION: SharedFile: "C:\WINDOWS\system32\APPWIZ.OCX"
(File was not found or was an older version -- new file copied)

ACTION: SharedFile: "C:\WINDOWS\system32\CHARTWIZ.OCX"
(File was not found or was an older version -- new file copied)

ACTION: SharedFile: "C:\WINDOWS\system32\FLEXWIZ.OCX"
(File was not found or was an older version -- new file copied)

ACTION: SharedFile: "C:\WINDOWS\system32\MSAdoDc.ocx"
(File was not found or was an older version -- new file copied)

ACTION: SharedFile: "C:\WINDOWS\system32\MSFlxGrd.ocx"
(File was not found or was an older version -- new file copied)

ACTION: SharedFile: "C:\WINDOWS\system32\MSCOMCTL.OCX"
(File was not found or was an older version -- new file copied)

ACTION: SharedFile: "C:\WINDOWS\system32\MSChrt20.ocx"
(File was not found or was an older version -- new file copied)

ACTION: SystemFile: "C:\WINDOWS\system32\MFC40.DLL"
(File currently on disk was already up to date)

ACTION: SharedFile: "C:\WINDOWS\system32\Threed32.ocx"
(File was not found or was an older version -- new file copied)

ACTION: SharedFile: "C:\WINDOWS\system32\MSComm32.Ocx"
(File was not found or was an older version -- new file copied)

ACTION: SharedFile: "C:\WINDOWS\system32\DBGRID32.OCX"
(File was not found or was an older version -- new file copied)

ACTION: SharedFile: "C:\WINDOWS\system32\dblist32.Ocx"
(File was not found or was an older version -- new file copied)

NOTE: The file 'RICHED32.DLL' was not copied because it is intended for use under Windows 95 only.  It is not needed under Windows NT 3.51 or 4.0.

ACTION: SharedFile: "C:\WINDOWS\system32\richtx32.Ocx"
(File was not found or was an older version -- new file copied)

ACTION: SharedFile: "C:\WINDOWS\system32\TabCtl32.Ocx"
(File was not found or was an older version -- new file copied)

ACTION: SharedFile: "C:\WINDOWS\system32\ComDlg32.OCX"
(File was not found or was an older version -- new file copied)

ACTION: SharedFile: "C:\Program Files\Common Files\Microsoft Shared\DAO\dao360.dll"
(File was not found or was an older version -- new file copied)

ACTION: SharedFile: "C:\WINDOWS\system32\XL5EN32.OLB"
(File was not found or was an older version -- new file copied)

ACTION: SharedFile: "C:\WINDOWS\system32\Optomwd.dll"
(File was not found or was an older version -- new file copied)

ACTION: SharedFile: "C:\WINDOWS\system32\Optoerr.dll"
(File was not found or was an older version -- new file copied)

ACTION: PrivateFile: "c:\cps_r7\cps_r7.exe"
(File was not found or was an older version -- new file copied)

ACTION: DllSelfRegister: "C:\WINDOWS\system32\MSBind.dll"

ACTION: DllSelfRegister: "C:\WINDOWS\system32\MSSTDFMT.DLL"

ACTION: DllSelfRegister: "C:\WINDOWS\system32\MSDatGrd.ocx"

ACTION: DllSelfRegister: "C:\WINDOWS\system32\MShflxgd.ocx"

ACTION: DllSelfRegister: "C:\WINDOWS\system32\sysinfo.Ocx"

ACTION: DllSelfRegister: "C:\WINDOWS\system32\DATAFORM.OCX"

ACTION: DllSelfRegister: "C:\WINDOWS\system32\APPWIZ.OCX"

ACTION: DllSelfRegister: "C:\WINDOWS\system32\CHARTWIZ.OCX"

ACTION: DllSelfRegister: "C:\WINDOWS\system32\FLEXWIZ.OCX"

ACTION: DllSelfRegister: "C:\WINDOWS\system32\MSAdoDc.ocx"

ACTION: DllSelfRegister: "C:\WINDOWS\system32\MSFlxGrd.ocx"

ACTION: DllSelfRegister: "C:\WINDOWS\system32\MSCOMCTL.OCX"

ACTION: DllSelfRegister: "C:\WINDOWS\system32\MSChrt20.ocx"

ACTION: DllSelfRegister: "C:\WINDOWS\system32\MFC40.DLL"

ACTION: DllSelfRegister: "C:\WINDOWS\system32\Threed32.ocx"

ACTION: DllSelfRegister: "C:\WINDOWS\system32\MSComm32.Ocx"

ACTION: DllSelfRegister: "C:\WINDOWS\system32\DBGRID32.OCX"

ACTION: DllSelfRegister: "C:\WINDOWS\system32\dblist32.Ocx"

ACTION: DllSelfRegister: "C:\WINDOWS\system32\richtx32.Ocx"

ACTION: DllSelfRegister: "C:\WINDOWS\system32\TabCtl32.Ocx"

ACTION: DllSelfRegister: "C:\WINDOWS\system32\ComDlg32.OCX"

ACTION: DllSelfRegister: "C:\Program Files\Common Files\Microsoft Shared\DAO\dao360.dll"

ACTION: ShellLink: "CanisterPreconditioningSystem", "CPS_r7"

ACTION: RegKey: "HKEY_LOCAL_MACHINE\SOFTWARE\Microsoft\Windows\CurrentVersion", "App Paths\cps_r7.exe"

ACTION: RegValue: "HKEY_LOCAL_MACHINE\SOFTWARE\Microsoft\Windows\CurrentVersion\App Paths\cps_r7.exe", ""

