                                          In House Testing
                                       Auburn Hills, Michigan
                                   CANISTER PRECONDITIONING SYSTEM
   
                                           DETAIL REPORT
   
   Job Number:    000045                        RemTaskID  :   
   Station Description:       CLB 
   Stn SysID:     CLB                           Stn Abreviation:   2
   Station:       2                             Vehicle No.:   
   Shift:         1                             Engineer:      
   Start Time:    16 Dec 2019  14:13:59         Start Op:      
   End Time:      16 Dec 2019  14:15:30         End Op:        
   Canister ID:   in vehicle
   Can Volume:    0.00 Liters                   Can Work Cap:  0.00 Grams
   
   COMMENTS:
   (None)
   
   
   LEAKTEST SETUP
   -------------------------------------------------------------------------------------------
   Target Pressure:         2.000 kPa           Pressure Tolerance:      1.000 kPa
   Deff Hold Duration:      180.000 sec         Press Hold Duration:     10.000 sec
                                                Timeout:                 1234.000 sec
                                                Pressurize Timeout:      300.000 sec
                                                Deff Tolerance:          0.002 inch
   SG N2:                   0.967               Initial N2 Flow:         0.100 m3/s
                                                Report Interval:         1.000 sec
   
   Barometer at Process Start: 1013 mBar
   Barometer at Process End:   1012 mBar
   
   
   LEAKTEST DETAIL DATA
   -------------------------------------------------------------------------------------------
      Time       TestTime        Baro       N2 Flow    N2 Press     N2 Temp  
                                             (lpm)       (kPa)      (deg C)  
    14:13:59       1.016         1012        0.100       13.25     25.34261  
    14:14:00       1.297         1013        0.100       13.25     24.97803  
    14:14:01       2.032         1012        0.100       13.25     24.89869  
    14:14:01       3.000         1013        0.100       13.25     25.34498  
    14:14:02       4.000         1013        0.100       13.25     25.35467  
    14:14:03       5.000         1012        0.100       13.25     24.95369  
    14:14:04       6.000         1012        0.100       13.25     25.08459  
    14:14:06       7.016         1012        0.100       13.25     24.72608  
    14:14:06       8.016         1012        0.100       13.25     25.29388  
    14:14:07       9.016         1012        0.100       13.25     25.04492  
    14:14:08      10.016         1012        0.100       13.25      25.1455  
    14:14:10      11.125         1013        0.100       13.25     24.76518  
    14:14:11      12.032         1013        0.100       13.25     24.55885  
    14:14:11      13.016         1013        0.100       13.25     25.43051  
    14:14:12      14.016         1013        0.100       13.25     25.16478  
    14:14:13      15.000         1012        0.100       13.25     25.29552  
    14:14:14      16.000         1012        0.100       13.25     24.52279  
    14:14:16      17.032         1013        0.100       13.25     24.53188  
    14:14:17      18.032         1013        0.100       13.25     24.82146  
    14:14:17      19.000         1012        0.100       13.25     24.53394  
    14:14:18      20.000         1013        0.100       13.25     24.73392  
    14:14:19      21.000         1013        0.100       13.25     24.76306  
    14:14:21      22.032         1012        0.100       13.25     25.31192  
    14:14:21      23.016         1012        0.100       13.25     24.80145  
    14:14:22      24.016         1013        0.100       13.25     25.07548  
    14:14:23      25.016         1012        0.100       13.25     25.16628  
    14:14:24      26.016         1013        0.100       13.25     25.42769  
    14:14:26      27.032         1013        0.100       13.25     24.59716  
    14:14:27      28.032         1013        0.100       13.25     25.38986  
    14:14:28      29.032         1013        0.100       13.25     25.30827  
    14:14:29      30.032         1013        0.100       13.25     24.82064  
    14:14:30      31.110         1013        0.100       13.25     24.95031  
    14:14:30      32.016         1012        0.100       13.25     25.30287  
    14:14:31      33.000         1013        0.100       13.25     25.06563  
    14:14:32      34.000         1013        0.100       13.25     25.36049  
    14:14:34      35.032         1013        0.100       13.25     25.19702  
    14:14:35      36.032         1013        0.100       13.25     25.10822  
    14:14:35      37.000         1013        0.100       13.25     25.14393  
    14:14:36      38.000         1013        0.100       13.25     24.83968  
    14:14:37      39.016         1013        0.100       13.25     25.42405  
    14:14:38      40.016         1012        0.100       13.25     24.84542  
    14:14:39      41.016         1013        0.100       13.25     24.50291  
    14:14:40      42.016         1013        0.100       13.25     24.92016  
    14:14:42      43.032         1013        0.100       13.25     25.39631  
    14:14:43      44.032         1012        0.100       13.25     24.84879  
    14:14:44      45.032         1012        0.100       13.25     25.48512  
    14:14:45      46.032         1012        0.100       13.25     25.33029  
    14:14:45      47.000         1012        0.100       13.25     24.97408  
    14:14:46      48.000         1013        0.100       13.25     25.32711  
    14:14:48      49.094         1013        0.100       13.25     24.64501  
    14:14:48      50.000         1013        0.100       13.25     25.03654  
    14:14:49      51.000         1012        0.100       13.25      25.1227  
    14:14:50      52.000         1013        0.100       13.25     25.16791  
    14:14:51      53.000         1013        0.100       13.25     24.96598  
    14:14:52      54.000         1012        0.100       13.25     24.54608  
    14:14:53      55.016         1012        0.100       13.25     24.57722  
    14:14:54      56.016         1013        0.100       13.25     24.86472  
    14:14:55      57.016         1012        0.100       13.25     25.20356  
    14:14:57      58.016         1012        0.100       13.25     25.17446  
    14:14:58      59.032         1012        0.100       13.25     24.51163  
    14:14:59      60.032         1012        0.100       13.25     24.54705  
    14:15:00      61.032         1013        0.100       13.25     25.01281  
    14:15:01      62.032         1012        0.100       13.25     25.04573  
    14:15:02      63.032         1012        0.100       13.25     25.02255  
    14:15:03      64.032         1012        0.100       13.25     25.33942  
    14:15:04      65.032         1013        0.100       13.25     24.82941  
    14:15:05      66.032         1012        0.100       13.25      24.5391  
    14:15:05      67.000         1012        0.100       13.25     25.04545  
    14:15:06      68.000         1012        0.100       13.25     25.41092  
    14:15:08      69.094         1013        0.100       13.25     25.19559  
    14:15:08      70.000         1012        0.100       13.25     25.37285  
    14:15:09      71.000         1012        0.100       13.25     25.46463  
    14:15:10      72.000         1013        0.100       13.25     24.91201  
    14:15:11      73.000         1012        0.100       13.25      24.8297  
    14:15:12      74.000         1012        0.100       13.25      24.7812  
    14:15:13      75.016         1012        0.100       13.25     25.30314  
    14:15:14      76.016         1013        0.100       13.25     24.98214  
    14:15:16      77.032         1013        0.100       13.25     24.53029  
    14:15:17      78.032         1012        0.100       13.25     25.27746  
    14:15:17      79.000         1013        0.100       13.25     24.60271  
    14:15:18      80.000         1012        0.100       13.25     25.10719  
    14:15:19      81.000         1013        0.100       13.25     25.39637  
    14:15:20      82.000         1012        0.100       13.25     25.45419  
    14:15:21      83.016         1012        0.100       13.25     25.18513  
    14:15:22      84.000         1012        0.100       13.25     24.59938  
    14:15:23      85.016         1012        0.100       13.25     25.48634  
    14:15:24      86.016         1012        0.100       13.25     25.06343  
    14:15:26      87.032         1012        0.100       13.25     25.13074  
    14:15:27      88.032         1013        0.100       13.25     24.70924  
    14:15:28      89.032         1013        0.100       13.25     24.76276  
    14:15:29      90.032         1013        0.100       13.25     25.06733  
    14:15:30      91.032         1013        0.100       13.25     25.22083  
   
   
   ALARM DATA
   (none)
   
   OUT OF TOLERANCE DATA
   Date / Time                Comment
   16 Dec 2019  14:14:34    Nitrogen Flow OOT (SP=0.000 PV=-0.001)
   
   
   EVENT LOG DATA
   Date / Time                Comment
   16 Dec 2019  14:15:31    Recipe completed.
   
   16 Dec 2019  14:15:30    << JOB COMPLETED ABNORMALLY >>
   
   CHECKED BY: ________________________________________
