                                          In House Testing
                                       Auburn Hills, Michigan
                                   CANISTER PRECONDITIONING SYSTEM
   
                                           DETAIL REPORT
   
   Job Number:    000036                        RemTaskID  :   
   Station Description:       CLB 
   Stn SysID:     CLB                           Stn Abreviation:   2
   Station:       2                             Vehicle No.:   
   Shift:         1                             Engineer:      
   Start Time:    16 Dec 2019  10:10:07         Start Op:      
   End Time:      16 Dec 2019  10:13:23         End Op:        
   Canister ID:   in vehicle
   Can Volume:    0.00 Liters                   Can Work Cap:  0.00 Grams
   
   COMMENTS:
   (None)
   
   
   LEAKTEST SETUP
   -------------------------------------------------------------------------------------------
   Target Pressure:         2.000 kPa           Pressure Tolerance:      1.000 kPa
   Deff Hold Duration:      180.000 sec         Press Hold Duration:     10.000 sec
                                                Timeout:                 1234.000 sec
                                                Pressurize Timeout:      300.000 sec
                                                Deff Tolerance:          0.002 inch
   SG N2:                   0.967               Initial N2 Flow:         0.100 m3/s
                                                Report Interval:         1.000 sec
   
   Barometer at Process Start: 1012 mBar
   Barometer at Process End:   1013 mBar
   
   
   LEAKTEST DETAIL DATA
   -------------------------------------------------------------------------------------------
      Time       TestTime        Baro       N2 Flow    N2 Press     N2 Temp  
                                             (lpm)       (kPa)      (deg C)  
    10:10:07       0.000         1012        0.100       13.25     24.66403  
    10:10:07       0.750         1012        0.100       13.25     25.40007  
    10:10:08       1.016         1013        0.100       13.25     25.27104  
    10:10:09       2.016         1012        0.100       13.25     25.09798  
    10:10:10       3.016         1012        0.100       13.25     24.96669  
    10:10:11       4.016         1013        0.100       13.25      24.6601  
    10:10:12       5.016         1012        0.100       13.25     24.75594  
    10:10:13       6.016         1012        0.100       13.25     24.60232  
    10:10:14       7.016         1012        0.100       13.25     25.37706  
    10:10:15       8.016         1013        0.100       13.25     25.14346  
    10:10:16       9.016         1012        0.100       13.25     24.91617  
    10:10:17      10.016         1012        0.100       13.25     25.11983  
    10:10:18      11.000         1012        0.100       13.25     24.98314  
    10:10:19      12.000         1013        0.100       13.25     25.39631  
    10:10:20      13.000         1012        0.100       13.25     24.70062  
    10:10:21      14.000         1012        0.100       13.25     25.49644  
    10:10:22      15.000         1013        0.100       13.25     24.71642  
    10:10:23      16.000         1013        0.100       13.25     24.90459  
    10:10:24      17.000         1013        0.100       13.25     24.53392  
    10:10:25      18.000         1012        0.100       13.25     25.28676  
    10:10:26      19.000         1012        0.100       13.25      25.0841  
    10:10:27      20.000         1013        0.100       13.25     25.10938  
    10:10:28      21.000         1012        0.100       13.25     25.04133  
    10:10:29      22.000         1012        0.100       13.25     24.80374  
    10:10:30      23.000         1013        0.100       13.25     24.63336  
    10:10:31      24.000         1013        0.100       13.25     24.51052  
    10:10:32      25.000         1012        0.100       13.25     24.81736  
    10:10:33      26.000         1012        0.100       13.25     25.45303  
    10:10:34      27.000         1012        0.100       13.25     24.57571  
    10:10:35      28.000         1012        0.100       13.25     24.57243  
    10:10:36      29.000         1012        0.100       13.25     25.03813  
    10:10:37      30.000         1013        0.100       13.25     24.66901  
    10:10:38      31.000         1012        0.100       13.25     25.09226  
    10:10:39      32.000         1013        0.100       13.25     24.76476  
    10:10:40      33.000         1013        0.100       13.25     24.79849  
    10:10:41      34.000         1012        0.100       13.25     25.05404  
    10:10:42      35.000         1012        0.100       13.25     24.69742  
    10:10:43      36.000         1013        0.100       13.25     24.84605  
    10:10:44      37.000         1012        0.100       13.25     24.56629  
    10:10:45      38.000         1013        0.100       13.25     24.74814  
    10:10:46      39.000         1012        0.100       13.25     25.21156  
    10:10:47      40.000         1013        0.100       13.25     25.35326  
    10:10:48      41.000         1013        0.100       13.25     25.07215  
    10:10:49      42.000         1012        0.100       13.25     24.73598  
    10:10:50      43.000         1013        0.100       13.25     24.50735  
    10:10:51      44.000         1012        0.100       13.25     24.77923  
    10:10:52      45.000         1012        0.100       13.25     25.41086  
    10:10:53      46.016         1012        0.100       13.25     24.80314  
    10:10:54      47.016         1012        0.100       13.25     25.02383  
    10:10:55      48.016         1013        0.100       13.25     24.82613  
    10:10:56      49.016         1013        0.100       13.25     24.96807  
    10:10:57      50.000         1013        0.100       13.25     25.37568  
    10:10:58      51.000         1013        0.100       13.25     25.16757  
    10:10:59      52.000         1012        0.100       13.25     24.55115  
    10:11:00      53.000         1012        0.100       13.25      24.6314  
    10:11:01      54.000         1012        0.100       13.25      25.4196  
    10:11:02      55.000         1013        0.100       13.25     24.95328  
    10:11:03      56.000         1013        0.100       13.25      24.5276  
    10:11:04      57.000         1013        0.100       13.25     25.19467  
    10:11:05      58.000         1012        0.100       13.25     25.17139  
    10:11:06      59.000         1012        0.100       13.25     25.08414  
    10:11:07      60.000         1012        0.100       13.25     24.92721  
    10:11:08      61.000         1013        0.100       13.25     24.81047  
    10:11:09      62.000         1012        0.100       13.25      24.6712  
    10:11:10      63.000         1012        0.100       13.25     25.14195  
    10:11:11      64.000         1012        0.100       13.25     25.10478  
    10:11:12      65.000         1012        0.100       13.25     24.86697  
    10:11:13      66.000         1012        0.100       13.25      24.7662  
    10:11:14      67.000         1013        0.100       13.25     24.93996  
    10:11:15      68.000         1013        0.100       13.25     24.76734  
    10:11:16      69.000         1013        0.100       13.25     25.27483  
    10:11:17      70.000         1012        0.100       13.25     24.52254  
    10:11:18      71.000         1013        0.100       13.25     25.29092  
    10:11:19      72.000         1012        0.100       13.25     24.72351  
    10:11:20      73.000         1013        0.100       13.25     25.05387  
    10:11:21      74.000         1012        0.100       13.25      25.3443  
    10:11:22      75.000         1012        0.100       13.25      25.4833  
    10:11:23      76.000         1012        0.100       13.25     24.74917  
    10:11:24      77.000         1012        0.100       13.25     25.44554  
    10:11:25      78.000         1012        0.100       13.25     24.75153  
    10:11:26      79.000         1013        0.100       13.25     24.89793  
    10:11:27      80.031         1013        0.100       13.25     25.20823  
    10:11:28      81.000         1012        0.100       13.25     25.28999  
    10:11:29      82.000         1012        0.100       13.25     24.77629  
    10:11:30      83.000         1013        0.100       13.25     24.67491  
    10:11:31      84.000         1013        0.100       13.25     24.92316  
    10:11:32      85.000         1013        0.100       13.25     24.66312  
    10:11:33      86.000         1012        0.100       13.25      24.6108  
    10:11:34      87.000         1012        0.100       13.25     24.76768  
    10:11:35      88.000         1012        0.100       13.25     25.01772  
    10:11:36      89.000         1013        0.100       13.25     24.94771  
    10:11:37      90.000         1012        0.100       13.25     24.64776  
    10:11:38      91.000         1012        0.100       13.25     25.11228  
    10:11:39      92.000         1013        0.100       13.25     24.63114  
    10:11:40      93.000         1013        0.100       13.25      25.4803  
    10:11:41      94.000         1013        0.100       13.25     24.71795  
    10:11:42      95.000         1012        0.100       13.25     24.69979  
    10:11:43      96.000         1012        0.100       13.25     24.54442  
    10:11:44      97.000         1012        0.100       13.25      24.6133  
    10:11:45      98.000         1013        0.100       13.25     24.75386  
    10:11:46      99.000         1013        0.100       13.25     24.70793  
    10:11:47      100.000        1012        0.100       13.25      24.5692  
    10:11:48      101.016        1013        0.100       13.25     25.21589  
    10:11:49      102.016        1012        0.100       13.25     25.15988  
    10:11:50      103.016        1013        0.100       13.25     25.35261  
    10:11:51      104.016        1012        0.100       13.25     24.66762  
    10:11:52      105.016        1013        0.100       13.25     24.78972  
    10:11:53      106.016        1012        0.100       13.25     24.69217  
    10:11:54      107.016        1012        0.100       13.25     25.02775  
    10:11:55      108.016        1013        0.100       13.25     25.02655  
    10:11:56      109.016        1013        0.100       13.25     25.24708  
    10:11:57      110.000        1013        0.100       13.25     25.37509  
    10:11:58      111.031        1013        0.100       13.25     24.56396  
    10:11:59      112.031        1012        0.100       13.25     24.96691  
    10:12:00      113.031        1013        0.100       13.25     24.57181  
    10:12:01      114.031        1013        0.100       13.25     25.06452  
    10:12:02      115.031        1013        0.100       13.25     24.94581  
    10:12:03      116.031        1012        0.100       13.25     24.58126  
    10:12:04      117.031        1013        0.100       13.25     24.79953  
    10:12:05      118.031        1013        0.100       13.25     25.19084  
    10:12:06      119.031        1013        0.100       13.25     24.66028  
    10:12:07      120.031        1013        0.100       13.25     25.25188  
    10:12:08      121.031        1012        0.100       13.25     25.15258  
    10:12:09      122.031        1012        0.100       13.25     25.18053  
    10:12:10      123.031        1012        0.100       13.25     24.52178  
    10:12:11      124.031        1012        0.100       13.25     24.78436  
    10:12:12      125.031        1012        0.100       13.25     25.07673  
    10:12:13      126.031        1012        0.100       13.25     25.20444  
    10:12:14      127.031        1012        0.100       13.25     24.53518  
    10:12:15      128.031        1012        0.100       13.25     25.31464  
    10:12:16      129.031        1012        0.100       13.25     25.11479  
    10:12:17      130.031        1012        0.100       13.25     24.56208  
    10:12:18      131.000        1012        0.100       13.25     24.67089  
    10:12:19      132.000        1012        0.100       13.25      25.3388  
    10:12:20      133.000        1013        0.100       13.25     25.47147  
    10:12:21      134.000        1013        0.100       13.25     25.40138  
    10:12:22      135.000        1012        0.100       13.25     25.45469  
    10:12:23      136.000        1013        0.100       13.25      25.0634  
    10:12:24      137.000        1012        0.100       13.25     25.16379  
    10:12:25      138.000        1012        0.100       13.25     25.00804  
    10:12:26      139.000        1013        0.100       13.25     24.87895  
    10:12:27      140.000        1012        0.100       13.25     25.45983  
    10:12:28      141.047        1012        0.100       13.25     25.39048  
    10:12:29      142.000        1013        0.100       13.25     24.92338  
    10:12:30      143.000        1013        0.100       13.25     24.53781  
    10:12:31      144.000        1013        0.100       13.25      24.9864  
    10:12:32      145.000        1012        0.100       13.25     25.20813  
    10:12:33      146.000        1013        0.100       13.25     25.24706  
    10:12:34      147.000        1012        0.100       13.25     25.39103  
    10:12:35      148.000        1012        0.100       13.25      24.5998  
    10:12:36      149.000        1012        0.100       13.25     25.47373  
    10:12:37      150.000        1012        0.100       13.25     25.43171  
    10:12:38      151.016        1012        0.100       13.25      25.2309  
    10:12:39      152.016        1012        0.100       13.25     25.24637  
    10:12:40      153.016        1012        0.100       13.25     24.94402  
    10:12:41      154.016        1013        0.100       13.25     25.09094  
    10:12:42      155.016        1012        0.100       13.25     25.22513  
    10:12:43      156.016        1012        0.100       13.25     25.34853  
    10:12:44      157.016        1013        0.100       13.25     25.23941  
    10:12:45      158.016        1012        0.100       13.25     25.32046  
    10:12:46      159.016        1012        0.100       13.25     24.73469  
    10:12:47      160.016        1013        0.100       13.25     24.97656  
    10:12:48      161.016        1013        0.100       13.25     25.34994  
    10:12:49      162.016        1013        0.100       13.25     25.12014  
    10:12:50      163.016        1012        0.100       13.25     25.25114  
    10:12:51      164.016        1013        0.100       13.25     24.71728  
    10:12:52      165.016        1012        0.100       13.25      25.436   
    10:12:53      166.016        1012        0.100       13.25     24.98515  
    10:12:54      167.016        1012        0.100       13.25     24.53317  
    10:12:55      168.016        1013        0.100       13.25     24.64646  
    10:12:56      169.016        1012        0.100       13.25     24.74772  
    10:12:57      170.016        1013        0.100       13.25     24.87762  
    10:12:58      171.016        1012        0.100       13.25     25.05067  
    10:12:59      172.016        1013        0.100       13.25     24.79747  
    10:13:00      173.016        1012        0.100       13.25      24.6326  
    10:13:01      174.016        1013        0.100       13.25     25.37482  
    10:13:02      175.016        1012        0.100       13.25     24.80619  
    10:13:03      176.016        1013        0.100       13.25     25.29667  
    10:13:04      177.016        1013        0.100       13.25     25.33617  
    10:13:05      178.016        1013        0.100       13.25     25.30022  
    10:13:06      179.016        1013        0.100       13.25      24.8277  
    10:13:07      180.016        1013        0.100       13.25     25.04823  
    10:13:08      181.016        1012        0.100       13.25      24.8288  
    10:13:09      182.016        1012        0.100       13.25     25.06501  
    10:13:10      183.016        1013        0.100       13.25      24.8772  
    10:13:11      184.016        1012        0.100       13.25     24.82452  
    10:13:12      185.016        1012        0.100       13.25     25.35376  
    10:13:13      186.016        1012        0.100       13.25      24.9193  
    10:13:14      187.016        1012        0.100       13.25     24.65128  
    10:13:15      188.016        1012        0.100       13.25     24.61921  
    10:13:16      189.016        1013        0.100       13.25     25.11529  
    10:13:17      190.016        1012        0.100       13.25      24.6643  
    10:13:18      191.016        1012        0.100       13.25     25.35245  
    10:13:19      192.016        1013        0.100       13.25     24.60181  
    10:13:20      193.016        1012        0.100       13.25     25.27627  
    10:13:21      194.016        1012        0.100       13.25     25.31576  
    10:13:22      195.016        1012        0.100       13.25     24.56145  
    10:13:23      196.016        1013        0.100       13.25     25.36469  
    10:13:23      196.094        1012        0.100       13.25     24.64199  
   
   
   ALARM DATA
   (none)
   
   OUT OF TOLERANCE DATA
   Date / Time                Comment
   16 Dec 2019  10:10:42    Nitrogen Flow OOT (SP=0.000 PV=0.002)
   
   
   EVENT LOG DATA
   Date / Time                Comment
   16 Dec 2019  10:13:24    Recipe completed.
   
   16 Dec 2019  10:13:23    JOB COMPLETED NORMALLY
   
   CHECKED BY: ________________________________________
