                                          In House Testing
                                       Auburn Hills, Michigan
                                   CANISTER PRECONDITIONING SYSTEM
   
                                           DETAIL REPORT
   
   Job Number:    000027                        RemTaskID  :   
   Station Description:       CLB 
   Stn SysID:     CLB                           Stn Abreviation:   2
   Station:       2                             Vehicle No.:   
   Shift:         1                             Engineer:      
   Start Time:    16 Dec 2019  09:23:34         Start Op:      
   End Time:      16 Dec 2019  09:27:15         End Op:        
   Canister ID:   in vehicle
   Can Volume:    0.00 Liters                   Can Work Cap:  0.00 Grams
   
   COMMENTS:
   (None)
   
   
   LEAKTEST SETUP
   -------------------------------------------------------------------------------------------
   Target Pressure:         2.000 kPa           Pressure Tolerance:      1.000 kPa
   Deff Hold Duration:      180.000 sec         Press Hold Duration:     10.000 sec
                                                Timeout:                 1234.000 sec
                                                Pressurize Timeout:      300.000 sec
                                                Deff Tolerance:          0.002 inch
   SG N2:                   0.967               Initial N2 Flow:         0.100 m3/s
                                                Report Interval:         1.000 sec
   
   Barometer at Process Start: 1012 mBar
   Barometer at Process End:   1012 mBar
   
   
   LEAKTEST DETAIL DATA
   -------------------------------------------------------------------------------------------
      Time       TestTime        Baro       N2 Flow    N2 Press     N2 Temp  
                                             (lpm)       (kPa)      (deg C)  
    09:23:34       0.000         1012        0.100       13.25      25.3905  
    09:25:06      92.531         1012        0.100       13.25     25.10455  
    09:25:06      92.781         1013        0.100       13.25     24.97937  
    09:25:06      92.875         1012        0.100       13.25     24.70282  
    09:25:07      93.047         1012        0.100       13.25     25.05943  
    09:25:12      98.093         1012        0.100       13.25     25.11983  
    09:25:12      98.156         1012        0.100       13.25     25.11983  
    09:25:12      98.218         1012        0.100       13.25     25.09312  
    09:25:13      98.265         1013        0.100       13.25     24.75573  
    09:25:13      99.390         1013        0.100       13.25     24.75573  
    09:25:13      99.453         1012        0.100       13.25     24.62166  
    09:25:13      99.515         1013        0.100       13.25     25.25871  
    09:25:13      99.578         1012        0.100       13.25     25.27461  
    09:25:13      99.640         1012        0.100       13.25     25.27461  
    09:25:13      99.703         1013        0.100       13.25     24.76834  
    09:25:14      99.734         1013        0.100       13.25     24.96968  
    09:25:14      100.672        1013        0.100       13.25     24.96968  
    09:25:14      100.734        1013        0.100       13.25     24.51001  
    09:25:14      100.843        1013        0.100       13.25     24.90056  
    09:25:40      126.593        1013        0.100       13.25     24.86525  
    09:25:40      126.656        1013        0.100       13.25     25.44944  
    09:25:40      126.718        1013        0.100       13.25     25.44944  
    09:25:40      126.781        1013        0.100       13.25      24.8456  
    09:25:41      126.828        1013        0.100       13.25     25.45753  
    09:25:41      127.578        1013        0.100       13.25     25.45753  
    09:25:41      127.640        1012        0.100       13.25     24.72864  
    09:25:41      127.703        1012        0.100       13.25      25.4642  
    09:25:41      127.765        1013        0.100       13.25     24.76036  
    09:25:41      127.828        1013        0.100       13.25     24.76036  
    09:26:30      176.062        1013        0.100       13.25      25.2403  
    09:26:30      176.297        1013        0.100       13.25     24.84852  
    09:26:30      176.562        1012        0.100       13.25     24.98752  
    09:26:30      176.625        1013        0.100       13.25     24.60218  
    09:26:30      176.687        1013        0.100       13.25     24.60218  
    09:26:30      176.750        1013        0.100       13.25     24.69316  
    09:26:30      176.812        1012        0.100       13.25     25.32997  
    09:26:30      176.875        1012        0.100       13.25     25.30616  
    09:26:30      176.937        1012        0.100       13.25     25.30616  
    09:26:30      177.015        1013        0.100       13.25     25.25033  
    09:26:31      177.078        1013        0.100       13.25     24.62789  
    09:26:31      177.140        1012        0.100       13.25     25.09563  
    09:26:31      177.203        1012        0.100       13.25     24.88316  
    09:26:31      177.265        1012        0.100       13.25     24.88316  
    09:26:31      177.328        1012        0.100       13.25     24.70062  
    09:26:31      177.390        1013        0.100       13.25     24.87589  
    09:26:31      177.453        1013        0.100       13.25     25.08588  
    09:26:31      177.515        1013        0.100       13.25     25.08588  
    09:26:31      177.578        1012        0.100       13.25     24.80513  
    09:26:31      177.640        1012        0.100       13.25     24.90465  
    09:26:31      177.703        1013        0.100       13.25      25.2098  
    09:26:31      177.765        1013        0.100       13.25      25.2098  
    09:26:31      177.828        1013        0.100       13.25     25.09657  
    09:26:31      177.890        1013        0.100       13.25     24.76123  
    09:26:31      177.953        1013        0.100       13.25     24.84234  
    09:26:31      178.015        1013        0.100       13.25     24.84234  
    09:26:32      178.078        1012        0.100       13.25      24.872   
    09:26:32      178.140        1013        0.100       13.25      25.1628  
    09:26:32      178.203        1012        0.100       13.25     25.34001  
    09:26:32      178.265        1012        0.100       13.25     25.34001  
    09:26:32      178.328        1012        0.100       13.25     24.75632  
    09:26:32      178.390        1012        0.100       13.25     25.49644  
    09:26:32      178.453        1013        0.100       13.25     24.91827  
    09:26:32      178.515        1013        0.100       13.25     24.91827  
    09:26:32      178.578        1013        0.100       13.25     24.57633  
    09:26:32      178.640        1013        0.100       13.25     24.63625  
    09:26:32      178.703        1013        0.100       13.25     24.63625  
    09:26:32      178.765        1013        0.100       13.25     25.28059  
    09:26:32      178.828        1013        0.100       13.25     25.20475  
    09:26:32      178.890        1012        0.100       13.25      24.7482  
    09:26:32      178.953        1012        0.100       13.25      24.7482  
    09:26:32      179.015        1012        0.100       13.25     24.95327  
    09:26:33      179.078        1013        0.100       13.25     25.40724  
    09:26:33      179.140        1012        0.100       13.25     24.93134  
    09:26:33      179.203        1012        0.100       13.25     24.93134  
    09:26:33      179.265        1012        0.100       13.25     25.42367  
    09:26:33      179.328        1012        0.100       13.25     24.64434  
    09:26:33      179.390        1013        0.100       13.25     24.71642  
    09:26:33      179.453        1013        0.100       13.25     24.71642  
    09:26:33      179.515        1013        0.100       13.25     25.18391  
    09:26:33      179.578        1012        0.100       13.25     24.75772  
    09:26:33      179.640        1012        0.100       13.25     24.75772  
    09:26:33      179.703        1013        0.100       13.25     25.34659  
    09:26:33      179.765        1013        0.100       13.25     24.62726  
    09:26:33      179.828        1012        0.100       13.25     24.58449  
    09:26:33      179.890        1012        0.100       13.25     24.58449  
    09:26:33      179.953        1013        0.100       13.25     25.03909  
    09:26:33      180.015        1013        0.100       13.25     24.88175  
    09:26:34      180.078        1013        0.100       13.25     25.30986  
    09:26:34      180.140        1013        0.100       13.25     25.30986  
    09:26:34      180.203        1013        0.100       13.25     24.90058  
    09:26:34      180.265        1013        0.100       13.25     25.48722  
    09:26:34      180.328        1012        0.100       13.25     24.99048  
    09:26:34      180.390        1012        0.100       13.25     24.99048  
    09:26:34      180.453        1012        0.100       13.25     25.10718  
    09:26:34      180.515        1013        0.100       13.25     24.90459  
    09:26:34      180.578        1013        0.100       13.25     25.29906  
    09:26:34      180.640        1013        0.100       13.25     25.29906  
    09:26:34      180.703        1012        0.100       13.25     25.31675  
    09:26:34      180.765        1013        0.100       13.25      25.2069  
    09:26:34      180.828        1012        0.100       13.25     25.48317  
    09:26:34      180.890        1012        0.100       13.25     25.48317  
    09:26:34      180.953        1012        0.100       13.25     24.94599  
    09:26:34      181.015        1012        0.100       13.25     24.64225  
    09:26:35      181.078        1012        0.100       13.25     24.56331  
    09:26:35      181.140        1012        0.100       13.25     24.56331  
    09:26:35      181.203        1012        0.100       13.25     24.99661  
    09:26:35      181.265        1013        0.100       13.25     24.72067  
    09:26:35      181.328        1013        0.100       13.25     25.37073  
    09:26:35      181.390        1013        0.100       13.25     25.37073  
    09:26:35      181.453        1013        0.100       13.25     25.06917  
    09:26:35      181.515        1013        0.100       13.25     24.88822  
    09:26:35      181.578        1013        0.100       13.25     24.53392  
    09:26:35      181.640        1013        0.100       13.25     24.53392  
    09:26:35      181.703        1012        0.100       13.25     25.26237  
    09:26:35      181.765        1012        0.100       13.25     25.26237  
    09:26:35      181.828        1012        0.100       13.25     24.97759  
    09:26:35      181.890        1012        0.100       13.25     24.54367  
    09:26:35      181.953        1012        0.100       13.25     24.54367  
    09:26:35      182.015        1012        0.100       13.25     24.96162  
    09:26:36      182.078        1012        0.100       13.25     25.41818  
    09:26:36      182.140        1012        0.100       13.25     24.57391  
    09:26:36      182.203        1012        0.100       13.25     24.57391  
    09:26:36      182.265        1013        0.100       13.25      25.4004  
    09:26:36      182.328        1013        0.100       13.25     24.54155  
    09:26:36      182.390        1013        0.100       13.25     24.51439  
    09:26:36      182.453        1013        0.100       13.25     24.51439  
    09:26:36      182.515        1012        0.100       13.25     25.09757  
    09:26:36      182.578        1013        0.100       13.25     25.30699  
    09:26:36      182.640        1013        0.100       13.25     25.32027  
    09:26:36      182.703        1013        0.100       13.25     25.32027  
    09:26:36      182.765        1012        0.100       13.25     25.28676  
    09:26:36      182.843        1012        0.100       13.25     25.28676  
    09:26:36      182.906        1012        0.100       13.25     24.91399  
    09:26:36      182.968        1013        0.100       13.25     25.13251  
    09:26:37      183.031        1013        0.100       13.25     25.13251  
    09:26:37      183.093        1012        0.100       13.25     24.65002  
    09:26:37      183.156        1012        0.100       13.25     25.26503  
    09:26:37      183.218        1013        0.100       13.25     24.93644  
    09:26:37      183.281        1013        0.100       13.25     24.93644  
    09:26:37      183.343        1012        0.100       13.25     24.62593  
    09:26:37      183.406        1012        0.100       13.25     25.23557  
    09:26:37      183.468        1013        0.100       13.25     24.75723  
    09:26:37      183.531        1013        0.100       13.25     24.75723  
    09:26:37      183.593        1013        0.100       13.25     25.29791  
    09:26:37      183.656        1013        0.100       13.25     24.52546  
    09:26:37      183.718        1013        0.100       13.25     25.43112  
    09:26:37      183.781        1013        0.100       13.25     25.43112  
    09:26:37      183.843        1012        0.100       13.25      25.0841  
    09:26:37      183.906        1012        0.100       13.25      25.0841  
    09:26:37      183.968        1012        0.100       13.25      25.273   
    09:26:37      184.031        1012        0.100       13.25     24.91796  
    09:26:38      184.093        1012        0.100       13.25     24.78712  
    09:26:38      184.156        1012        0.100       13.25     24.78712  
    09:26:38      184.218        1012        0.100       13.25     25.06346  
    09:26:38      184.281        1012        0.100       13.25     25.44979  
    09:26:38      184.343        1012        0.100       13.25      24.8483  
    09:26:38      184.406        1012        0.100       13.25      24.8483  
    09:26:38      184.468        1013        0.100       13.25     24.84724  
    09:26:38      184.531        1012        0.100       13.25     24.74456  
    09:26:38      184.593        1013        0.100       13.25      25.1517  
    09:26:38      184.656        1013        0.100       13.25      25.1517  
    09:26:38      184.718        1012        0.100       13.25     25.17871  
    09:26:38      184.781        1013        0.100       13.25     25.19513  
    09:26:38      184.843        1012        0.100       13.25     25.39247  
    09:26:38      184.906        1012        0.100       13.25     25.39247  
    09:26:38      184.984        1013        0.100       13.25     25.10938  
    09:26:39      185.047        1012        0.100       13.25     24.69819  
    09:26:39      185.109        1012        0.100       13.25     24.75141  
    09:26:39      185.172        1012        0.100       13.25     24.75141  
    09:26:39      185.234        1013        0.100       13.25     24.72247  
    09:26:39      185.297        1013        0.100       13.25     25.38258  
    09:26:39      185.359        1012        0.100       13.25     25.48188  
    09:26:39      185.422        1012        0.100       13.25     25.48188  
    09:26:39      185.484        1013        0.100       13.25     25.32044  
    09:26:39      185.547        1012        0.100       13.25      25.3844  
    09:26:39      185.609        1012        0.100       13.25     24.53204  
    09:26:39      185.672        1012        0.100       13.25     24.53204  
    09:26:39      185.734        1013        0.100       13.25     24.50043  
    09:26:39      185.797        1012        0.100       13.25     25.38729  
    09:26:39      185.859        1012        0.100       13.25     24.69705  
    09:26:39      185.922        1012        0.100       13.25     24.69705  
    09:26:39      185.984        1012        0.100       13.25     25.04133  
    09:26:40      186.047        1012        0.100       13.25     25.04133  
    09:26:40      186.109        1012        0.100       13.25     25.47935  
    09:26:40      186.172        1013        0.100       13.25     25.16452  
    09:26:40      186.234        1013        0.100       13.25     24.63251  
    09:26:40      186.297        1013        0.100       13.25     24.63251  
    09:26:40      186.359        1012        0.100       13.25     24.98877  
    09:26:41      187.031        1012        0.100       13.25     24.80374  
    09:26:41      188.031        1013        0.100       13.25     25.32792  
    09:26:59      205.484        1012        0.100       13.25     25.00775  
    09:26:59      205.703        1013        0.100       13.25     25.25529  
    09:26:59      205.765        1013        0.100       13.25     25.25529  
    09:26:59      205.828        1012        0.100       13.25     24.76561  
    09:26:59      205.890        1013        0.100       13.25      24.6836  
    09:26:59      205.953        1012        0.100       13.25     24.67965  
    09:27:01      207.812        1012        0.100       13.25     24.67965  
    09:27:01      207.875        1012        0.100       13.25     25.41137  
    09:27:01      207.937        1012        0.100       13.25     25.12324  
    09:27:01      208.000        1012        0.100       13.25     24.65083  
    09:27:02      208.062        1012        0.100       13.25     24.65083  
    09:27:02      208.125        1013        0.100       13.25     25.41382  
    09:27:02      208.187        1013        0.100       13.25     25.41382  
    09:27:05      211.953        1013        0.100       13.25     25.41382  
    09:27:05      212.015        1013        0.100       13.25     24.51052  
    09:27:06      212.078        1013        0.100       13.25     24.51052  
    09:27:06      212.140        1012        0.100       13.25     24.99585  
    09:27:06      212.234        1013        0.100       13.25     25.16473  
    09:27:06      212.297        1013        0.100       13.25      25.0614  
    09:27:06      212.375        1012        0.100       13.25     25.19868  
    09:27:06      212.437        1013        0.100       13.25     25.36216  
    09:27:06      212.500        1012        0.100       13.25      25.4733  
    09:27:06      212.562        1012        0.100       13.25      25.4733  
    09:27:06      212.625        1013        0.100       13.25     25.43163  
    09:27:08      214.062        1013        0.100       13.25     25.10323  
    09:27:08      214.125        1012        0.100       13.25     24.68619  
    09:27:11      217.234        1012        0.100       13.25     24.81736  
    09:27:11      217.343        1012        0.100       13.25     25.41266  
    09:27:11      217.406        1012        0.100       13.25     25.41266  
    09:27:14      220.890        1012        0.100       13.25     25.06385  
    09:27:15      221.093        1012        0.100       13.25     24.53256  
    09:27:15      221.156        1013        0.100       13.25     25.18488  
    09:27:15      221.218        1013        0.100       13.25     24.51922  
   
   
   ALARM DATA
   (none)
   
   OUT OF TOLERANCE DATA
   (none)
   
   
   EVENT LOG DATA
   Date / Time                Comment
   16 Dec 2019  09:27:15    Recipe completed.
   
   16 Dec 2019  09:27:15    << JOB COMPLETED ABNORMALLY >>
   
   CHECKED BY: ________________________________________
