                                          In House Testing
                                       Auburn Hills, Michigan
                                   CANISTER PRECONDITIONING SYSTEM
   
                                           SUMMARY REPORT
   
   Job Number:    000046                        RemTaskID  :   
   Station Description:       CLB 
   Stn SysID:     CLB                           Stn Abreviation:   2
   Station:       2                             Vehicle No.:   
   Shift:         1                             Engineer:      
   Start Time:    16 Dec 2019  14:15:48         Start Op:      
   End Time:      16 Dec 2019  14:19:05         End Op:        
   Canister ID:   in vehicle
   Can Volume:    0.00 Liters                   Can Work Cap:  0.00 Grams
   
   COMMENTS:
   (None)
   
   
   LEAKTEST SETUP
   -------------------------------------------------------------------------------------------
   Target Pressure:         2.000 kPa           Pressure Tolerance:      1.000 kPa
   Deff Hold Duration:      180.000 sec         Press Hold Duration:     10.000 sec
                                                Timeout:                 1234.000 sec
                                                Pressurize Timeout:      180.000 sec
                                                Deff Tolerance:          0.002 inch
   SG N2:                   0.967               Initial N2 Flow:         0.100 m3/s
                                                Report Interval:         1.000 sec
   
   Barometer at Process Start: 1012 mBar
   Barometer at Process End:   1012 mBar
   
   LEAKTEST SUMMARY
   -------------------------------------------------------------------------------------------
   Time        Eff. Dia.   Atm. Press  N2 Press    N2 Flow     N2 Temp     Comment
               (inches)    (kPa)       (kPa)       (m2/s)      (deg K)
   14:15:49    1.37097     101.2772    114.5272    0.100       297.873     Start LeakTest
   14:16:02    1.37103     101.186     114.436     0.100       298.25      Press at Target & Sta
   ble
   14:19:04    1.37117     101.2296    114.4796    0.100       298.028     Effective Diameter St
   able
   
   ALARM DATA
   (none)
   
   OUT OF TOLERANCE DATA
   Date / Time                Comment
   16 Dec 2019  14:16:24    Nitrogen Flow OOT (SP=0.000 PV=0.002)
   
   
   EVENT LOG DATA
   Date / Time                Comment
   16 Dec 2019  14:19:06    Recipe completed.
   
   16 Dec 2019  14:19:05    JOB COMPLETED NORMALLY
   
   CHECKED BY: ________________________________________
