                                          In House Testing
                                       Auburn Hills, Michigan
                                   CANISTER PRECONDITIONING SYSTEM
   
                                           SUMMARY REPORT
   
   Job Number:    000044                        RemTaskID  :   
   Station Description:       CLB 
   Stn SysID:     CLB                           Stn Abreviation:   2
   Station:       2                             Vehicle No.:   
   Shift:         1                             Engineer:      
   Start Time:    16 Dec 2019  14:06:59         Start Op:      
   End Time:      16 Dec 2019  14:10:14         End Op:        
   Canister ID:   in vehicle
   Can Volume:    0.00 Liters                   Can Work Cap:  0.00 Grams
   
   COMMENTS:
   (None)
   
   
   LEAKTEST SETUP
   -------------------------------------------------------------------------------------------
   Target Pressure:         2.000 kPa           Pressure Tolerance:      1.000 kPa
   Deff Hold Duration:      180.000 sec         Press Hold Duration:     10.000 sec
                                                Timeout:                 1234.000 sec
                                                Pressurize Timeout:      300.000 sec
                                                Deff Tolerance:          0.002 inch
   SG N2:                   0.967               Initial N2 Flow:         0.100 m3/s
                                                Report Interval:         1.000 sec
   
   Barometer at Process Start: 1012 mBar
   Barometer at Process End:   1012 mBar
   
   LEAKTEST SUMMARY
   -------------------------------------------------------------------------------------------
   Time        Eff. Dia.   Atm. Press  N2 Press    N2 Flow     N2 Temp     Comment
               (inches)    (kPa)       (kPa)       (m2/s)      (deg K)
   14:07:00    1.37112     101.279     114.529     0.100       297.796     Start LeakTest
   14:07:12    1.37042     101.2492    114.4992    0.100       297.771     Press at Target & Sta
   ble
   14:07:12    1.37084     101.2423    114.4923    0.100       298.209     Effective Diameter St
   able
   
   ALARM DATA
   (none)
   
   OUT OF TOLERANCE DATA
   Date / Time                Comment
   16 Dec 2019  14:07:34    Nitrogen Flow OOT (SP=0.000 PV=-0.001)
   
   
   EVENT LOG DATA
   Date / Time                Comment
   16 Dec 2019  14:10:48    Recipe completed.
   
   16 Dec 2019  14:10:14    JOB COMPLETED NORMALLY
   
   CHECKED BY: ________________________________________
