                                          In House Testing
                                       Auburn Hills, Michigan
                                   CANISTER PRECONDITIONING SYSTEM
   
                                           DETAIL REPORT
   
   Job Number:    000116                        
   Station Description:       Station #5 
   Stn SysID:     CLE                           Stn Abreviation:   5
   Station:       5                             Vehicle No.:   
   Shift:         1                             Engineer:      
   Start Time:    20 Jan 2020  10:43:19         Start Op:      
   End Time:      20 Jan 2020  10:44:02         End Op:        
   Canister ID:   in vehicle
   Can Volume:    0.00 Liters                   Can Work Cap:  0.00 Grams
   
   COMMENTS:
   (None)
   
   
   LEAKTEST SETUP
   -------------------------------------------------------------------------------------------
   Target Pressure:         2.000 kPa           Pressure Tolerance:      1.000 kPa
   Deff Hold Duration:      4.000 sec           Press Hold Duration:     3.000 sec
                                                Timeout:                 4.000 sec
                                                Pressurize Timeout:      3.000 sec
                                                Deff Tolerance:          0.002 inch
   SG N2:                   0.967               Initial N2 Flow:         0.100 m3/s
                                                Report Interval:         1.000 sec
   
   Barometer at Process Start: 1013 mBar
   Barometer at Process End:   1012 mBar
   
   
   LEAKTEST DETAIL DATA
   -------------------------------------------------------------------------------------------
      Time       TestTime        Baro       N2 Flow    N2 Press     N2 Temp  
                                             (lpm)       (kPa)      (deg C)  
    10:43:19       0.828         1013        0.100       13.25     24.94355  
    10:43:20       1.484         1013        0.100       13.25     24.70686  
    10:43:20       1.843         1012        0.100       13.25     25.48812  
    10:43:21       2.843         1012        0.100       13.25     24.60588  
    10:43:22       3.843         1012        0.100       13.25     24.72567  
    10:43:23       4.843         1013        0.100       13.25      24.9533  
    10:43:24       5.828         1012        0.100       13.25     24.60031  
    10:43:25       6.828         1012        0.100       13.25     24.51943  
    10:43:26       7.828         1012        0.100       13.25     25.26327  
    10:43:27       8.828         1012        0.100       13.25     25.35824  
    10:43:28       9.828         1013        0.100       13.25     24.75605  
    10:43:29      10.859         1012        0.100       13.25     25.36825  
    10:43:30      11.859         1012        0.100       13.25     25.37329  
    10:43:31      12.859         1012        0.100       13.25     24.52149  
    10:43:32      13.859         1013        0.100       13.25     24.71102  
    10:43:33      14.859         1013        0.100       13.25     24.76301  
    10:43:34      15.859         1012        0.100       13.25     25.27332  
    10:43:35      16.828         1012        0.100       13.25     25.45999  
    10:43:36      17.859         1013        0.100       13.25     25.43163  
    10:43:37      18.828         1013        0.100       13.25     25.26271  
    10:43:38      19.828         1013        0.100       13.25      24.5814  
    10:43:39      20.828         1013        0.100       13.25      24.9953  
    10:43:40      21.828         1013        0.100       13.25     25.14915  
    10:43:41      22.828         1013        0.100       13.25     25.19872  
    10:43:42      23.828         1012        0.100       13.25     24.51647  
    10:43:43      24.843         1013        0.100       13.25     24.71268  
    10:43:44      25.843         1012        0.100       13.25     25.20203  
    10:43:45      26.843         1012        0.100       13.25     25.48824  
    10:43:46      27.843         1013        0.100       13.25     25.35135  
    10:43:47      28.843         1013        0.100       13.25     25.10739  
    10:43:48      29.843         1012        0.100       13.25     25.06874  
    10:43:49      30.843         1012        0.100       13.25     25.11005  
    10:43:50      31.843         1012        0.100       13.25     25.16619  
    10:43:51      32.890         1012        0.100       13.25     24.56553  
    10:43:52      33.843         1013        0.100       13.25     25.00725  
    10:43:53      34.843         1012        0.100       13.25     24.72457  
    10:43:54      35.859         1013        0.100       13.25     25.16997  
    10:43:55      36.859         1013        0.100       13.25     24.87265  
    10:43:56      37.843         1012        0.100       13.25     24.75789  
    10:43:57      38.828         1013        0.100       13.25     24.73639  
    10:43:58      39.828         1012        0.100       13.25     25.36165  
    10:43:59      40.859         1012        0.100       13.25     24.72017  
    10:44:00      41.843         1012        0.100       13.25     25.11005  
    10:44:01      42.843         1013        0.100       13.25     24.66632  
    10:44:02      43.843         1012        0.100       13.25     24.68429  
   
   
   ALARM DATA
   (none)
   
   OUT OF TOLERANCE DATA
   Date / Time                Comment
   20 Jan 2020  10:43:54    Nitrogen Flow OOT (SP=0.000 PV=-0.002)
   
   
   EVENT LOG DATA
   Date / Time                Comment
   20 Jan 2020  10:44:03    Recipe completed.
   
   20 Jan 2020  10:44:02    << JOB COMPLETED ABNORMALLY >>
   
   CHECKED BY: ________________________________________
