                                          In House Testing
                                       Auburn Hills, Michigan
                                   CANISTER PRECONDITIONING SYSTEM
   
                                           DETAIL REPORT
   
   Job Number:    000033                        RemTaskID  :   
   Station Description:       CLB 
   Stn SysID:     CLB                           Stn Abreviation:   2
   Station:       2                             Vehicle No.:   
   Shift:         1                             Engineer:      
   Start Time:    16 Dec 2019  09:57:28         Start Op:      
   End Time:      16 Dec 2019  10:00:43         End Op:        
   Canister ID:   in vehicle
   Can Volume:    0.00 Liters                   Can Work Cap:  0.00 Grams
   
   COMMENTS:
   (None)
   
   
   LEAKTEST SETUP
   -------------------------------------------------------------------------------------------
   Target Pressure:         2.000 kPa           Pressure Tolerance:      1.000 kPa
   Deff Hold Duration:      180.000 sec         Press Hold Duration:     10.000 sec
                                                Timeout:                 1234.000 sec
                                                Pressurize Timeout:      300.000 sec
                                                Deff Tolerance:          0.002 inch
   SG N2:                   0.967               Initial N2 Flow:         0.100 m3/s
                                                Report Interval:         1.000 sec
   
   Barometer at Process Start: 1013 mBar
   Barometer at Process End:   1013 mBar
   
   
   LEAKTEST DETAIL DATA
   -------------------------------------------------------------------------------------------
      Time       TestTime        Baro       N2 Flow    N2 Press     N2 Temp  
                                             (lpm)       (kPa)      (deg C)  
    09:57:28       0.250         1013        0.100       13.25     24.93138  
    09:57:29       0.891         1012        0.100       13.25     25.37544  
    09:57:29       1.250         1013        0.100       13.25      25.2056  
    09:57:30       2.250         1013        0.100       13.25     25.21841  
    09:57:31       3.250         1013        0.100       13.25     25.33405  
    09:57:32       4.250         1012        0.100       13.25     24.70564  
    09:57:33       5.250         1012        0.100       13.25     24.73853  
    09:57:34       6.250         1013        0.100       13.25     25.39739  
    09:57:35       7.250         1012        0.100       13.25      25.0955  
    09:57:36       8.250         1012        0.100       13.25     24.89978  
    09:57:37       9.250         1013        0.100       13.25     24.96968  
    09:57:38      10.250         1013        0.100       13.25     24.76036  
    09:57:39      11.250         1013        0.100       13.25     25.25033  
    09:57:40      12.250         1012        0.100       13.25      24.872   
    09:57:41      13.250         1013        0.100       13.25     25.40724  
    09:57:42      14.250         1013        0.100       13.25     24.90058  
    09:57:43      15.250         1013        0.100       13.25     24.72067  
    09:57:44      16.250         1013        0.100       13.25     24.51439  
    09:57:45      17.250         1013        0.100       13.25     24.75723  
    09:57:46      18.250         1013        0.100       13.25      25.1517  
    09:57:47      19.281         1013        0.100       13.25     24.50043  
    09:57:48      20.281         1012        0.100       13.25     25.36945  
    09:57:49      21.250         1013        0.100       13.25     25.48104  
    09:57:50      22.250         1012        0.100       13.25     25.41137  
    09:57:51      23.250         1012        0.100       13.25     24.68619  
    09:57:52      24.250         1013        0.100       13.25     24.51922  
    09:57:53      25.250         1012        0.100       13.25     24.92763  
    09:57:54      26.250         1013        0.100       13.25     24.87464  
    09:57:55      27.250         1013        0.100       13.25     24.55477  
    09:57:56      28.250         1012        0.100       13.25     24.76073  
    09:57:57      29.250         1013        0.100       13.25     25.01839  
    09:57:58      30.250         1013        0.100       13.25     24.82625  
    09:57:59      31.250         1013        0.100       13.25     25.47234  
    09:58:00      32.250         1012        0.100       13.25     25.47697  
    09:58:01      33.250         1012        0.100       13.25     24.52271  
    09:58:02      34.250         1012        0.100       13.25     24.78256  
    09:58:03      35.250         1013        0.100       13.25     25.34694  
    09:58:04      36.250         1012        0.100       13.25     25.43408  
    09:58:05      37.250         1013        0.100       13.25     25.33022  
    09:58:06      38.250         1012        0.100       13.25     25.08353  
    09:58:07      39.250         1012        0.100       13.25      25.2274  
    09:58:08      40.250         1012        0.100       13.25     25.30598  
    09:58:09      41.250         1012        0.100       13.25     24.63049  
    09:58:10      42.250         1013        0.100       13.25      25.1532  
    09:58:11      43.250         1012        0.100       13.25     25.21173  
    09:58:12      44.250         1013        0.100       13.25     24.58028  
    09:58:13      45.250         1012        0.100       13.25     24.81838  
    09:58:14      46.250         1012        0.100       13.25     24.90209  
    09:58:15      47.250         1012        0.100       13.25     24.69591  
    09:58:16      48.250         1013        0.100       13.25     24.88387  
    09:58:17      49.281         1013        0.100       13.25     25.20597  
    09:58:18      50.250         1012        0.100       13.25     25.40207  
    09:58:19      51.250         1012        0.100       13.25     24.67274  
    09:58:20      52.250         1013        0.100       13.25     25.12438  
    09:58:21      53.250         1012        0.100       13.25     25.13037  
    09:58:22      54.250         1012        0.100       13.25     24.97718  
    09:58:23      55.250         1013        0.100       13.25     25.17079  
    09:58:24      56.250         1013        0.100       13.25      25.2488  
    09:58:25      57.250         1012        0.100       13.25     24.88029  
    09:58:26      58.250         1013        0.100       13.25     25.11222  
    09:58:27      59.250         1012        0.100       13.25     24.60642  
    09:58:28      60.250         1012        0.100       13.25      25.3682  
    09:58:29      61.250         1013        0.100       13.25     24.53678  
    09:58:30      62.250         1012        0.100       13.25     25.16453  
    09:58:31      63.250         1013        0.100       13.25      24.8053  
    09:58:32      64.250         1012        0.100       13.25     25.14657  
    09:58:33      65.250         1012        0.100       13.25     24.53925  
    09:58:34      66.250         1012        0.100       13.25     25.28667  
    09:58:35      67.250         1013        0.100       13.25     24.59244  
    09:58:36      68.250         1013        0.100       13.25      25.0133  
    09:58:37      69.250         1013        0.100       13.25     24.68769  
    09:58:38      70.297         1013        0.100       13.25     25.43393  
    09:58:39      71.250         1012        0.100       13.25     25.31026  
    09:58:40      72.250         1012        0.100       13.25      24.697   
    09:58:41      73.250         1012        0.100       13.25     24.70275  
    09:58:42      74.250         1013        0.100       13.25     24.97978  
    09:58:43      75.250         1012        0.100       13.25     24.85958  
    09:58:44      76.250         1012        0.100       13.25     25.24736  
    09:58:45      77.250         1012        0.100       13.25     25.15411  
    09:58:46      78.250         1012        0.100       13.25     24.62364  
    09:58:47      79.266         1013        0.100       13.25     25.14712  
    09:58:48      80.266         1013        0.100       13.25     24.50195  
    09:58:49      81.281         1013        0.100       13.25     24.80757  
    09:58:50      82.281         1012        0.100       13.25     25.26928  
    09:58:51      83.281         1013        0.100       13.25     25.27733  
    09:58:52      84.281         1012        0.100       13.25     25.44393  
    09:58:53      85.281         1013        0.100       13.25     24.86715  
    09:58:54      86.281         1012        0.100       13.25     24.98284  
    09:58:55      87.281         1012        0.100       13.25     24.69802  
    09:58:56      88.281         1012        0.100       13.25     25.10083  
    09:58:57      89.281         1012        0.100       13.25     24.75493  
    09:58:58      90.281         1012        0.100       13.25     24.57015  
    09:58:59      91.266         1013        0.100       13.25     25.44034  
    09:59:00      92.266         1012        0.100       13.25     25.06557  
    09:59:01      93.266         1013        0.100       13.25     25.43257  
    09:59:02      94.266         1012        0.100       13.25     24.76709  
    09:59:03      95.266         1012        0.100       13.25     25.41084  
    09:59:04      96.266         1013        0.100       13.25     24.62662  
    09:59:05      97.266         1012        0.100       13.25     24.67608  
    09:59:06      98.266         1012        0.100       13.25     25.18791  
    09:59:07      99.266         1012        0.100       13.25     24.66304  
    09:59:08      100.266        1013        0.100       13.25     24.81903  
    09:59:09      101.266        1012        0.100       13.25     24.59127  
    09:59:10      102.266        1013        0.100       13.25     24.58445  
    09:59:11      103.266        1013        0.100       13.25     24.65125  
    09:59:12      104.266        1012        0.100       13.25     24.64077  
    09:59:13      105.266        1012        0.100       13.25     24.76595  
    09:59:14      106.266        1012        0.100       13.25     25.39675  
    09:59:15      107.266        1013        0.100       13.25     24.54067  
    09:59:16      108.266        1012        0.100       13.25     25.18595  
    09:59:17      109.250        1012        0.100       13.25     25.41705  
    09:59:18      110.250        1013        0.100       13.25     25.10431  
    09:59:19      111.266        1012        0.100       13.25     24.56808  
    09:59:20      112.266        1012        0.100       13.25     25.36803  
    09:59:21      113.266        1013        0.100       13.25      24.8528  
    09:59:22      114.266        1012        0.100       13.25     24.72945  
    09:59:23      115.266        1013        0.100       13.25     25.34097  
    09:59:24      116.266        1013        0.100       13.25     25.24955  
    09:59:25      117.266        1013        0.100       13.25     24.79357  
    09:59:26      118.266        1013        0.100       13.25     24.83313  
    09:59:27      119.266        1012        0.100       13.25     24.73662  
    09:59:28      120.266        1013        0.100       13.25     25.44189  
    09:59:29      121.266        1012        0.100       13.25     25.34605  
    09:59:30      122.266        1012        0.100       13.25     24.76305  
    09:59:31      123.250        1013        0.100       13.25     24.98472  
    09:59:32      124.250        1013        0.100       13.25     24.89145  
    09:59:33      125.250        1012        0.100       13.25     25.15706  
    09:59:34      126.250        1012        0.100       13.25      24.6076  
    09:59:35      127.250        1013        0.100       13.25     25.08514  
    09:59:36      128.250        1013        0.100       13.25     24.66996  
    09:59:37      129.250        1013        0.100       13.25     24.87538  
    09:59:38      130.250        1012        0.100       13.25      25.2365  
    09:59:39      131.266        1013        0.100       13.25     24.87846  
    09:59:40      132.266        1012        0.100       13.25     25.15351  
    09:59:41      133.266        1012        0.100       13.25     25.10226  
    09:59:42      134.266        1013        0.100       13.25     25.43841  
    09:59:43      135.266        1013        0.100       13.25     25.21462  
    09:59:44      136.266        1013        0.100       13.25     24.90949  
    09:59:45      137.266        1012        0.100       13.25     24.52755  
    09:59:46      138.266        1013        0.100       13.25     25.03164  
    09:59:47      139.250        1012        0.100       13.25     25.09947  
    09:59:48      140.250        1012        0.100       13.25     25.35352  
    09:59:49      141.266        1012        0.100       13.25     24.63291  
    09:59:50      142.266        1012        0.100       13.25     24.95724  
    09:59:51      143.266        1013        0.100       13.25     25.23099  
    09:59:52      144.266        1012        0.100       13.25     24.61863  
    09:59:53      145.266        1012        0.100       13.25     24.83714  
    09:59:54      146.266        1013        0.100       13.25     24.79871  
    09:59:55      147.266        1012        0.100       13.25     24.72484  
    09:59:56      148.266        1012        0.100       13.25     25.36107  
    09:59:57      149.266        1012        0.100       13.25     25.08798  
    09:59:58      150.266        1012        0.100       13.25     25.41549  
    09:59:59      151.266        1012        0.100       13.25     24.96242  
    10:00:00      152.266        1013        0.100       13.25     25.36469  
    10:00:01      153.266        1013        0.100       13.25     24.93744  
    10:00:02      154.266        1012        0.100       13.25     25.25754  
    10:00:03      155.266        1013        0.100       13.25     25.45306  
    10:00:04      156.266        1012        0.100       13.25     24.68988  
    10:00:05      157.266        1012        0.100       13.25     25.02506  
    10:00:06      158.266        1013        0.100       13.25     24.71009  
    10:00:07      159.266        1012        0.100       13.25     24.89925  
    10:00:08      160.266        1012        0.100       13.25      24.8208  
    10:00:09      161.266        1012        0.100       13.25     24.52769  
    10:00:10      162.266        1013        0.100       13.25      25.0464  
    10:00:11      163.266        1012        0.100       13.25     25.49515  
    10:00:12      164.266        1012        0.100       13.25     25.31271  
    10:00:13      165.266        1012        0.100       13.25     24.59185  
    10:00:14      166.266        1012        0.100       13.25     24.90763  
    10:00:15      167.266        1013        0.100       13.25     25.01281  
    10:00:16      168.266        1012        0.100       13.25     25.03192  
    10:00:17      169.281        1012        0.100       13.25     24.56309  
    10:00:18      170.281        1012        0.100       13.25     25.37163  
    10:00:19      171.266        1013        0.100       13.25     24.76652  
    10:00:20      172.266        1013        0.100       13.25      25.3552  
    10:00:21      173.266        1012        0.100       13.25     25.48979  
    10:00:22      174.266        1012        0.100       13.25     25.25652  
    10:00:23      175.266        1013        0.100       13.25      24.8595  
    10:00:24      176.266        1012        0.100       13.25     24.98185  
    10:00:25      177.266        1012        0.100       13.25     24.52366  
    10:00:26      178.266        1012        0.100       13.25     25.11215  
    10:00:27      179.266        1012        0.100       13.25      24.6609  
    10:00:28      180.266        1012        0.100       13.25      25.0749  
    10:00:29      181.281        1012        0.100       13.25     24.96188  
    10:00:30      182.281        1012        0.100       13.25     25.45085  
    10:00:31      183.281        1012        0.100       13.25      24.6261  
    10:00:32      184.281        1012        0.100       13.25     24.74205  
    10:00:33      185.281        1012        0.100       13.25     25.25311  
    10:00:34      186.281        1013        0.100       13.25     25.05833  
    10:00:35      187.281        1012        0.100       13.25      24.9376  
    10:00:36      188.281        1013        0.100       13.25     24.78166  
    10:00:37      189.281        1012        0.100       13.25     24.72476  
    10:00:38      190.281        1013        0.100       13.25     24.87569  
    10:00:39      191.281        1012        0.100       13.25     25.02294  
    10:00:40      192.281        1013        0.100       13.25     24.73392  
    10:00:41      193.281        1012        0.100       13.25     24.71686  
    10:00:42      194.250        1012        0.100       13.25     25.24915  
    10:00:42      194.281        1012        0.100       13.25     25.24915  
   
   
   ALARM DATA
   (none)
   
   OUT OF TOLERANCE DATA
   Date / Time                Comment
   16 Dec 2019  09:58:03    Nitrogen Flow OOT (SP=0.000 PV=0.002)
   
   
   EVENT LOG DATA
   Date / Time                Comment
   16 Dec 2019  10:00:43    Recipe completed.
   
   16 Dec 2019  10:00:43    JOB COMPLETED NORMALLY
   
   CHECKED BY: ________________________________________
