                                          In House Testing
                                       Auburn Hills, Michigan
                                   CANISTER PRECONDITIONING SYSTEM
   
                                           DETAIL REPORT
   
   Job Number:    000121                        
   Station Description:       Station #5 
   Stn SysID:     CLE                           Stn Abreviation:   5
   Station:       5                             Vehicle No.:   
   Shift:         1                             Engineer:      
   Start Time:    22 Jan 2020  13:15:41         Start Op:      
   End Time:      22 Jan 2020  13:16:17         End Op:        
   Canister ID:   in vehicle
   Can Volume:    0.00 Liters                   Can Work Cap:  0.00 Grams
   
   COMMENTS:
   (None)
   
   
   LEAKTEST SETUP
   -------------------------------------------------------------------------------------------
   Target Pressure:         2.000 kPa           Pressure Tolerance:      1.000 kPa
   Deff Hold Duration:      4.000 sec           Press Hold Duration:     3.000 sec
                                                Timeout:                 4.000 sec
                                                Pressurize Timeout:      3.000 sec
                                                Deff Tolerance:          0.002 inch
   SG N2:                   0.967               Initial N2 Flow:         0.100 m3/s
                                                Report Interval:         1.000 sec
   
   Barometer at Process Start: 1012 mBar
   Barometer at Process End:   1012 mBar
   
   
   LEAKTEST DETAIL DATA
   -------------------------------------------------------------------------------------------
      Time       TestTime        Baro       N2 Flow    N2 Press     N2 Temp  
                                             (lpm)       (kPa)      (deg C)  
    13:15:41       0.859         1012        0.100       13.25     24.77164  
    13:15:42       1.641         1012        0.100       13.25     24.60588  
    13:15:42       1.875         1012        0.100       13.25     24.91994  
    13:15:43       2.875         1013        0.100       13.25     25.40716  
    13:15:44       3.875         1012        0.100       13.25     24.90232  
    13:15:45       4.875         1013        0.100       13.25     25.48915  
    13:15:46       5.891         1013        0.100       13.25     24.73162  
    13:15:47       6.859         1012        0.100       13.25     25.13878  
    13:15:48       7.859         1012        0.100       13.25     25.21906  
    13:15:49       8.859         1012        0.100       13.25     25.45346  
    13:15:50       9.859         1012        0.100       13.25     25.01528  
    13:15:51      10.859         1012        0.100       13.25     24.92911  
    13:15:52      11.859         1013        0.100       13.25     25.43112  
    13:15:53      12.859         1012        0.100       13.25     24.90946  
    13:15:54      13.859         1012        0.100       13.25     24.98877  
    13:15:55      14.859         1013        0.100       13.25     25.18803  
    13:15:56      15.859         1012        0.100       13.25     24.67965  
    13:15:57      16.859         1012        0.100       13.25     24.58988  
    13:15:58      17.859         1013        0.100       13.25     24.81972  
    13:15:59      18.859         1012        0.100       13.25     24.75547  
    13:16:00      19.859         1012        0.100       13.25     25.34713  
    13:16:01      20.859         1013        0.100       13.25     25.45257  
    13:16:02      21.859         1012        0.100       13.25     24.52986  
    13:16:03      22.859         1012        0.100       13.25     24.65741  
    13:16:04      23.859         1012        0.100       13.25     25.38521  
    13:16:05      24.875         1012        0.100       13.25     25.41638  
    13:16:06      25.875         1012        0.100       13.25     25.30925  
    13:16:07      26.859         1012        0.100       13.25     24.94666  
    13:16:08      27.859         1012        0.100       13.25     24.70945  
    13:16:09      28.859         1013        0.100       13.25     25.34214  
    13:16:10      29.859         1013        0.100       13.25     24.75602  
    13:16:11      30.859         1013        0.100       13.25     24.79135  
    13:16:12      31.875         1012        0.100       13.25     24.96251  
    13:16:13      32.859         1012        0.100       13.25     25.20676  
    13:16:14      33.859         1012        0.100       13.25      24.7953  
    13:16:15      34.859         1012        0.100       13.25     24.58571  
    13:16:16      35.875         1013        0.100       13.25      25.0586  
    13:16:17      36.859         1012        0.100       13.25     24.71491  
   
   
   ALARM DATA
   (none)
   
   OUT OF TOLERANCE DATA
   Date / Time                Comment
   22 Jan 2020  13:16:16    Nitrogen Flow OOT (SP=0.000 PV=-0.004)
   
   
   EVENT LOG DATA
   Date / Time                Comment
   22 Jan 2020  13:16:18    Recipe completed.
   
   22 Jan 2020  13:16:17    << JOB COMPLETED ABNORMALLY >>
   
   CHECKED BY: ________________________________________
