                                          In House Testing
                                       Auburn Hills, Michigan
                                   CANISTER PRECONDITIONING SYSTEM
   
                                           DETAIL REPORT
   
   Job Number:    000099                        
   Station Description:       Station #5 
   Stn SysID:     CLE                           Stn Abreviation:   5
   Station:       5                             Vehicle No.:   
   Shift:         1                             Engineer:      
   Start Time:    13 Jan 2020  15:18:33         Start Op:      
   End Time:      13 Jan 2020  15:18:46         End Op:        
   Canister ID:   in vehicle
   Can Volume:    0.00 Liters                   Can Work Cap:  0.00 Grams
   
   COMMENTS:
   (None)
   
   
   LEAKTEST SETUP
   -------------------------------------------------------------------------------------------
   Target Pressure:         2.000 kPa           Pressure Tolerance:      1.000 kPa
   Deff Hold Duration:      4.000 sec           Press Hold Duration:     3.000 sec
                                                Timeout:                 4.000 sec
                                                Pressurize Timeout:      3.000 sec
                                                Deff Tolerance:          0.002 inch
   SG N2:                   0.967               Initial N2 Flow:         0.100 m3/s
                                                Report Interval:         1.000 sec
   
   Barometer at Process Start: 1013 mBar
   Barometer at Process End:   1012 mBar
   
   
   LEAKTEST DETAIL DATA
   -------------------------------------------------------------------------------------------
      Time       TestTime        Baro       N2 Flow    N2 Press     N2 Temp  
                                             (lpm)       (kPa)      (deg C)  
    15:18:34       1.016         1012        0.100       13.25     24.97278  
    15:18:34       1.109         1013        0.100       13.25     24.97077  
    15:18:35       2.031         1013        0.100       13.25     25.01477  
    15:18:36       3.031         1012        0.100       13.25     24.74629  
    15:18:37       4.031         1012        0.100       13.25     25.43568  
    15:18:38       5.031         1012        0.100       13.25     25.14187  
    15:18:39       6.031         1012        0.100       13.25     24.50249  
    15:18:40       7.031         1012        0.100       13.25     24.77568  
    15:18:41       8.031         1013        0.100       13.25     24.85546  
    15:18:42       9.016         1012        0.100       13.25     25.06185  
    15:18:43      10.016         1012        0.100       13.25     24.67047  
    15:18:44      11.016         1012        0.100       13.25     24.94015  
    15:18:45      12.016         1013        0.100       13.25     24.96975  
    15:18:45      12.422         1013        0.100       13.25      24.7518  
    15:18:46      13.016         1013        0.100       13.25     25.13463  
   
   
   ALARM DATA
   (none)
   
   OUT OF TOLERANCE DATA
   (none)
   
   
   EVENT LOG DATA
   Date / Time                Comment
   13 Jan 2020  15:18:46    Recipe completed.
   
   13 Jan 2020  15:18:46    JOB COMPLETED NORMALLY
   
   CHECKED BY: ________________________________________
