                                          In House Testing
                                       Auburn Hills, Michigan
                                   CANISTER PRECONDITIONING SYSTEM
   
                                           DETAIL REPORT
   
   Job Number:    000108                        
   Station Description:       Station #5 
   Stn SysID:     CLE                           Stn Abreviation:   5
   Station:       5                             Vehicle No.:   
   Shift:         1                             Engineer:      
   Start Time:    16 Jan 2020  13:36:01         Start Op:      
   End Time:      16 Jan 2020  13:36:12         End Op:        
   Canister ID:   in vehicle
   Can Volume:    0.00 Liters                   Can Work Cap:  0.00 Grams
   
   COMMENTS:
   (None)
   
   
   LEAKTEST SETUP
   -------------------------------------------------------------------------------------------
   Target Pressure:         2.000 kPa           Pressure Tolerance:      1.000 kPa
   Deff Hold Duration:      4.000 sec           Press Hold Duration:     3.000 sec
                                                Timeout:                 4.000 sec
                                                Pressurize Timeout:      3.000 sec
                                                Deff Tolerance:          0.002 inch
   SG N2:                   0.967               Initial N2 Flow:         0.100 m3/s
                                                Report Interval:         1.000 sec
   
   Barometer at Process Start: 1012 mBar
   Barometer at Process End:   1013 mBar
   
   
   LEAKTEST DETAIL DATA
   -------------------------------------------------------------------------------------------
      Time       TestTime        Baro       N2 Flow    N2 Press     N2 Temp  
                                             (lpm)       (kPa)      (deg C)  
    13:36:02       0.735         1012        0.100       13.25     25.26897  
    13:36:03       1.625         1013        0.100       13.25     25.19263  
    13:36:03       1.750         1012        0.100       13.25     25.04868  
    13:36:04       2.750         1012        0.100       13.25      25.0911  
    13:36:05       3.735         1013        0.100       13.25      24.6559  
    13:36:06       4.735         1013        0.100       13.25     25.41298  
    13:36:07       5.735         1012        0.100       13.25      25.2384  
    13:36:08       6.735         1013        0.100       13.25     25.27222  
    13:36:09       7.735         1012        0.100       13.25     24.98114  
    13:36:10       8.750         1013        0.100       13.25     25.13172  
    13:36:11       9.735         1012        0.100       13.25      24.8397  
    13:36:12      10.750         1012        0.100       13.25     24.89085  
   
   
   ALARM DATA
   (none)
   
   OUT OF TOLERANCE DATA
   (none)
   
   
   EVENT LOG DATA
   Date / Time                Comment
   16 Jan 2020  13:36:12    Recipe completed.
   
   16 Jan 2020  13:36:12    << JOB COMPLETED ABNORMALLY >>
   
   CHECKED BY: ________________________________________
