                                          In House Testing
                                       Auburn Hills, Michigan
                                   CANISTER PRECONDITIONING SYSTEM
   
                                           DETAIL REPORT
   
   Job Number:    000047                        RemTaskID  :   
   Station Description:       THIS IS THE FIFTH STATION 
   Stn SysID:     CLA                           Stn Abreviation:   1
   Station:       1                             Vehicle No.:   
   Shift:         1                             Engineer:      
   Start Time:    6 Jan 2020  13:20:54          Start Op:      
   End Time:      6 Jan 2020  13:21:15          End Op:        
   Canister ID:   Canister from Host
   Can Volume:    9.186 Liters                  Can Work Cap:  18.668 Grams
   
   COMMENTS:
   (None)
   
   
   RECIPE DATA
   Recipe Name: test
    
   ------------------------ Number of Cycles: 1 -----------------------
   Cycle Type:              Purge - Load        
   Start Method:            Start without delay 
   Purge Method:            Purge by Time       Load Method:             Load by Time
   Purge Flow Rate:         25.00 slpm          Target Load Rate:        8.0 gm/hr
   Purge Time:              60 seconds          Load Time:               60 seconds
                                                 
                                                Butane Mix Percent:      75.0 % Butane
                                                 
                                                 
                                                 
   Purge Aux Can:           No                   
   Pause after Purge Time:  0.0 minutes         Pause after Load Time:   0.0 minutes
                                                 
                                                 
   Perform Leak Check:      No                  
                                                Use Aux Scale:           Yes  Scale No. 1
                                                Use Pri Scale:           No
                                                Use LineVolume:          No 
   
   Barometer at Process Start: 1013 mBar
   Barometer at Process End:   1013 mBar
   
   
   PURGE CYCLE NUMBER 1
      Time     PA Flow   PA Temp  PA Moist  Aux Scale Total Volume 
               (slpm)    (deg C)  (Grn/Lb)   (grams)    (liters)   
    13:21:15    -0.20      25.2     56.2        0.00         0.0   
   Weight Change in grams:                      0.00 
   
   
   
   ALARM DATA
   Date / Time                Comment
   6 Jan 2020  13:21:15    Purge Cycle Aborted
   
   OUT OF TOLERANCE DATA
   (none)
   
   
   EVENT LOG DATA
   Date / Time                Comment
   6 Jan 2020  13:20:54    Course #1 started.
   6 Jan 2020  13:21:16    Recipe completed.
   
   6 Jan 2020  13:21:15    << JOB COMPLETED ABNORMALLY >>
   
   CHECKED BY: ________________________________________
