                                          In House Testing
                                       Auburn Hills, Michigan
                                   CANISTER PRECONDITIONING SYSTEM
   
                                           DETAIL REPORT
   
   Job Number:    000101                        
   Station Description:       Station #5 
   Stn SysID:     CLE                           Stn Abreviation:   5
   Station:       5                             Vehicle No.:   
   Shift:         1                             Engineer:      
   Start Time:    15 Jan 2020  12:32:19         Start Op:      
   End Time:      15 Jan 2020  12:32:31         End Op:        
   Canister ID:   in vehicle
   Can Volume:    0.00 Liters                   Can Work Cap:  0.00 Grams
   
   COMMENTS:
   (None)
   
   
   LEAKTEST SETUP
   -------------------------------------------------------------------------------------------
   Target Pressure:         2.000 kPa           Pressure Tolerance:      1.000 kPa
   Deff Hold Duration:      4.000 sec           Press Hold Duration:     3.000 sec
                                                Timeout:                 4.000 sec
                                                Pressurize Timeout:      3.000 sec
                                                Deff Tolerance:          0.002 inch
   SG N2:                   0.967               Initial N2 Flow:         0.100 m3/s
                                                Report Interval:         1.000 sec
   
   Barometer at Process Start: 1012 mBar
   Barometer at Process End:   1013 mBar
   
   
   LEAKTEST DETAIL DATA
   -------------------------------------------------------------------------------------------
      Time       TestTime        Baro       N2 Flow    N2 Press     N2 Temp  
                                             (lpm)       (kPa)      (deg C)  
    12:32:19       0.000         1012        0.100       13.25     25.08018  
    12:32:19       1.031         1012        0.100       13.25     25.47208  
    12:32:20       1.328         1012        0.100       13.25     24.73955  
    12:32:20       2.031         1012        0.100       13.25     25.41978  
    12:32:21       3.016         1012        0.100       13.25     24.87127  
    12:32:22       4.016         1012        0.100       13.25     24.69661  
    12:32:23       5.016         1013        0.100       13.25     25.44555  
    12:32:24       6.031         1012        0.100       13.25     25.46834  
    12:32:25       7.016         1012        0.100       13.25     25.00891  
    12:32:26       8.016         1013        0.100       13.25     24.83561  
    12:32:27       9.016         1013        0.100       13.25     25.48425  
    12:32:28      10.016         1012        0.100       13.25     25.41526  
    12:32:29      11.078         1012        0.100       13.25     24.70709  
    12:32:30      12.031         1013        0.100       13.25     24.67081  
    12:32:30      12.047         1013        0.100       13.25     24.86332  
    12:32:31      13.016         1013        0.100       13.25     25.29794  
   
   
   ALARM DATA
   (none)
   
   OUT OF TOLERANCE DATA
   (none)
   
   
   EVENT LOG DATA
   Date / Time                Comment
   15 Jan 2020  12:32:32    Recipe completed.
   
   15 Jan 2020  12:32:31    JOB COMPLETED NORMALLY
   
   CHECKED BY: ________________________________________
