                                          In House Testing
                                       Auburn Hills, Michigan
                                   CANISTER PRECONDITIONING SYSTEM
   
                                           DETAIL REPORT
   
   Job Number:    000059                        RemTaskID  :   
   Station Description:       CLB 
   Stn SysID:     CLB                           Stn Abreviation:   2
   Station:       2                             Vehicle No.:   
   Shift:         1                             Engineer:      
   Start Time:    6 Jan 2020  13:33:14          Start Op:      
   End Time:      6 Jan 2020  13:33:21          End Op:        
   Canister ID:   in vehicle
   Can Volume:    0.00 Liters                   Can Work Cap:  0.00 Grams
   
   COMMENTS:
   (None)
   
   
   LEAKTEST SETUP
   -------------------------------------------------------------------------------------------
   Target Pressure:         2.000 kPa           Pressure Tolerance:      1.000 kPa
   Deff Hold Duration:      60.000 sec          Press Hold Duration:     10.000 sec
                                                Timeout:                 5.000 sec
                                                Pressurize Timeout:      180.000 sec
                                                Deff Tolerance:          0.002 inch
   SG N2:                   0.967               Initial N2 Flow:         0.300 m3/s
                                                Report Interval:         1.000 sec
   
   Barometer at Process Start: 1013 mBar
   Barometer at Process End:   1012 mBar
   
   
   LEAKTEST DETAIL DATA
   -------------------------------------------------------------------------------------------
      Time       TestTime        Baro       N2 Flow    N2 Press     N2 Temp  
                                             (lpm)       (kPa)      (deg C)  
    13:33:14       0.469         1013        0.300       13.25     25.43163  
    13:33:15       1.125         1012        0.300       13.25     25.41266  
    13:33:15       1.500         1012        0.300       13.25     24.85277  
    13:33:16       2.500         1013        0.300       13.25     25.43259  
    13:33:17       3.469         1012        0.300       13.25     25.20547  
    13:33:18       4.485         1012        0.300       13.25     25.44733  
    13:33:19       5.469         1013        0.300       13.25     24.76768  
    13:33:20       6.469         1013        0.300       13.25     25.08039  
    13:33:21       7.469         1013        0.300       13.25     25.32526  
   
   
   ALARM DATA
   (none)
   
   OUT OF TOLERANCE DATA
   (none)
   
   
   EVENT LOG DATA
   Date / Time                Comment
   6 Jan 2020  13:33:22    Recipe completed.
   
   6 Jan 2020  13:33:21    << JOB COMPLETED ABNORMALLY >>
   
   CHECKED BY: ________________________________________
