                                          In House Testing
                                       Auburn Hills, Michigan
                                   CANISTER PRECONDITIONING SYSTEM
   
                                           DETAIL REPORT
   
   Job Number:    000044                        RemTaskID  :   
   Station Description:       CLB 
   Stn SysID:     CLB                           Stn Abreviation:   2
   Station:       2                             Vehicle No.:   
   Shift:         1                             Engineer:      
   Start Time:    16 Dec 2019  14:06:59         Start Op:      
   End Time:      16 Dec 2019  14:10:14         End Op:        
   Canister ID:   in vehicle
   Can Volume:    0.00 Liters                   Can Work Cap:  0.00 Grams
   
   COMMENTS:
   (None)
   
   
   LEAKTEST SETUP
   -------------------------------------------------------------------------------------------
   Target Pressure:         2.000 kPa           Pressure Tolerance:      1.000 kPa
   Deff Hold Duration:      180.000 sec         Press Hold Duration:     10.000 sec
                                                Timeout:                 1234.000 sec
                                                Pressurize Timeout:      300.000 sec
                                                Deff Tolerance:          0.002 inch
   SG N2:                   0.967               Initial N2 Flow:         0.100 m3/s
                                                Report Interval:         1.000 sec
   
   Barometer at Process Start: 1012 mBar
   Barometer at Process End:   1012 mBar
   
   
   LEAKTEST DETAIL DATA
   -------------------------------------------------------------------------------------------
      Time       TestTime        Baro       N2 Flow    N2 Press     N2 Temp  
                                             (lpm)       (kPa)      (deg C)  
    14:06:59       0.000         1012        0.100       13.25      24.9725  
    14:06:59       1.031         1012        0.100       13.25     25.09678  
    14:07:00       1.344         1013        0.100       13.25     24.64588  
    14:07:00       2.031         1012        0.100       13.25     25.40296  
    14:07:01       3.031         1012        0.100       13.25     24.84452  
    14:07:02       4.031         1013        0.100       13.25     25.44235  
    14:07:03       5.031         1013        0.100       13.25     24.90411  
    14:07:04       6.031         1012        0.100       13.25     25.46598  
    14:07:05       7.031         1013        0.100       13.25     24.99987  
    14:07:06       8.031         1012        0.100       13.25     24.69379  
    14:07:07       9.031         1012        0.100       13.25      25.2806  
    14:07:08      10.031         1012        0.100       13.25     25.38799  
    14:07:09      11.031         1012        0.100       13.25     25.13737  
    14:07:10      12.031         1012        0.100       13.25     25.40476  
    14:07:11      13.078         1013        0.100       13.25     25.14169  
    14:07:12      14.031         1012        0.100       13.25     25.07073  
    14:07:13      15.031         1013        0.100       13.25     25.11414  
    14:07:14      16.031         1012        0.100       13.25     25.07417  
    14:07:15      17.015         1012        0.100       13.25     24.55765  
    14:07:16      18.015         1012        0.100       13.25     25.32197  
    14:07:17      19.031         1012        0.100       13.25     24.78315  
    14:07:18      20.031         1013        0.100       13.25     25.28946  
    14:07:19      21.031         1012        0.100       13.25     25.12912  
    14:07:20      22.031         1012        0.100       13.25     25.12987  
    14:07:21      23.000         1013        0.100       13.25      24.6634  
    14:07:22      24.047         1013        0.100       13.25      24.5263  
    14:07:23      25.015         1012        0.100       13.25     24.92517  
    14:07:24      26.015         1013        0.100       13.25     25.23613  
    14:07:25      27.015         1012        0.100       13.25     24.70036  
    14:07:26      28.015         1012        0.100       13.25     24.98189  
    14:07:27      29.015         1012        0.100       13.25     25.16222  
    14:07:28      30.015         1013        0.100       13.25      25.0855  
    14:07:29      31.000         1012        0.100       13.25     25.13643  
    14:07:30      32.015         1012        0.100       13.25     24.69121  
    14:07:31      33.000         1012        0.100       13.25      24.5728  
    14:07:32      34.000         1012        0.100       13.25     25.40418  
    14:07:33      35.000         1012        0.100       13.25     25.32663  
    14:07:34      36.000         1012        0.100       13.25     24.73902  
    14:07:35      37.000         1013        0.100       13.25      24.8009  
    14:07:36      38.000         1012        0.100       13.25      24.5198  
    14:07:37      39.031         1012        0.100       13.25     25.19469  
    14:07:38      40.031         1013        0.100       13.25     25.17882  
    14:07:39      41.000         1012        0.100       13.25     24.88384  
    14:07:40      42.000         1012        0.100       13.25     24.98559  
    14:07:41      43.000         1012        0.100       13.25     25.02722  
    14:07:42      44.000         1013        0.100       13.25     24.76784  
    14:07:43      45.047         1012        0.100       13.25     25.12284  
    14:07:44      46.000         1012        0.100       13.25     24.70564  
    14:07:45      47.031         1013        0.100       13.25      24.6244  
    14:07:46      48.031         1012        0.100       13.25     24.51512  
    14:07:47      49.031         1012        0.100       13.25     24.56082  
    14:07:48      50.031         1013        0.100       13.25     24.74773  
    14:07:49      51.015         1012        0.100       13.25     25.02001  
    14:07:50      52.015         1012        0.100       13.25     24.88007  
    14:07:51      53.015         1013        0.100       13.25     24.56368  
    14:07:52      54.047         1012        0.100       13.25     25.02592  
    14:07:53      55.031         1013        0.100       13.25     24.70413  
    14:07:54      56.031         1013        0.100       13.25     24.97789  
    14:07:55      57.031         1013        0.100       13.25     25.48517  
    14:07:56      58.031         1013        0.100       13.25     25.45614  
    14:07:57      59.015         1012        0.100       13.25     24.64745  
    14:07:58      60.015         1013        0.100       13.25     24.50162  
    14:07:59      61.031         1013        0.100       13.25     24.74094  
    14:08:00      62.031         1013        0.100       13.25      25.4664  
    14:08:01      63.000         1012        0.100       13.25     25.19644  
    14:08:02      64.000         1013        0.100       13.25      25.0154  
    14:08:03      65.000         1013        0.100       13.25     25.33248  
    14:08:04      66.000         1013        0.100       13.25     25.17155  
    14:08:05      67.031         1012        0.100       13.25     24.66022  
    14:08:06      68.031         1012        0.100       13.25     24.88493  
    14:08:07      69.015         1012        0.100       13.25     25.44304  
    14:08:08      70.015         1012        0.100       13.25     25.39041  
    14:08:09      71.000         1012        0.100       13.25     25.44245  
    14:08:10      72.000         1013        0.100       13.25      25.4967  
    14:08:11      73.031         1012        0.100       13.25     24.58959  
    14:08:12      74.031         1013        0.100       13.25     25.20988  
    14:08:14      75.109         1012        0.100       13.25     25.23182  
    14:08:14      76.015         1012        0.100       13.25     25.29079  
    14:08:15      77.031         1012        0.100       13.25      25.3624  
    14:08:16      78.031         1013        0.100       13.25     24.69842  
    14:08:17      79.015         1013        0.100       13.25     25.28921  
    14:08:18      80.015         1012        0.100       13.25      25.0218  
    14:08:19      81.000         1013        0.100       13.25      25.4424  
    14:08:20      82.000         1012        0.100       13.25     24.66671  
    14:08:21      83.031         1012        0.100       13.25     25.19101  
    14:08:22      84.078         1012        0.100       13.25     24.84664  
    14:08:23      85.015         1012        0.100       13.25     25.40594  
    14:08:24      86.015         1012        0.100       13.25     24.59237  
    14:08:25      87.000         1012        0.100       13.25     24.54565  
    14:08:26      88.000         1012        0.100       13.25     25.33626  
    14:08:27      89.031         1012        0.100       13.25     25.07479  
    14:08:28      90.031         1013        0.100       13.25     24.68548  
    14:08:29      91.015         1012        0.100       13.25     24.96608  
    14:08:30      92.015         1012        0.100       13.25     24.89998  
    14:08:31      93.000         1012        0.100       13.25     24.81122  
    14:08:32      94.000         1012        0.100       13.25     24.54995  
    14:08:33      95.031         1012        0.100       13.25      25.4426  
    14:08:34      96.031         1012        0.100       13.25     25.22641  
    14:08:35      97.000         1012        0.100       13.25     24.59797  
    14:08:36      98.000         1012        0.100       13.25      24.9712  
    14:08:37      99.078         1012        0.100       13.25     25.05317  
    14:08:38      100.031        1012        0.100       13.25     25.14946  
    14:08:39      101.000        1012        0.100       13.25     24.87195  
    14:08:40      102.000        1013        0.100       13.25     25.18732  
    14:08:41      103.031        1013        0.100       13.25      25.3663  
    14:08:42      104.031        1013        0.100       13.25     25.19922  
    14:08:43      105.031        1012        0.100       13.25     25.44653  
    14:08:44      106.031        1013        0.100       13.25      24.575   
    14:08:45      107.015        1012        0.100       13.25      25.0757  
    14:08:46      108.015        1012        0.100       13.25     25.03738  
    14:08:47      109.015        1012        0.100       13.25     25.25111  
    14:08:48      110.015        1012        0.100       13.25     25.17506  
    14:08:49      111.015        1012        0.100       13.25     25.26473  
    14:08:50      112.015        1013        0.100       13.25     24.57572  
    14:08:51      113.015        1013        0.100       13.25     24.91854  
    14:08:52      114.062        1012        0.100       13.25      25.4576  
    14:08:53      115.015        1012        0.100       13.25     25.28101  
    14:08:54      116.015        1012        0.100       13.25     25.09528  
    14:08:55      117.015        1013        0.100       13.25     24.98281  
    14:08:56      118.015        1012        0.100       13.25      24.7437  
    14:08:57      119.015        1013        0.100       13.25     24.99552  
    14:08:58      120.015        1012        0.100       13.25     25.26457  
    14:08:59      121.062        1012        0.100       13.25     25.03803  
    14:09:00      122.000        1012        0.100       13.25      25.3029  
    14:09:01      123.000        1012        0.100       13.25     25.02699  
    14:09:02      124.000        1012        0.100       13.25     25.08514  
    14:09:03      125.000        1013        0.100       13.25     25.11407  
    14:09:04      126.000        1012        0.100       13.25     24.73484  
    14:09:05      127.031        1012        0.100       13.25     25.33542  
    14:09:06      128.031        1012        0.100       13.25     25.46743  
    14:09:07      129.000        1013        0.100       13.25      25.1883  
    14:09:08      130.000        1013        0.100       13.25     24.97423  
    14:09:09      131.000        1013        0.100       13.25     24.61214  
    14:09:10      132.000        1012        0.100       13.25     24.54274  
    14:09:11      133.000        1012        0.100       13.25      24.7975  
    14:09:12      134.000        1013        0.100       13.25     25.37396  
    14:09:13      135.000        1013        0.100       13.25     24.69675  
    14:09:14      136.000        1012        0.100       13.25     25.45002  
    14:09:15      137.000        1013        0.100       13.25     24.82916  
    14:09:16      138.000        1012        0.100       13.25     25.23232  
    14:09:17      139.000        1012        0.100       13.25     24.90034  
    14:09:18      140.000        1013        0.100       13.25      25.226   
    14:09:19      141.047        1013        0.100       13.25     25.21822  
    14:09:20      142.000        1012        0.100       13.25     25.14688  
    14:09:21      143.000        1012        0.100       13.25     24.61512  
    14:09:22      144.047        1012        0.100       13.25     25.10821  
    14:09:23      145.015        1012        0.100       13.25     24.89963  
    14:09:24      146.015        1012        0.100       13.25     25.15909  
    14:09:25      147.000        1012        0.100       13.25     24.51216  
    14:09:26      148.000        1012        0.100       13.25     24.75936  
    14:09:27      149.031        1013        0.100       13.25     24.53785  
    14:09:28      150.031        1012        0.100       13.25     24.98267  
    14:09:29      151.015        1013        0.100       13.25     24.89487  
    14:09:30      152.015        1012        0.100       13.25     25.21527  
    14:09:31      153.031        1013        0.100       13.25     24.51863  
    14:09:32      154.031        1012        0.100       13.25     24.82647  
    14:09:33      155.031        1013        0.100       13.25     24.69553  
    14:09:34      156.031        1012        0.100       13.25     25.25379  
    14:09:35      157.015        1012        0.100       13.25     25.38205  
    14:09:36      158.015        1012        0.100       13.25     24.90499  
    14:09:37      159.031        1013        0.100       13.25      24.8477  
    14:09:38      160.031        1012        0.100       13.25     24.56042  
    14:09:39      161.015        1013        0.100       13.25     25.16583  
    14:09:40      162.015        1012        0.100       13.25     25.35822  
    14:09:41      163.015        1012        0.100       13.25     25.24049  
    14:09:42      164.015        1012        0.100       13.25     25.28465  
    14:09:43      165.000        1012        0.100       13.25     24.73843  
    14:09:44      166.000        1012        0.100       13.25     24.87625  
    14:09:45      167.000        1012        0.100       13.25     25.28888  
    14:09:46      168.000        1012        0.100       13.25     24.80467  
    14:09:47      169.078        1013        0.100       13.25     25.06439  
    14:09:48      170.031        1012        0.100       13.25     25.20938  
    14:09:49      171.015        1012        0.100       13.25     25.22396  
    14:09:50      172.015        1013        0.100       13.25     24.79222  
    14:09:51      173.000        1013        0.100       13.25     24.68987  
    14:09:52      174.047        1012        0.100       13.25     25.44142  
    14:09:53      175.031        1013        0.100       13.25     24.82825  
    14:09:54      176.031        1012        0.100       13.25      25.2308  
    14:09:55      177.015        1013        0.100       13.25     25.13752  
    14:09:56      178.015        1012        0.100       13.25     25.07228  
    14:09:57      179.000        1012        0.100       13.25     25.27565  
    14:09:58      180.015        1013        0.100       13.25     24.68965  
    14:09:59      181.000        1012        0.100       13.25     24.52649  
    14:10:00      182.000        1012        0.100       13.25     25.18703  
    14:10:01      183.015        1013        0.100       13.25     24.55011  
    14:10:02      184.015        1012        0.100       13.25     24.76758  
    14:10:03      185.000        1012        0.100       13.25     25.01306  
    14:10:04      186.000        1012        0.100       13.25     25.08344  
    14:10:05      187.031        1012        0.100       13.25     24.74627  
    14:10:06      188.031        1012        0.100       13.25     25.24755  
    14:10:07      189.015        1012        0.100       13.25     25.07148  
    14:10:08      190.015        1012        0.100       13.25     24.72922  
    14:10:09      191.000        1013        0.100       13.25     24.82478  
    14:10:10      192.000        1012        0.100       13.25     25.45696  
    14:10:11      193.031        1012        0.100       13.25     24.90359  
    14:10:12      194.031        1013        0.100       13.25     25.27976  
    14:10:13      194.859        1012        0.100       13.25     25.05919  
    14:10:14      195.109        1013        0.100       13.25     25.07909  
    14:10:14      196.015        1012        0.100       13.25     25.38113  
    14:10:15      197.031        1013        0.100       13.25     24.94613  
    14:10:16      198.031        1013        0.100       13.25      25.236   
    14:10:17      199.015        1012        0.100       13.25     24.50182  
    14:10:18      200.015        1013        0.100       13.25     24.76659  
    14:10:19      201.000        1012        0.100       13.25     25.19711  
    14:10:20      202.000        1012        0.100       13.25     24.71202  
    14:10:21      203.031        1012        0.100       13.25     25.11106  
    14:10:22      204.062        1012        0.100       13.25     25.15503  
    14:10:23      205.015        1012        0.100       13.25     25.31176  
    14:10:24      206.015        1012        0.100       13.25     24.64088  
    14:10:25      207.000        1012        0.100       13.25     24.78748  
    14:10:26      208.000        1012        0.100       13.25     24.71124  
    14:10:27      209.031        1012        0.100       13.25     24.74108  
    14:10:28      210.031        1012        0.100       13.25     24.64857  
    14:10:29      211.015        1012        0.100       13.25     25.10082  
    14:10:30      212.015        1013        0.100       13.25      25.0252  
    14:10:31      213.000        1012        0.100       13.25     25.00306  
    14:10:32      214.000        1012        0.100       13.25     24.96022  
    14:10:33      215.031        1013        0.100       13.25     25.18089  
    14:10:34      216.031        1012        0.100       13.25      25.2328  
    14:10:35      217.015        1012        0.100       13.25     24.91497  
    14:10:36      218.015        1013        0.100       13.25     25.29972  
    14:10:37      219.047        1012        0.100       13.25     25.41942  
    14:10:38      220.000        1013        0.100       13.25     25.33323  
    14:10:39      221.031        1012        0.100       13.25     24.64262  
    14:10:40      222.031        1012        0.100       13.25      24.7921  
    14:10:41      223.000        1012        0.100       13.25     24.92988  
    14:10:42      224.000        1012        0.100       13.25     25.43443  
    14:10:43      225.031        1012        0.100       13.25     24.58506  
    14:10:44      226.031        1013        0.100       13.25     25.01415  
    14:10:45      227.000        1013        0.100       13.25     24.68155  
    14:10:46      228.000        1012        0.100       13.25     25.06564  
   
   
   ALARM DATA
   (none)
   
   OUT OF TOLERANCE DATA
   Date / Time                Comment
   16 Dec 2019  14:07:34    Nitrogen Flow OOT (SP=0.000 PV=-0.001)
   
   
   EVENT LOG DATA
   Date / Time                Comment
   16 Dec 2019  14:10:48    Recipe completed.
   
   16 Dec 2019  14:10:14    JOB COMPLETED NORMALLY
   
   CHECKED BY: ________________________________________
