                                          In House Testing
                                       Auburn Hills, Michigan
                                   CANISTER PRECONDITIONING SYSTEM
   
                                           DETAIL REPORT
   
   Job Number:    000119                        
   Station Description:       Station #5 
   Stn SysID:     CLE                           Stn Abreviation:   5
   Station:       5                             Vehicle No.:   
   Shift:         1                             Engineer:      
   Start Time:    21 Jan 2020  12:02:26         Start Op:      
   End Time:      21 Jan 2020  12:02:53         End Op:        
   Canister ID:   in vehicle
   Can Volume:    0.00 Liters                   Can Work Cap:  0.00 Grams
   
   COMMENTS:
   (None)
   
   
   LEAKTEST SETUP
   -------------------------------------------------------------------------------------------
   Target Pressure:         2.000 kPa           Pressure Tolerance:      1.000 kPa
   Deff Hold Duration:      4.000 sec           Press Hold Duration:     3.000 sec
                                                Timeout:                 4.000 sec
                                                Pressurize Timeout:      3.000 sec
                                                Deff Tolerance:          0.002 inch
   SG N2:                   0.967               Initial N2 Flow:         0.100 m3/s
                                                Report Interval:         1.000 sec
   
   Barometer at Process Start: 1013 mBar
   Barometer at Process End:   1013 mBar
   
   
   LEAKTEST DETAIL DATA
   -------------------------------------------------------------------------------------------
      Time       TestTime        Baro       N2 Flow    N2 Press     N2 Temp  
                                             (lpm)       (kPa)      (deg C)  
    12:02:27       0.797         1013        0.100       13.25      24.9533  
    12:02:27       1.453         1013        0.100       13.25     24.86908  
    12:02:28       1.828         1012        0.100       13.25     24.60031  
    12:02:29       2.828         1012        0.100       13.25     25.08301  
    12:02:30       3.828         1012        0.100       13.25     24.79734  
    12:02:31       4.828         1012        0.100       13.25     25.35824  
    12:02:32       5.828         1013        0.100       13.25     24.75605  
    12:02:33       6.828         1013        0.100       13.25     24.72632  
    12:02:34       7.828         1012        0.100       13.25     24.57391  
    12:02:35       8.828         1012        0.100       13.25     24.52149  
    12:02:36       9.828         1013        0.100       13.25     25.19513  
    12:02:37      10.828         1013        0.100       13.25     24.76301  
    12:02:38      11.828         1012        0.100       13.25     25.27332  
    12:02:39      12.797         1012        0.100       13.25     25.45999  
    12:02:40      13.797         1013        0.100       13.25     25.43163  
    12:02:41      14.828         1013        0.100       13.25     25.08521  
    12:02:42      15.828         1013        0.100       13.25     25.35454  
    12:02:43      16.828         1013        0.100       13.25     24.77604  
    12:02:44      17.828         1013        0.100       13.25     25.21931  
    12:02:45      18.828         1012        0.100       13.25     24.81356  
    12:02:46      19.828         1012        0.100       13.25     24.51647  
    12:02:47      20.828         1013        0.100       13.25     25.23561  
    12:02:48      21.828         1012        0.100       13.25     25.06804  
    12:02:49      22.797         1012        0.100       13.25     25.48824  
    12:02:50      23.797         1013        0.100       13.25     25.35135  
    12:02:51      24.828         1012        0.100       13.25     25.02414  
    12:02:52      25.828         1012        0.100       13.25     25.06874  
    12:02:53      26.828         1012        0.100       13.25     25.05034  
    12:02:54      27.828         1012        0.100       13.25     24.51873  
   
   
   ALARM DATA
   (none)
   
   OUT OF TOLERANCE DATA
   (none)
   
   
   EVENT LOG DATA
   Date / Time                Comment
   21 Jan 2020  12:02:54    Recipe completed.
   
   21 Jan 2020  12:02:53    << JOB COMPLETED ABNORMALLY >>
   
   CHECKED BY: ________________________________________
