                                          In House Testing
                                       Auburn Hills, Michigan
                                   CANISTER PRECONDITIONING SYSTEM
   
                                           DETAIL REPORT
   
   Job Number:    000055                        RemTaskID  :   
   Station Description:       CLB 
   Stn SysID:     CLB                           Stn Abreviation:   2
   Station:       2                             Vehicle No.:   
   Shift:         1                             Engineer:      
   Start Time:    6 Jan 2020  13:29:05          Start Op:      
   End Time:      6 Jan 2020  13:29:21          End Op:        
   Canister ID:   in vehicle
   Can Volume:    0.00 Liters                   Can Work Cap:  0.00 Grams
   
   COMMENTS:
   (None)
   
   
   LEAKTEST SETUP
   -------------------------------------------------------------------------------------------
   Target Pressure:         2.000 kPa           Pressure Tolerance:      1.000 kPa
   Deff Hold Duration:      60.000 sec          Press Hold Duration:     10.000 sec
                                                Timeout:                 5.000 sec
                                                Pressurize Timeout:      180.000 sec
                                                Deff Tolerance:          0.002 inch
   SG N2:                   0.967               Initial N2 Flow:         0.300 m3/s
                                                Report Interval:         1.000 sec
   
   Barometer at Process Start: 1013 mBar
   Barometer at Process End:   1012 mBar
   
   
   LEAKTEST DETAIL DATA
   -------------------------------------------------------------------------------------------
      Time       TestTime        Baro       N2 Flow    N2 Press     N2 Temp  
                                             (lpm)       (kPa)      (deg C)  
    13:29:06       0.391         1013        0.300       13.25     25.01798  
    13:29:06       1.032         1012        0.300       13.25     24.96502  
    13:29:07       1.391         1013        0.300       13.25     25.34572  
    13:29:08       2.391         1012        0.300       13.25     25.04564  
    13:29:09       3.391         1013        0.300       13.25     24.50809  
    13:29:10       4.391         1013        0.300       13.25     25.16704  
    13:29:11       5.391         1013        0.300       13.25     24.75573  
    13:29:12       6.391         1013        0.300       13.25     25.44944  
    13:29:13       7.422         1013        0.300       13.25     25.12296  
    13:29:14       8.422         1012        0.300       13.25     24.80513  
    13:29:15       9.407         1013        0.300       13.25     24.57633  
    13:29:16      10.407         1013        0.300       13.25     25.34659  
    13:29:17      11.422         1013        0.300       13.25      25.2069  
    13:29:18      12.422         1012        0.300       13.25     24.54367  
    13:29:19      13.422         1013        0.300       13.25     25.13251  
    13:29:20      14.391         1012        0.300       13.25     24.78712  
    13:29:21      15.422         1012        0.300       13.25     24.75141  
   
   
   ALARM DATA
   (none)
   
   OUT OF TOLERANCE DATA
   (none)
   
   
   EVENT LOG DATA
   Date / Time                Comment
   6 Jan 2020  13:29:21    Recipe completed.
   
   6 Jan 2020  13:29:21    << JOB COMPLETED ABNORMALLY >>
   
   CHECKED BY: ________________________________________
