                                          In House Testing
                                       Auburn Hills, Michigan
                                   CANISTER PRECONDITIONING SYSTEM
   
                                           SUMMARY REPORT
   
   Job Number:    000038                        RemTaskID  :   
   Station Description:       CLB 
   Stn SysID:     CLB                           Stn Abreviation:   2
   Station:       2                             Vehicle No.:   
   Shift:         1                             Engineer:      
   Start Time:    16 Dec 2019  10:17:25         Start Op:      
   End Time:      16 Dec 2019  10:18:24         End Op:        
   Canister ID:   in vehicle
   Can Volume:    0.00 Liters                   Can Work Cap:  0.00 Grams
   
   COMMENTS:
   (None)
   
   
   LEAKTEST SETUP
   -------------------------------------------------------------------------------------------
   Target Pressure:         2.000 kPa           Pressure Tolerance:      1.000 kPa
   Deff Hold Duration:      180.000 sec         Press Hold Duration:     10.000 sec
                                                Timeout:                 1234.000 sec
                                                Pressurize Timeout:      300.000 sec
                                                Deff Tolerance:          0.002 inch
   SG N2:                   0.967               Initial N2 Flow:         0.100 m3/s
                                                Report Interval:         1.000 sec
   
   Barometer at Process Start: 1012 mBar
   Barometer at Process End:   1012 mBar
   
   LEAKTEST SUMMARY
   -------------------------------------------------------------------------------------------
   Time        Eff. Dia.   Atm. Press  N2 Press    N2 Flow     N2 Temp     Comment
               (inches)    (kPa)       (kPa)       (m2/s)      (deg K)
   10:17:26    1.37102     101.2513    114.5013    0.100       297.704     Start LeakTest
   10:17:37    1.37071     101.234     114.484     0.100       298.647     Press at Target & Sta
   ble
   10:18:24    1.37075     101.2018    114.4518    0.100       297.713     Stopped by Operator
   
   ALARM DATA
   (none)
   
   OUT OF TOLERANCE DATA
   (none)
   
   
   EVENT LOG DATA
   Date / Time                Comment
   16 Dec 2019  10:18:25    Recipe completed.
   
   16 Dec 2019  10:18:24    << JOB COMPLETED ABNORMALLY >>
   
   CHECKED BY: ________________________________________
