                                          In House Testing
                                       Auburn Hills, Michigan
                                   CANISTER PRECONDITIONING SYSTEM
   
                                           DETAIL REPORT
   
   Job Number:    000042                        RemTaskID  :   
   Station Description:       CLB 
   Stn SysID:     CLB                           Stn Abreviation:   2
   Station:       2                             Vehicle No.:   
   Shift:         1                             Engineer:      
   Start Time:    16 Dec 2019  11:17:57         Start Op:      
   End Time:      16 Dec 2019  11:18:28         End Op:        
   Canister ID:   in vehicle
   Can Volume:    0.00 Liters                   Can Work Cap:  0.00 Grams
   
   COMMENTS:
   (None)
   
   
   LEAKTEST SETUP
   -------------------------------------------------------------------------------------------
   Target Pressure:         2.000 kPa           Pressure Tolerance:      1.000 kPa
   Deff Hold Duration:      180.000 sec         Press Hold Duration:     10.000 sec
                                                Timeout:                 1234.000 sec
                                                Pressurize Timeout:      300.000 sec
                                                Deff Tolerance:          0.002 inch
   SG N2:                   0.967               Initial N2 Flow:         0.100 m3/s
                                                Report Interval:         1.000 sec
   
   Barometer at Process Start: 1012 mBar
   Barometer at Process End:   1012 mBar
   
   
   LEAKTEST DETAIL DATA
   -------------------------------------------------------------------------------------------
      Time       TestTime        Baro       N2 Flow    N2 Press     N2 Temp  
                                             (lpm)       (kPa)      (deg C)  
    11:17:57       0.266         1013        0.100       13.25     24.90517  
    11:17:57       0.891         1012        0.100       13.25      25.386   
    11:17:58       1.266         1012        0.100       13.25     24.94767  
    11:17:59       2.266         1012        0.100       13.25     25.23035  
    11:18:00       3.266         1012        0.100       13.25     25.28844  
    11:18:01       4.266         1013        0.100       13.25     24.95772  
    11:18:02       5.266         1012        0.100       13.25     24.55387  
    11:18:03       6.266         1012        0.100       13.25     25.02486  
    11:18:04       7.266         1012        0.100       13.25     24.91672  
    11:18:05       8.266         1013        0.100       13.25     24.97937  
    11:18:06       9.266         1013        0.100       13.25     24.76834  
    11:18:07      10.266         1012        0.100       13.25      25.4642  
    11:18:08      11.297         1012        0.100       13.25     25.30616  
    11:18:09      12.297         1013        0.100       13.25     24.76123  
    11:18:16      19.781         1012        0.100       13.25      24.7482  
    11:18:16      19.985         1013        0.100       13.25     25.40724  
    11:18:16      20.047         1012        0.100       13.25     24.93134  
    11:18:17      20.110         1012        0.100       13.25     25.42367  
    11:18:17      20.172         1012        0.100       13.25     24.64434  
    11:18:17      20.235         1012        0.100       13.25     24.64434  
    11:18:17      20.297         1013        0.100       13.25     24.71642  
    11:18:17      20.360         1013        0.100       13.25     25.18391  
    11:18:21      24.547         1012        0.100       13.25     24.58449  
    11:18:21      24.610         1012        0.100       13.25     24.58449  
    11:18:21      24.672         1013        0.100       13.25     25.03909  
    11:18:21      24.735         1013        0.100       13.25     24.88175  
    11:18:23      26.328         1012        0.100       13.25     24.99048  
    11:18:23      26.391         1012        0.100       13.25     25.10718  
    11:18:27      30.922         1013        0.100       13.25     25.29906  
    11:18:27      31.000         1012        0.100       13.25     25.31675  
    11:18:27      31.063         1012        0.100       13.25     25.31675  
    11:18:28      31.125         1013        0.100       13.25      25.2069  
    11:18:28      31.313         1012        0.100       13.25     24.64225  
   
   
   ALARM DATA
   (none)
   
   OUT OF TOLERANCE DATA
   (none)
   
   
   EVENT LOG DATA
   Date / Time                Comment
   16 Dec 2019  11:18:28    Recipe completed.
   
   16 Dec 2019  11:18:28    << JOB COMPLETED ABNORMALLY >>
   
   CHECKED BY: ________________________________________
