                                          In House Testing
                                       Auburn Hills, Michigan
                                   CANISTER PRECONDITIONING SYSTEM
   
                                           DETAIL REPORT
   
   Job Number:    000030                        RemTaskID  :   
   Station Description:       CLB 
   Stn SysID:     CLB                           Stn Abreviation:   2
   Station:       2                             Vehicle No.:   
   Shift:         1                             Engineer:      
   Start Time:    16 Dec 2019  09:53:44         Start Op:      
   End Time:      16 Dec 2019  09:54:18         End Op:        
   Canister ID:   in vehicle
   Can Volume:    0.00 Liters                   Can Work Cap:  0.00 Grams
   
   COMMENTS:
   (None)
   
   
   LEAKTEST SETUP
   -------------------------------------------------------------------------------------------
   Target Pressure:         2.000 kPa           Pressure Tolerance:      1.000 kPa
   Deff Hold Duration:      180.000 sec         Press Hold Duration:     10.000 sec
                                                Timeout:                 1234.000 sec
                                                Pressurize Timeout:      300.000 sec
                                                Deff Tolerance:          0.002 inch
   SG N2:                   0.967               Initial N2 Flow:         0.100 m3/s
                                                Report Interval:         1.000 sec
   
   Barometer at Process Start: 1012 mBar
   Barometer at Process End:   1013 mBar
   
   
   LEAKTEST DETAIL DATA
   -------------------------------------------------------------------------------------------
      Time       TestTime        Baro       N2 Flow    N2 Press     N2 Temp  
                                             (lpm)       (kPa)      (deg C)  
    09:53:44       0.234         1013        0.100       13.25      25.4141  
    09:53:45       1.109         1012        0.100       13.25     24.74685  
    09:53:45       1.234         1012        0.100       13.25      24.7273  
    09:53:46       2.234         1012        0.100       13.25      24.5156  
    09:53:47       3.234         1012        0.100       13.25     24.94767  
    09:53:48       4.234         1013        0.100       13.25     24.72172  
    09:53:49       5.234         1013        0.100       13.25     25.07285  
    09:53:50       6.234         1012        0.100       13.25     25.15749  
    09:53:51       7.234         1012        0.100       13.25     24.55387  
    09:53:52       8.234         1012        0.100       13.25     24.83474  
    09:53:53       9.234         1012        0.100       13.25     24.50661  
    09:53:54      10.234         1012        0.100       13.25     25.38451  
    09:53:55      11.250         1012        0.100       13.25     25.27461  
    09:53:56      12.250         1012        0.100       13.25     24.72864  
    09:54:03      19.203         1012        0.100       13.25     24.98752  
    09:54:03      19.281         1013        0.100       13.25     24.60218  
    09:54:03      19.343         1013        0.100       13.25     24.60218  
    09:54:03      19.406         1013        0.100       13.25     24.69316  
    09:54:03      19.468         1012        0.100       13.25     25.32997  
    09:54:03      19.531         1012        0.100       13.25     25.30616  
    09:54:07      23.093         1013        0.100       13.25     25.25033  
    09:54:07      23.297         1012        0.100       13.25     25.09563  
    09:54:07      23.390         1012        0.100       13.25     24.70062  
    09:54:07      23.453         1012        0.100       13.25     24.70062  
    09:54:09      24.937         1013        0.100       13.25     24.87589  
    09:54:09      25.000         1013        0.100       13.25     25.08588  
    09:54:09      25.250         1013        0.100       13.25      25.2098  
    09:54:12      28.765         1012        0.100       13.25     25.34001  
    09:54:12      28.828         1012        0.100       13.25     25.34001  
    09:54:12      28.890         1012        0.100       13.25     24.75632  
    09:54:18      34.218         1013        0.100       13.25     24.91827  
    09:54:18      34.281         1013        0.100       13.25     24.57633  
    09:54:18      34.343         1013        0.100       13.25     24.57633  
    09:54:18      34.406         1013        0.100       13.25     24.63625  
    09:54:18      34.468         1013        0.100       13.25     25.28059  
    09:54:18      34.531         1013        0.100       13.25     25.20475  
   
   
   ALARM DATA
   (none)
   
   OUT OF TOLERANCE DATA
   (none)
   
   
   EVENT LOG DATA
   Date / Time                Comment
   16 Dec 2019  09:54:19    Recipe completed.
   
   16 Dec 2019  09:54:18    << JOB COMPLETED ABNORMALLY >>
   
   CHECKED BY: ________________________________________
