                                          In House Testing
                                       Auburn Hills, Michigan
                                   CANISTER PRECONDITIONING SYSTEM
   
                                           DETAIL REPORT
   
   Job Number:    000053                        RemTaskID  :   
   Station Description:       CLB 
   Stn SysID:     CLB                           Stn Abreviation:   2
   Station:       2                             Vehicle No.:   
   Shift:         1                             Engineer:      
   Start Time:    6 Jan 2020  13:27:20          Start Op:      
   End Time:      6 Jan 2020  13:27:39          End Op:        
   Canister ID:   in vehicle
   Can Volume:    0.00 Liters                   Can Work Cap:  0.00 Grams
   
   COMMENTS:
   (None)
   
   
   LEAKTEST SETUP
   -------------------------------------------------------------------------------------------
   Target Pressure:         2.000 kPa           Pressure Tolerance:      1.000 kPa
   Deff Hold Duration:      60.000 sec          Press Hold Duration:     10.000 sec
                                                Timeout:                 5.000 sec
                                                Pressurize Timeout:      180.000 sec
                                                Deff Tolerance:          0.002 inch
   SG N2:                   0.967               Initial N2 Flow:         0.300 m3/s
                                                Report Interval:         1.000 sec
   
   Barometer at Process Start: 1012 mBar
   Barometer at Process End:   1013 mBar
   
   
   LEAKTEST DETAIL DATA
   -------------------------------------------------------------------------------------------
      Time       TestTime        Baro       N2 Flow    N2 Press     N2 Temp  
                                             (lpm)       (kPa)      (deg C)  
    13:27:21       0.391         1012        0.300       13.25     25.19125  
    13:27:21       1.172         1012        0.300       13.25     24.70564  
    13:27:22       1.391         1012        0.300       13.25     24.96502  
    13:27:23       2.391         1013        0.300       13.25     24.61904  
    13:27:24       3.422         1013        0.300       13.25     24.57202  
    13:27:25       4.406         1012        0.300       13.25      25.3905  
    13:27:26       5.406         1012        0.300       13.25     25.05943  
    13:27:27       6.422         1013        0.300       13.25     25.03879  
    13:27:28       7.391         1013        0.300       13.25     25.45753  
    13:27:29       8.391         1013        0.300       13.25     24.60218  
    13:27:30       9.391         1013        0.300       13.25      25.2098  
    13:27:31      10.406         1013        0.300       13.25     25.20475  
    13:27:32      11.422         1013        0.300       13.25     25.03909  
    13:27:33      12.391         1012        0.300       13.25     24.94599  
    13:27:34      13.406         1012        0.300       13.25     25.41818  
    13:27:35      14.406         1013        0.300       13.25     24.93644  
    13:27:36      15.391         1012        0.300       13.25     25.44979  
    13:27:37      16.406         1012        0.300       13.25     25.48188  
    13:27:38      17.391         1013        0.300       13.25     24.88914  
    13:27:39      18.391         1012        0.300       13.25     24.71795  
   
   
   ALARM DATA
   (none)
   
   OUT OF TOLERANCE DATA
   (none)
   
   
   EVENT LOG DATA
   Date / Time                Comment
   6 Jan 2020  13:27:39    Recipe completed.
   
   6 Jan 2020  13:27:39    << JOB COMPLETED ABNORMALLY >>
   
   CHECKED BY: ________________________________________
