                                          In House Testing
                                       Auburn Hills, Michigan
                                   CANISTER PRECONDITIONING SYSTEM
   
                                           DETAIL REPORT
   
   Job Number:    000032                        RemTaskID  :   
   Station Description:       CLB 
   Stn SysID:     CLB                           Stn Abreviation:   2
   Station:       2                             Vehicle No.:   
   Shift:         1                             Engineer:      
   Start Time:    16 Dec 2019  09:56:16         Start Op:      
   End Time:      16 Dec 2019  09:56:44         End Op:        
   Canister ID:   in vehicle
   Can Volume:    0.00 Liters                   Can Work Cap:  0.00 Grams
   
   COMMENTS:
   (None)
   
   
   LEAKTEST SETUP
   -------------------------------------------------------------------------------------------
   Target Pressure:         2.000 kPa           Pressure Tolerance:      1.000 kPa
   Deff Hold Duration:      180.000 sec         Press Hold Duration:     10.000 sec
                                                Timeout:                 1234.000 sec
                                                Pressurize Timeout:      300.000 sec
                                                Deff Tolerance:          0.002 inch
   SG N2:                   0.967               Initial N2 Flow:         0.100 m3/s
                                                Report Interval:         1.000 sec
   
   Barometer at Process Start: 1013 mBar
   Barometer at Process End:   1013 mBar
   
   
   LEAKTEST DETAIL DATA
   -------------------------------------------------------------------------------------------
      Time       TestTime        Baro       N2 Flow    N2 Press     N2 Temp  
                                             (lpm)       (kPa)      (deg C)  
    09:56:17       0.703         1013        0.100       13.25      25.4141  
    09:56:18       1.375         1013        0.100       13.25     25.49972  
    09:56:18       1.734         1012        0.100       13.25      25.1147  
    09:56:19       2.734         1013        0.100       13.25     24.90517  
    09:56:20       3.734         1012        0.100       13.25     24.94767  
    09:56:21       4.734         1012        0.100       13.25     25.23035  
    09:56:22       5.718         1013        0.100       13.25     25.07285  
    09:56:23       6.718         1012        0.100       13.25     25.15749  
    09:56:24       7.718         1012        0.100       13.25     24.71527  
    09:56:25       8.703         1013        0.100       13.25     24.77432  
    09:56:26       9.703         1012        0.100       13.25     25.34554  
    09:56:27      10.703         1012        0.100       13.25     24.79264  
    09:56:28      11.703         1013        0.100       13.25     25.25871  
    09:56:29      12.718         1012        0.100       13.25     24.51943  
    09:56:30      13.718         1013        0.100       13.25     24.60218  
    09:56:35      18.625         1012        0.100       13.25     24.88316  
    09:56:35      18.687         1012        0.100       13.25     24.88316  
    09:56:35      18.750         1012        0.100       13.25     24.70062  
    09:56:35      18.812         1013        0.100       13.25     24.87589  
    09:56:35      18.875         1013        0.100       13.25     25.08588  
    09:56:39      23.093         1013        0.100       13.25     24.76123  
    09:56:39      23.281         1012        0.100       13.25      24.872   
    09:56:40      23.343         1012        0.100       13.25      24.872   
    09:56:40      23.406         1013        0.100       13.25      25.1628  
    09:56:43      27.250         1012        0.100       13.25     25.34001  
    09:56:44      27.312         1012        0.100       13.25     24.75632  
    09:56:44      27.375         1012        0.100       13.25     25.49644  
    09:56:44      27.468         1012        0.100       13.25     25.49644  
    09:56:44      27.703         1013        0.100       13.25     24.63625  
   
   
   ALARM DATA
   (none)
   
   OUT OF TOLERANCE DATA
   (none)
   
   
   EVENT LOG DATA
   Date / Time                Comment
   16 Dec 2019  09:56:44    Recipe completed.
   
   16 Dec 2019  09:56:44    << JOB COMPLETED ABNORMALLY >>
   
   CHECKED BY: ________________________________________
