                                          In House Testing
                                       Auburn Hills, Michigan
                                   CANISTER PRECONDITIONING SYSTEM
   
                                           DETAIL REPORT
   
   Job Number:    000046                        RemTaskID  :   
   Station Description:       CLB 
   Stn SysID:     CLB                           Stn Abreviation:   2
   Station:       2                             Vehicle No.:   
   Shift:         1                             Engineer:      
   Start Time:    16 Dec 2019  14:15:48         Start Op:      
   End Time:      16 Dec 2019  14:19:05         End Op:        
   Canister ID:   in vehicle
   Can Volume:    0.00 Liters                   Can Work Cap:  0.00 Grams
   
   COMMENTS:
   (None)
   
   
   LEAKTEST SETUP
   -------------------------------------------------------------------------------------------
   Target Pressure:         2.000 kPa           Pressure Tolerance:      1.000 kPa
   Deff Hold Duration:      180.000 sec         Press Hold Duration:     10.000 sec
                                                Timeout:                 1234.000 sec
                                                Pressurize Timeout:      180.000 sec
                                                Deff Tolerance:          0.002 inch
   SG N2:                   0.967               Initial N2 Flow:         0.100 m3/s
                                                Report Interval:         1.000 sec
   
   Barometer at Process Start: 1012 mBar
   Barometer at Process End:   1012 mBar
   
   
   LEAKTEST DETAIL DATA
   -------------------------------------------------------------------------------------------
      Time       TestTime        Baro       N2 Flow    N2 Press     N2 Temp  
                                             (lpm)       (kPa)      (deg C)  
    14:15:49       1.000         1012        0.100       13.25     24.97963  
    14:15:49       1.281         1013        0.100       13.25     24.72295  
    14:15:50       2.016         1012        0.100       13.25     24.92177  
    14:15:51       3.016         1013        0.100       13.25     25.23624  
    14:15:52       4.016         1013        0.100       13.25     24.68865  
    14:15:53       5.016         1013        0.100       13.25     25.11308  
    14:15:54       6.016         1013        0.100       13.25     25.49236  
    14:15:55       7.031         1013        0.100       13.25     24.64389  
    14:15:56       8.031         1013        0.100       13.25      25.4291  
    14:15:57       9.125         1012        0.100       13.25      25.3722  
    14:15:58      10.031         1012        0.100       13.25     25.18802  
    14:15:59      11.000         1012        0.100       13.25      24.5236  
    14:16:00      12.000         1012        0.100       13.25     25.34666  
    14:16:01      13.000         1012        0.100       13.25     24.87363  
    14:16:02      14.000         1013        0.100       13.25     24.63836  
    14:16:03      15.016         1013        0.100       13.25     24.84733  
    14:16:04      16.016         1013        0.100       13.25     25.44652  
    14:16:05      17.016         1012        0.100       13.25     25.04393  
    14:16:06      18.016         1012        0.100       13.25      24.5164  
    14:16:07      19.031         1012        0.100       13.25     25.11252  
    14:16:08      20.031         1013        0.100       13.25     25.42769  
    14:16:09      21.031         1012        0.100       13.25     24.57059  
    14:16:10      22.031         1012        0.100       13.25      25.2067  
    14:16:11      23.000         1013        0.100       13.25     24.78605  
    14:16:12      24.000         1013        0.100       13.25     25.11942  
    14:16:13      25.000         1012        0.100       13.25     24.67539  
    14:16:14      26.000         1012        0.100       13.25     25.42259  
    14:16:15      27.063         1012        0.100       13.25     24.87122  
    14:16:16      28.016         1012        0.100       13.25     24.51635  
    14:16:17      29.016         1012        0.100       13.25     24.62037  
    14:16:18      30.016         1013        0.100       13.25     25.46767  
    14:16:19      31.000         1012        0.100       13.25      24.8778  
    14:16:20      32.000         1012        0.100       13.25     24.81377  
    14:16:21      33.031         1012        0.100       13.25     24.92528  
    14:16:22      34.031         1012        0.100       13.25     25.37754  
    14:16:23      35.000         1013        0.100       13.25      24.6629  
    14:16:24      36.000         1012        0.100       13.25     24.64956  
    14:16:25      37.000         1012        0.100       13.25     24.97626  
    14:16:26      38.000         1013        0.100       13.25     24.78123  
    14:16:27      39.016         1013        0.100       13.25     24.72335  
    14:16:28      40.031         1012        0.100       13.25     24.71508  
    14:16:29      41.016         1012        0.100       13.25     25.17074  
    14:16:30      42.016         1013        0.100       13.25     25.20845  
    14:16:31      43.000         1012        0.100       13.25     24.72485  
    14:16:32      44.000         1012        0.100       13.25     24.90541  
    14:16:33      45.000         1012        0.100       13.25      24.6455  
    14:16:34      46.000         1012        0.100       13.25     24.80687  
    14:16:35      47.110         1012        0.100       13.25     24.58382  
    14:16:36      48.016         1013        0.100       13.25     24.99532  
    14:16:37      49.000         1012        0.100       13.25     25.02133  
    14:16:38      50.000         1012        0.100       13.25     24.69178  
    14:16:39      51.016         1012        0.100       13.25     25.07404  
    14:16:40      52.016         1013        0.100       13.25     25.26982  
    14:16:41      53.016         1013        0.100       13.25     25.34467  
    14:16:42      54.016         1012        0.100       13.25     24.82283  
    14:16:43      55.031         1013        0.100       13.25     24.82629  
    14:16:44      56.031         1013        0.100       13.25     25.45523  
    14:16:45      57.031         1012        0.100       13.25     25.08837  
    14:16:46      58.031         1012        0.100       13.25     24.94647  
    14:16:47      59.000         1012        0.100       13.25     25.14968  
    14:16:48      60.000         1012        0.100       13.25     25.27866  
    14:16:49      61.000         1012        0.100       13.25     25.18896  
    14:16:50      62.000         1012        0.100       13.25     24.51092  
    14:16:51      63.031         1013        0.100       13.25     25.21057  
    14:16:52      64.031         1013        0.100       13.25     24.89869  
    14:16:53      65.031         1013        0.100       13.25     24.79055  
    14:16:54      66.031         1013        0.100       13.25     25.32024  
    14:16:55      67.141         1013        0.100       13.25     24.97471  
    14:16:56      68.000         1013        0.100       13.25      25.3223  
    14:16:57      69.031         1012        0.100       13.25     25.42057  
    14:16:58      70.031         1012        0.100       13.25     25.12392  
    14:16:59      71.000         1012        0.100       13.25     25.27552  
    14:17:00      72.000         1013        0.100       13.25      25.2935  
    14:17:01      73.000         1012        0.100       13.25     25.29599  
    14:17:02      74.000         1013        0.100       13.25     24.57477  
    14:17:03      75.016         1013        0.100       13.25      24.9095  
    14:17:04      76.016         1012        0.100       13.25     25.33795  
    14:17:05      77.016         1012        0.100       13.25     25.33742  
    14:17:06      78.016         1012        0.100       13.25     24.58223  
    14:17:07      79.031         1012        0.100       13.25     24.58828  
    14:17:08      80.031         1012        0.100       13.25      25.394   
    14:17:09      81.031         1012        0.100       13.25     25.29023  
    14:17:10      82.031         1013        0.100       13.25     25.41776  
    14:17:11      83.000         1012        0.100       13.25     25.14842  
    14:17:12      84.000         1012        0.100       13.25     24.53326  
    14:17:13      85.047         1013        0.100       13.25     25.21309  
    14:17:14      86.000         1013        0.100       13.25     25.17745  
    14:17:15      87.016         1012        0.100       13.25     25.12096  
    14:17:16      88.016         1012        0.100       13.25     25.32229  
    14:17:17      89.031         1012        0.100       13.25     25.00791  
    14:17:18      90.031         1012        0.100       13.25     25.03428  
    14:17:19      91.016         1012        0.100       13.25     25.03695  
    14:17:20      92.031         1012        0.100       13.25      24.8509  
    14:17:21      93.000         1013        0.100       13.25      25.3884  
    14:17:22      94.000         1013        0.100       13.25     24.76691  
    14:17:23      95.016         1012        0.100       13.25     24.54801  
    14:17:24      96.016         1012        0.100       13.25     25.19926  
    14:17:25      97.031         1012        0.100       13.25     24.59331  
    14:17:26      98.031         1012        0.100       13.25      24.9223  
    14:17:27      99.000         1012        0.100       13.25     24.57829  
    14:17:28      100.000        1012        0.100       13.25     25.44919  
    14:17:29      101.016        1013        0.100       13.25     24.60985  
    14:17:30      102.016        1013        0.100       13.25     24.56767  
    14:17:31      103.031        1013        0.100       13.25     25.17714  
    14:17:32      104.031        1013        0.100       13.25     24.96171  
    14:17:33      105.141        1012        0.100       13.25     24.86405  
    14:17:34      106.000        1013        0.100       13.25     25.32999  
    14:17:35      107.000        1012        0.100       13.25     25.31491  
    14:17:36      108.000        1012        0.100       13.25     25.06131  
    14:17:37      109.016        1012        0.100       13.25     25.04582  
    14:17:38      110.016        1012        0.100       13.25     24.99714  
    14:17:39      111.031        1013        0.100       13.25     24.96942  
    14:17:40      112.031        1012        0.100       13.25     24.90327  
    14:17:41      113.031        1013        0.100       13.25     25.25618  
    14:17:42      114.031        1013        0.100       13.25      24.7114  
    14:17:43      115.000        1012        0.100       13.25     25.15937  
    14:17:44      116.000        1013        0.100       13.25     25.49504  
    14:17:45      117.016        1013        0.100       13.25     24.93638  
    14:17:46      118.016        1013        0.100       13.25     25.09473  
    14:17:47      119.031        1012        0.100       13.25     25.05307  
    14:17:48      120.031        1013        0.100       13.25     25.00619  
    14:17:49      121.000        1012        0.100       13.25     24.92642  
    14:17:50      122.000        1012        0.100       13.25     24.51431  
    14:17:51      123.110        1012        0.100       13.25     25.37493  
    14:17:52      124.016        1013        0.100       13.25     24.95071  
    14:17:53      125.031        1012        0.100       13.25     24.56381  
    14:17:54      126.031        1012        0.100       13.25     25.26068  
    14:17:55      127.016        1012        0.100       13.25     25.01844  
    14:17:56      128.016        1012        0.100       13.25     25.09124  
    14:17:57      129.031        1013        0.100       13.25     24.58175  
    14:17:58      130.031        1012        0.100       13.25     24.73734  
    14:17:59      131.000        1012        0.100       13.25     24.61406  
    14:18:00      132.000        1013        0.100       13.25     24.52639  
    14:18:01      133.000        1013        0.100       13.25     24.98587  
    14:18:02      134.000        1012        0.100       13.25     25.01441  
    14:18:03      135.016        1013        0.100       13.25     24.67366  
    14:18:04      136.016        1013        0.100       13.25      24.7733  
    14:18:05      137.031        1013        0.100       13.25     24.88688  
    14:18:06      138.031        1012        0.100       13.25     25.29295  
    14:18:07      139.000        1012        0.100       13.25     25.18144  
    14:18:08      140.000        1013        0.100       13.25     24.60299  
    14:18:09      141.000        1013        0.100       13.25     25.24255  
    14:18:10      142.110        1012        0.100       13.25     25.03101  
    14:18:11      143.016        1012        0.100       13.25     25.11412  
    14:18:12      144.016        1013        0.100       13.25     24.57391  
    14:18:13      145.016        1012        0.100       13.25     24.71871  
    14:18:14      146.016        1012        0.100       13.25     25.04632  
    14:18:15      147.031        1012        0.100       13.25     24.58706  
    14:18:16      148.031        1012        0.100       13.25     24.95924  
    14:18:17      149.000        1012        0.100       13.25     24.83314  
    14:18:18      150.000        1013        0.100       13.25     25.39041  
    14:18:19      151.031        1013        0.100       13.25     25.30944  
    14:18:20      152.031        1012        0.100       13.25     24.73721  
    14:18:21      153.031        1013        0.100       13.25      24.7327  
    14:18:22      154.031        1012        0.100       13.25     25.11188  
    14:18:23      155.000        1012        0.100       13.25     24.76987  
    14:18:24      156.000        1012        0.100       13.25     24.66674  
    14:18:25      157.016        1012        0.100       13.25     24.91162  
    14:18:26      158.016        1012        0.100       13.25     24.59878  
    14:18:27      159.031        1012        0.100       13.25     24.54842  
    14:18:28      160.031        1013        0.100       13.25     24.71696  
    14:18:29      161.141        1012        0.100       13.25     25.35322  
    14:18:30      162.000        1012        0.100       13.25     25.13248  
    14:18:31      163.000        1012        0.100       13.25     24.71547  
    14:18:32      164.000        1013        0.100       13.25     24.57345  
    14:18:33      165.016        1012        0.100       13.25     24.50848  
    14:18:34      166.016        1013        0.100       13.25     24.62633  
    14:18:35      167.031        1012        0.100       13.25     24.73328  
    14:18:36      168.031        1013        0.100       13.25     25.39216  
    14:18:37      169.000        1012        0.100       13.25     24.50428  
    14:18:38      170.000        1013        0.100       13.25     24.95969  
    14:18:39      171.031        1013        0.100       13.25     24.75287  
    14:18:40      172.031        1012        0.100       13.25     24.96093  
    14:18:41      173.000        1012        0.100       13.25     24.83565  
    14:18:42      174.000        1012        0.100       13.25     24.77991  
    14:18:43      175.016        1013        0.100       13.25      24.8369  
    14:18:44      176.016        1012        0.100       13.25     24.70582  
    14:18:45      177.016        1013        0.100       13.25     25.17693  
    14:18:46      178.016        1012        0.100       13.25     24.62878  
    14:18:47      179.125        1012        0.100       13.25     24.90769  
    14:18:48      180.031        1013        0.100       13.25     25.37959  
    14:18:49      181.000        1012        0.100       13.25     24.75452  
    14:18:50      182.000        1012        0.100       13.25     25.16822  
    14:18:51      183.000        1012        0.100       13.25     25.10909  
    14:18:52      184.000        1012        0.100       13.25     25.27442  
    14:18:53      185.016        1013        0.100       13.25     25.27294  
    14:18:54      186.016        1012        0.100       13.25     25.43533  
    14:18:55      187.031        1012        0.100       13.25     25.27512  
    14:18:56      188.031        1012        0.100       13.25     24.82466  
    14:18:57      189.000        1012        0.100       13.25     24.97784  
    14:18:58      190.000        1012        0.100       13.25     25.18397  
    14:18:59      191.016        1013        0.100       13.25      24.7349  
    14:19:00      192.016        1013        0.100       13.25     24.58034  
    14:19:01      193.031        1012        0.100       13.25     24.87717  
    14:19:02      194.031        1013        0.100       13.25     25.32851  
    14:19:03      195.000        1012        0.100       13.25     25.18906  
    14:19:04      196.000        1012        0.100       13.25     24.82317  
    14:19:04      196.203        1012        0.100       13.25     24.87795  
    14:19:05      197.110        1012        0.100       13.25     25.05293  
   
   
   ALARM DATA
   (none)
   
   OUT OF TOLERANCE DATA
   Date / Time                Comment
   16 Dec 2019  14:16:24    Nitrogen Flow OOT (SP=0.000 PV=0.002)
   
   
   EVENT LOG DATA
   Date / Time                Comment
   16 Dec 2019  14:19:06    Recipe completed.
   
   16 Dec 2019  14:19:05    JOB COMPLETED NORMALLY
   
   CHECKED BY: ________________________________________
