                                          In House Testing
                                       Auburn Hills, Michigan
                                   CANISTER PRECONDITIONING SYSTEM
   
                                           DETAIL REPORT
   
   Job Number:    000048                        RemTaskID  :   
   Station Description:       CLB 
   Stn SysID:     CLB                           Stn Abreviation:   2
   Station:       2                             Vehicle No.:   
   Shift:         1                             Engineer:      
   Start Time:    6 Jan 2020  13:21:27          Start Op:      
   End Time:      6 Jan 2020  13:21:34          End Op:        
   Canister ID:   in vehicle
   Can Volume:    0.00 Liters                   Can Work Cap:  0.00 Grams
   
   COMMENTS:
   (None)
   
   
   LEAKTEST SETUP
   -------------------------------------------------------------------------------------------
   Target Pressure:         2.000 kPa           Pressure Tolerance:      1.000 kPa
   Deff Hold Duration:      180.000 sec         Press Hold Duration:     10.000 sec
                                                Timeout:                 1234.000 sec
                                                Pressurize Timeout:      180.000 sec
                                                Deff Tolerance:          0.002 inch
   SG N2:                   0.967               Initial N2 Flow:         0.100 m3/s
                                                Report Interval:         1.000 sec
   
   Barometer at Process Start: 1013 mBar
   Barometer at Process End:   1012 mBar
   
   
   LEAKTEST DETAIL DATA
   -------------------------------------------------------------------------------------------
      Time       TestTime        Baro       N2 Flow    N2 Press     N2 Temp  
                                             (lpm)       (kPa)      (deg C)  
    13:21:27       0.406         1013        0.100       13.25     24.56287  
    13:21:28       1.406         1012        0.100       13.25     25.38391  
    13:21:28       1.422         1012        0.100       13.25     25.38391  
    13:21:29       2.406         1013        0.100       13.25     25.05647  
    13:21:30       3.406         1012        0.100       13.25     24.67036  
    13:21:31       4.406         1012        0.100       13.25     25.11746  
    13:21:32       5.422         1012        0.100       13.25     25.19979  
    13:21:33       6.437         1012        0.100       13.25     25.36837  
    13:21:34       7.437         1012        0.100       13.25     24.73696  
   
   
   ALARM DATA
   (none)
   
   OUT OF TOLERANCE DATA
   (none)
   
   
   EVENT LOG DATA
   Date / Time                Comment
   6 Jan 2020  13:21:35    Recipe completed.
   
   6 Jan 2020  13:21:34    << JOB COMPLETED ABNORMALLY >>
   
   CHECKED BY: ________________________________________
