                                          In House Testing
                                       Auburn Hills, Michigan
                                   CANISTER PRECONDITIONING SYSTEM
   
                                           DETAIL REPORT
   
   Job Number:    000091                        
   Station Description:       Station #5 
   Stn SysID:     CLE                           Stn Abreviation:   5
   Station:       5                             Vehicle No.:   
   Shift:         1                             Engineer:      
   Start Time:    13 Jan 2020  11:20:16         Start Op:      
   End Time:      13 Jan 2020  11:20:29         End Op:        
   Canister ID:   in vehicle
   Can Volume:    0.00 Liters                   Can Work Cap:  0.00 Grams
   
   COMMENTS:
   (None)
   
   
   LEAKTEST SETUP
   -------------------------------------------------------------------------------------------
   Target Pressure:         2.000 kPa           Pressure Tolerance:      1.000 kPa
   Deff Hold Duration:      4.000 sec           Press Hold Duration:     3.000 sec
                                                Timeout:                 4.000 sec
                                                Pressurize Timeout:      3.000 sec
                                                Deff Tolerance:          0.002 inch
   SG N2:                   0.967               Initial N2 Flow:         0.100 m3/s
                                                Report Interval:         1.000 sec
   
   Barometer at Process Start: 1012 mBar
   Barometer at Process End:   1012 mBar
   
   
   LEAKTEST DETAIL DATA
   -------------------------------------------------------------------------------------------
      Time       TestTime        Baro       N2 Flow    N2 Press     N2 Temp  
                                             (lpm)       (kPa)      (deg C)  
    11:20:16       0.906         1012        0.100       13.25     24.77558  
    11:20:17       1.422         1013        0.100       13.25      24.6559  
    11:20:17       1.922         1013        0.100       13.25     24.98491  
    11:20:18       2.922         1012        0.100       13.25     24.67613  
    11:20:19       3.906         1013        0.100       13.25     24.66521  
    11:20:20       4.906         1012        0.100       13.25     24.58776  
    11:20:21       5.906         1012        0.100       13.25     24.91617  
    11:20:22       6.937         1012        0.100       13.25     25.06084  
    11:20:23       7.937         1012        0.100       13.25     24.51943  
    11:20:24       8.937         1012        0.100       13.25     24.80448  
    11:20:25       9.937         1012        0.100       13.25      24.872   
    11:20:26      10.937         1013        0.100       13.25     25.11288  
    11:20:27      11.937         1012        0.100       13.25     25.36825  
    11:20:28      12.890         1013        0.100       13.25     25.17333  
    11:20:28      12.937         1013        0.100       13.25     25.17333  
   
   
   ALARM DATA
   (none)
   
   OUT OF TOLERANCE DATA
   (none)
   
   
   EVENT LOG DATA
   Date / Time                Comment
   13 Jan 2020  11:20:36    Recipe completed.
   
   13 Jan 2020  11:20:29    JOB COMPLETED NORMALLY
   
   CHECKED BY: ________________________________________
