                                          In House Testing
                                       Auburn Hills, Michigan
                                   CANISTER PRECONDITIONING SYSTEM
   
                                           DETAIL REPORT
   
   Job Number:    000037                        RemTaskID  :   
   Station Description:       CLB 
   Stn SysID:     CLB                           Stn Abreviation:   2
   Station:       2                             Vehicle No.:   
   Shift:         1                             Engineer:      
   Start Time:    16 Dec 2019  10:14:22         Start Op:      
   End Time:      16 Dec 2019  10:16:35         End Op:        
   Canister ID:   in vehicle
   Can Volume:    0.00 Liters                   Can Work Cap:  0.00 Grams
   
   COMMENTS:
   (None)
   
   
   LEAKTEST SETUP
   -------------------------------------------------------------------------------------------
   Target Pressure:         2.000 kPa           Pressure Tolerance:      1.000 kPa
   Deff Hold Duration:      180.000 sec         Press Hold Duration:     10.000 sec
                                                Timeout:                 1234.000 sec
                                                Pressurize Timeout:      300.000 sec
                                                Deff Tolerance:          0.002 inch
   SG N2:                   0.967               Initial N2 Flow:         0.100 m3/s
                                                Report Interval:         1.000 sec
   
   Barometer at Process Start: 1013 mBar
   Barometer at Process End:   1013 mBar
   
   
   LEAKTEST DETAIL DATA
   -------------------------------------------------------------------------------------------
      Time       TestTime        Baro       N2 Flow    N2 Press     N2 Temp  
                                             (lpm)       (kPa)      (deg C)  
    10:14:22       0.266         1013        0.100       13.25     24.55502  
    10:14:23       0.781         1012        0.100       13.25      24.5156  
    10:14:23       1.281         1012        0.100       13.25     25.09798  
    10:14:24       2.281         1012        0.100       13.25     24.96669  
    10:14:25       3.281         1012        0.100       13.25     24.78218  
    10:14:26       4.281         1012        0.100       13.25     24.75594  
    10:14:27       5.281         1012        0.100       13.25     24.60232  
    10:14:28       6.281         1012        0.100       13.25     25.37706  
    10:14:29       7.281         1013        0.100       13.25     25.13498  
    10:14:30       8.281         1012        0.100       13.25     24.91617  
    10:14:31       9.281         1012        0.100       13.25     25.11983  
    10:14:32      10.281         1012        0.100       13.25     24.98314  
    10:14:33      11.297         1013        0.100       13.25     25.39631  
    10:14:34      12.297         1012        0.100       13.25     24.88316  
    10:16:28      125.703        1012        0.100       13.25     25.34001  
    10:16:31      129.047        1013        0.100       13.25     24.91827  
    10:16:31      129.281        1013        0.100       13.25     24.63625  
    10:16:35      132.688        1012        0.100       13.25      24.7482  
    10:16:35      132.985        1013        0.100       13.25     25.40724  
    10:16:35      133.047        1012        0.100       13.25     24.93134  
    10:16:35      133.110        1012        0.100       13.25     25.42367  
    10:16:35      133.172        1012        0.100       13.25     24.64434  
    10:16:35      133.235        1012        0.100       13.25     24.64434  
    10:16:35      133.297        1013        0.100       13.25     24.71642  
   
   
   ALARM DATA
   (none)
   
   OUT OF TOLERANCE DATA
   (none)
   
   
   EVENT LOG DATA
   Date / Time                Comment
   16 Dec 2019  10:16:35    Recipe completed.
   
   16 Dec 2019  10:16:35    << JOB COMPLETED ABNORMALLY >>
   
   CHECKED BY: ________________________________________
