                                          In House Testing
                                       Auburn Hills, Michigan
                                   CANISTER PRECONDITIONING SYSTEM
   
                                           DETAIL REPORT
   
   Job Number:    000106                        
   Station Description:       Station #5 
   Stn SysID:     CLE                           Stn Abreviation:   5
   Station:       5                             Vehicle No.:   
   Shift:         1                             Engineer:      
   Start Time:    16 Jan 2020  13:20:16         Start Op:      
   End Time:      16 Jan 2020  13:20:23         End Op:        
   Canister ID:   in vehicle
   Can Volume:    0.00 Liters                   Can Work Cap:  0.00 Grams
   
   COMMENTS:
   (None)
   
   
   LEAKTEST SETUP
   -------------------------------------------------------------------------------------------
   Target Pressure:         2.000 kPa           Pressure Tolerance:      1.000 kPa
   Deff Hold Duration:      4.000 sec           Press Hold Duration:     3.000 sec
                                                Timeout:                 4.000 sec
                                                Pressurize Timeout:      3.000 sec
                                                Deff Tolerance:          0.002 inch
   SG N2:                   0.967               Initial N2 Flow:         0.100 m3/s
                                                Report Interval:         1.000 sec
   
   Barometer at Process Start: 1013 mBar
   Barometer at Process End:   1012 mBar
   
   
   LEAKTEST DETAIL DATA
   -------------------------------------------------------------------------------------------
      Time       TestTime        Baro       N2 Flow    N2 Press     N2 Temp  
                                             (lpm)       (kPa)      (deg C)  
    13:20:16       0.781         1013        0.100       13.25     25.37078  
    13:20:17       1.297         1012        0.100       13.25     24.79734  
    13:20:17       1.797         1012        0.100       13.25     24.80513  
    13:20:18       2.797         1013        0.100       13.25     24.68003  
    13:20:19       3.781         1013        0.100       13.25     25.30986  
    13:20:20       4.781         1012        0.100       13.25     25.39339  
    13:20:21       5.781         1012        0.100       13.25     25.32199  
    13:20:22       6.781         1012        0.100       13.25     25.05474  
    13:20:23       7.813         1012        0.100       13.25     25.23919  
   
   
   ALARM DATA
   (none)
   
   OUT OF TOLERANCE DATA
   (none)
   
   
   EVENT LOG DATA
   Date / Time                Comment
   16 Jan 2020  13:20:24    Recipe completed.
   
   16 Jan 2020  13:20:23    << JOB COMPLETED ABNORMALLY >>
   
   CHECKED BY: ________________________________________
