                                          In House Testing
                                       Auburn Hills, Michigan
                                   CANISTER PRECONDITIONING SYSTEM
   
                                           DETAIL REPORT
   
   Job Number:    000026                        RemTaskID  :   
   Station Description:       CLB 
   Stn SysID:     CLB                           Stn Abreviation:   2
   Station:       2                             Vehicle No.:   
   Shift:         1                             Engineer:      
   Start Time:    16 Dec 2019  09:13:09         Start Op:      
   End Time:      16 Dec 2019  09:14:02         End Op:        
   Canister ID:   in vehicle
   Can Volume:    0.00 Liters                   Can Work Cap:  0.00 Grams
   
   COMMENTS:
   (None)
   
   
   LEAKTEST SETUP
   -------------------------------------------------------------------------------------------
   Target Pressure:         2.000 kPa           Pressure Tolerance:      1.000 kPa
   Deff Hold Duration:      180.000 sec         Press Hold Duration:     10.000 sec
                                                Timeout:                 1234.000 sec
                                                Pressurize Timeout:      300.000 sec
                                                Deff Tolerance:          0.002 inch
   SG N2:                   0.967               Initial N2 Flow:         0.100 m3/s
                                                Report Interval:         1.000 sec
   
   Barometer at Process Start: 1012 mBar
   Barometer at Process End:   1012 mBar
   
   
   LEAKTEST DETAIL DATA
   -------------------------------------------------------------------------------------------
      Time       TestTime        Baro       N2 Flow    N2 Press     N2 Temp  
                                             (lpm)       (kPa)      (deg C)  
    09:13:09       0.844         1012        0.100       13.25     25.42367  
    09:13:10       1.406         1012        0.100       13.25     24.58449  
    09:13:10       1.859         1012        0.100       13.25     24.99048  
    09:13:11       2.859         1013        0.100       13.25     25.06917  
    09:13:12       3.875         1012        0.100       13.25     25.09757  
    09:13:13       4.875         1013        0.100       13.25     24.52546  
    09:13:14       5.875         1013        0.100       13.25     25.19513  
    09:13:15       6.875         1012        0.100       13.25     25.38729  
    09:13:16       7.875         1013        0.100       13.25     25.18319  
    09:13:17       8.859         1012        0.100       13.25     24.93959  
    09:13:18       9.859         1012        0.100       13.25     25.12324  
    09:13:19      10.875         1012        0.100       13.25     24.68619  
    09:13:20      11.875         1013        0.100       13.25     24.51922  
    09:13:21      12.844         1012        0.100       13.25     24.92763  
    09:13:22      13.844         1013        0.100       13.25     24.87464  
    09:13:57      48.063         1012        0.100       13.25     25.44733  
    09:13:57      48.281         1012        0.100       13.25     24.84345  
    09:13:57      48.344         1013        0.100       13.25     24.55477  
    09:13:57      48.422         1012        0.100       13.25     25.09798  
    09:13:57      48.500         1013        0.100       13.25     25.28888  
    09:13:57      48.563         1012        0.100       13.25     25.03813  
    09:13:59      50.234         1013        0.100       13.25     24.78557  
    09:13:59      50.297         1013        0.100       13.25     24.78557  
    09:13:59      50.359         1012        0.100       13.25     25.41499  
    09:13:59      50.422         1012        0.100       13.25     25.40856  
    09:13:59      50.500         1012        0.100       13.25     25.40856  
    09:13:59      50.563         1013        0.100       13.25     25.14915  
    09:13:59      50.625         1012        0.100       13.25     24.79191  
    09:13:59      50.688         1013        0.100       13.25     24.76768  
    09:13:59      50.797         1013        0.100       13.25     24.76768  
    09:13:59      50.875         1013        0.100       13.25     24.82974  
    09:13:59      50.938         1012        0.100       13.25     25.25137  
    09:14:00      52.047         1012        0.100       13.25     24.77928  
    09:14:01      52.109         1012        0.100       13.25     24.77928  
    09:14:01      52.172         1012        0.100       13.25     24.76073  
    09:14:01      52.234         1013        0.100       13.25     25.32091  
    09:14:01      52.297         1012        0.100       13.25     24.95974  
    09:14:01      52.359         1012        0.100       13.25     24.95974  
    09:14:02      53.500         1013        0.100       13.25     24.66901  
    09:14:02      53.594         1013        0.100       13.25     24.66901  
    09:14:02      53.656         1012        0.100       13.25     24.90603  
    09:14:02      53.719         1013        0.100       13.25     25.07733  
    09:14:02      53.781         1012        0.100       13.25      24.7261  
    09:14:02      53.844         1012        0.100       13.25      24.7261  
    09:14:02      53.922         1012        0.100       13.25     25.33263  
    09:14:02      54.000         1012        0.100       13.25     24.54459  
    09:14:03      54.063         1013        0.100       13.25     25.08039  
    09:14:03      54.125         1012        0.100       13.25     25.38608  
    09:14:03      54.188         1012        0.100       13.25     25.38608  
    09:14:03      54.250         1013        0.100       13.25     25.07623  
    09:14:03      54.313         1013        0.100       13.25     25.01839  
   
   
   ALARM DATA
   (none)
   
   OUT OF TOLERANCE DATA
   (none)
   
   
   EVENT LOG DATA
   Date / Time                Comment
   16 Dec 2019  09:14:03    Recipe completed.
   
   16 Dec 2019  09:14:02    << JOB COMPLETED ABNORMALLY >>
   
   CHECKED BY: ________________________________________
