                                          In House Testing
                                       Auburn Hills, Michigan
                                   CANISTER PRECONDITIONING SYSTEM
   
                                           DETAIL REPORT
   
   Job Number:    000093                        
   Station Description:       Station #1 
   Stn SysID:     CLA                           Stn Abreviation:   1
   Station:       1                             Vehicle No.:   
   Shift:         1                             Engineer:      
   Start Time:    13 Jan 2020  13:33:34         Start Op:      
   End Time:      13 Jan 2020  13:33:47         End Op:        
   Canister ID:   Canister from T.O.M.
   Can Volume:    1.00 Liters                   Can Work Cap:  10.00 Grams
   
   COMMENTS:
   (None)
   
   
   RECIPE DATA
   Recipe Name: test 1/13
    
   ------------------------ Number of Cycles: 1 -----------------------
   Cycle Type:              Purge - Load        
   Start Method:            Start without delay 
   Purge Method:            No Purge            Load Method:             No Load
                                                 
                                                 
                                                 
                                                 
                                                 
                                                 
                                                 
                                                 
   Pause after Purge Time:  0.0 minutes         Pause after Load Time:   0.0 minutes
                                                 
                                                 
   Perform Leak Check:      Yes                 
   Leak Check Aux:          No                  Use Aux Scale:           Yes  Scale No. 1
   Leak Check Pri:          Yes                 Use Pri Scale:           No
   Pause after Leak Time:   0.0 minutes         Use LineVolume:          No 
   
   Barometer at Process Start: 1012 mBar
   Barometer at Process End:   1012 mBar
   
   
   LEAK CHECK
      Time    Pressure                      Comment                    
               (psig)                                                  
    13:33:34     0.00    Primary Leak Check - Begin Purging            
    13:33:34     0.00    Primary                                       
    13:33:35     0.00    Primary                                       
    13:33:36     0.00    Primary Leak Check - Begin Pressurize         
    13:33:37     0.83    Primary Leak Check - Begin Testing            
    13:33:38     1.18    Primary                                       
    13:33:39     1.18    Primary                                       
    13:33:40     1.18    Primary                                       
    13:33:41     1.18    Primary                                       
    13:33:42     1.18    Primary                                       
    13:33:43     1.18    Primary                                       
    13:33:44     1.18    Primary                                       
    13:33:45     1.18    Primary                                       
    13:33:46     1.18    Primary                                       
    13:33:47     1.18    Primary PASSED                                
   
   
   
   
   ALARM DATA
   (none)
   
   OUT OF TOLERANCE DATA
   (none)
   
   
   EVENT LOG DATA
   Date / Time                Comment
   13 Jan 2020  13:33:34    Course #1 started.
   13 Jan 2020  13:33:47    Recipe completed.
   13 Jan 2020  13:33:47    Primary Leakcheck PASSED
   
   13 Jan 2020  13:33:47    JOB COMPLETED NORMALLY
   
   CHECKED BY: ________________________________________
