                                          In House Testing
                                       Auburn Hills, Michigan
                                   CANISTER PRECONDITIONING SYSTEM
   
                                           DETAIL REPORT
   
   Job Number:    000041                        RemTaskID  :   
   Station Description:       CLB 
   Stn SysID:     CLB                           Stn Abreviation:   2
   Station:       2                             Vehicle No.:   
   Shift:         1                             Engineer:      
   Start Time:    16 Dec 2019  10:52:12         Start Op:      
   End Time:      16 Dec 2019  10:55:28         End Op:        
   Canister ID:   in vehicle
   Can Volume:    0.00 Liters                   Can Work Cap:  0.00 Grams
   
   COMMENTS:
   (None)
   
   
   LEAKTEST SETUP
   -------------------------------------------------------------------------------------------
   Target Pressure:         2.000 kPa           Pressure Tolerance:      1.000 kPa
   Deff Hold Duration:      180.000 sec         Press Hold Duration:     10.000 sec
                                                Timeout:                 1234.000 sec
                                                Pressurize Timeout:      300.000 sec
                                                Deff Tolerance:          0.002 inch
   SG N2:                   0.967               Initial N2 Flow:         0.100 m3/s
                                                Report Interval:         1.000 sec
   
   Barometer at Process Start: 1012 mBar
   Barometer at Process End:   1012 mBar
   
   
   LEAKTEST DETAIL DATA
   -------------------------------------------------------------------------------------------
      Time       TestTime        Baro       N2 Flow    N2 Press     N2 Temp  
                                             (lpm)       (kPa)      (deg C)  
    10:52:13       1.000         1012        0.100       13.25     24.71469  
    10:52:13       1.031         1013        0.100       13.25     25.46275  
    10:52:14       2.015         1012        0.100       13.25     24.93417  
    10:52:15       3.015         1013        0.100       13.25     25.05432  
    10:52:16       4.015         1012        0.100       13.25      25.4159  
    10:52:17       5.015         1013        0.100       13.25     25.41755  
    10:52:18       6.015         1012        0.100       13.25     25.44487  
    10:52:19       7.015         1012        0.100       13.25     24.57589  
    10:52:20       8.015         1012        0.100       13.25     24.85386  
    10:52:21       9.015         1012        0.100       13.25     25.17691  
    10:52:22      10.015         1013        0.100       13.25     24.76958  
    10:52:23      11.015         1013        0.100       13.25     25.49633  
    10:52:24      12.015         1013        0.100       13.25      25.2928  
    10:52:25      13.015         1012        0.100       13.25     25.37313  
    10:52:26      14.015         1012        0.100       13.25     24.55278  
    10:52:27      15.015         1012        0.100       13.25     25.15309  
    10:52:28      16.015         1012        0.100       13.25     24.61909  
    10:52:29      17.015         1013        0.100       13.25     24.83492  
    10:52:30      18.031         1012        0.100       13.25     25.36812  
    10:52:31      19.031         1013        0.100       13.25     25.40084  
    10:52:32      20.031         1013        0.100       13.25     24.68211  
    10:52:33      21.031         1012        0.100       13.25     24.56313  
    10:52:34      22.031         1012        0.100       13.25      24.5083  
    10:52:35      23.000         1012        0.100       13.25     24.75852  
    10:52:36      24.000         1013        0.100       13.25     24.69895  
    10:52:37      25.000         1013        0.100       13.25     25.08735  
    10:52:38      26.000         1013        0.100       13.25      24.516   
    10:52:39      27.000         1012        0.100       13.25     25.13513  
    10:52:40      28.000         1013        0.100       13.25     25.19707  
    10:52:41      29.000         1012        0.100       13.25     24.87082  
    10:52:42      30.000         1013        0.100       13.25     24.85406  
    10:52:43      31.000         1012        0.100       13.25     24.55819  
    10:52:44      32.000         1012        0.100       13.25     24.72653  
    10:52:45      33.000         1013        0.100       13.25     25.48816  
    10:52:46      34.000         1012        0.100       13.25     24.77413  
    10:52:47      35.000         1012        0.100       13.25     24.82264  
    10:52:48      36.000         1013        0.100       13.25     24.76893  
    10:52:49      37.000         1012        0.100       13.25     24.61968  
    10:52:50      38.000         1012        0.100       13.25     25.38179  
    10:52:51      39.000         1012        0.100       13.25     25.40741  
    10:52:52      40.000         1013        0.100       13.25     25.32062  
    10:52:53      41.000         1012        0.100       13.25     24.74627  
    10:52:54      42.000         1012        0.100       13.25     24.56459  
    10:52:55      43.000         1013        0.100       13.25     24.89459  
    10:52:56      44.000         1012        0.100       13.25     25.40864  
    10:52:57      45.000         1013        0.100       13.25     24.75317  
    10:52:58      46.000         1013        0.100       13.25      25.2402  
    10:52:59      47.000         1012        0.100       13.25     25.01408  
    10:53:00      48.000         1013        0.100       13.25     25.07626  
    10:53:01      49.000         1012        0.100       13.25     25.15303  
    10:53:02      50.000         1012        0.100       13.25     24.87029  
    10:53:03      51.000         1012        0.100       13.25     24.64654  
    10:53:04      52.000         1012        0.100       13.25     24.66591  
    10:53:05      53.015         1012        0.100       13.25     24.63781  
    10:53:06      54.015         1013        0.100       13.25     25.39059  
    10:53:07      55.015         1012        0.100       13.25     25.42199  
    10:53:08      56.015         1013        0.100       13.25     25.29485  
    10:53:09      57.015         1012        0.100       13.25     24.59998  
    10:53:10      58.015         1012        0.100       13.25     25.32924  
    10:53:11      59.015         1012        0.100       13.25     24.87132  
    10:53:12      60.015         1013        0.100       13.25      24.6384  
    10:53:13      61.015         1012        0.100       13.25     25.08085  
    10:53:14      62.015         1012        0.100       13.25     24.56627  
    10:53:15      63.015         1013        0.100       13.25     24.90056  
    10:53:16      64.015         1013        0.100       13.25     25.46119  
    10:53:17      65.015         1012        0.100       13.25     24.57341  
    10:53:18      66.015         1012        0.100       13.25     24.75456  
    10:53:19      67.015         1012        0.100       13.25     25.31478  
    10:53:20      68.015         1012        0.100       13.25     24.65766  
    10:53:21      69.015         1012        0.100       13.25     25.18235  
    10:53:22      70.015         1013        0.100       13.25      25.1422  
    10:53:23      71.015         1012        0.100       13.25     25.06595  
    10:53:24      72.015         1013        0.100       13.25     24.95885  
    10:53:25      73.015         1012        0.100       13.25     24.71544  
    10:53:26      74.015         1012        0.100       13.25     25.36152  
    10:53:27      75.015         1012        0.100       13.25     25.09479  
    10:53:28      76.015         1012        0.100       13.25     25.44793  
    10:53:29      77.015         1012        0.100       13.25     25.42546  
    10:53:30      78.015         1013        0.100       13.25     24.57108  
    10:53:31      79.015         1013        0.100       13.25     24.74869  
    10:53:32      80.015         1012        0.100       13.25     24.80498  
    10:53:33      81.015         1013        0.100       13.25     24.85773  
    10:53:34      82.015         1012        0.100       13.25     25.23289  
    10:53:35      83.000         1013        0.100       13.25      25.2712  
    10:53:36      84.015         1013        0.100       13.25     24.91367  
    10:53:37      85.015         1012        0.100       13.25     24.78633  
    10:53:38      86.015         1013        0.100       13.25     25.29195  
    10:53:39      87.015         1013        0.100       13.25      25.4117  
    10:53:40      88.015         1013        0.100       13.25     25.43599  
    10:53:41      89.015         1013        0.100       13.25     24.68403  
    10:53:42      90.015         1012        0.100       13.25     24.80381  
    10:53:43      91.015         1012        0.100       13.25     25.23796  
    10:53:44      92.015         1013        0.100       13.25     24.96231  
    10:53:45      93.015         1013        0.100       13.25     24.89473  
    10:53:46      94.015         1012        0.100       13.25     25.26788  
    10:53:47      95.015         1012        0.100       13.25     25.10386  
    10:53:48      96.015         1012        0.100       13.25     24.82521  
    10:53:49      97.015         1012        0.100       13.25     25.42796  
    10:53:50      98.015         1013        0.100       13.25     25.39741  
    10:53:51      99.015         1013        0.100       13.25     25.21417  
    10:53:52      100.015        1013        0.100       13.25     25.01846  
    10:53:53      101.015        1012        0.100       13.25     24.52671  
    10:53:54      102.015        1013        0.100       13.25     24.55864  
    10:53:55      103.015        1013        0.100       13.25     24.79192  
    10:53:56      104.015        1012        0.100       13.25     25.46386  
    10:53:57      105.015        1013        0.100       13.25     25.26215  
    10:53:58      106.015        1012        0.100       13.25     25.09248  
    10:53:59      107.015        1013        0.100       13.25     25.18793  
    10:54:00      108.015        1013        0.100       13.25     25.13568  
    10:54:01      109.015        1012        0.100       13.25     24.96062  
    10:54:02      110.015        1013        0.100       13.25     24.58495  
    10:54:03      111.015        1013        0.100       13.25     25.30732  
    10:54:04      112.015        1012        0.100       13.25     24.98654  
    10:54:05      113.000        1013        0.100       13.25     24.69929  
    10:54:06      114.000        1013        0.100       13.25      24.8398  
    10:54:07      115.000        1012        0.100       13.25     24.85761  
    10:54:08      116.000        1013        0.100       13.25     24.86224  
    10:54:09      117.000        1012        0.100       13.25     24.71337  
    10:54:10      118.000        1012        0.100       13.25     25.09696  
    10:54:11      119.000        1013        0.100       13.25     24.95523  
    10:54:12      120.000        1013        0.100       13.25     25.47247  
    10:54:13      121.000        1013        0.100       13.25     25.13821  
    10:54:14      122.000        1013        0.100       13.25     25.04239  
    10:54:15      123.000        1012        0.100       13.25     24.51514  
    10:54:16      124.000        1013        0.100       13.25     25.26694  
    10:54:17      125.000        1012        0.100       13.25     24.77202  
    10:54:18      126.000        1012        0.100       13.25     25.07626  
    10:54:19      127.000        1013        0.100       13.25     25.48176  
    10:54:20      128.000        1013        0.100       13.25     24.70383  
    10:54:21      129.000        1013        0.100       13.25     24.99061  
    10:54:22      130.000        1013        0.100       13.25     25.34954  
    10:54:23      131.000        1013        0.100       13.25     25.41763  
    10:54:24      132.000        1012        0.100       13.25     24.78149  
    10:54:25      133.000        1013        0.100       13.25     25.11483  
    10:54:26      134.000        1012        0.100       13.25     25.41019  
    10:54:27      135.000        1013        0.100       13.25     24.76398  
    10:54:28      136.000        1012        0.100       13.25     24.91231  
    10:54:29      137.000        1013        0.100       13.25     25.03126  
    10:54:30      138.000        1013        0.100       13.25     24.68378  
    10:54:31      139.000        1012        0.100       13.25      25.4284  
    10:54:32      140.000        1012        0.100       13.25     24.76534  
    10:54:33      141.000        1012        0.100       13.25     24.97006  
    10:54:34      142.000        1012        0.100       13.25      24.9419  
    10:54:35      143.031        1013        0.100       13.25     25.37871  
    10:54:36      144.031        1013        0.100       13.25     24.79525  
    10:54:37      145.031        1013        0.100       13.25     24.88829  
    10:54:38      146.031        1012        0.100       13.25     24.97453  
    10:54:39      147.031        1012        0.100       13.25     24.95898  
    10:54:40      148.031        1012        0.100       13.25     24.94962  
    10:54:41      149.031        1012        0.100       13.25     25.07139  
    10:54:42      150.031        1013        0.100       13.25     24.97725  
    10:54:43      151.031        1012        0.100       13.25     25.45654  
    10:54:44      152.031        1013        0.100       13.25     24.83252  
    10:54:45      153.031        1012        0.100       13.25     24.93036  
    10:54:46      154.031        1012        0.100       13.25     25.07851  
    10:54:47      155.031        1012        0.100       13.25     25.49296  
    10:54:48      156.031        1013        0.100       13.25     25.16608  
    10:54:49      157.031        1012        0.100       13.25     24.55099  
    10:54:50      158.031        1012        0.100       13.25      24.547   
    10:54:51      159.031        1013        0.100       13.25     25.47723  
    10:54:52      160.031        1013        0.100       13.25     25.18543  
    10:54:53      161.031        1013        0.100       13.25     25.04842  
    10:54:54      162.031        1013        0.100       13.25     24.54782  
    10:54:55      163.031        1012        0.100       13.25      25.2232  
    10:54:56      164.031        1013        0.100       13.25     25.01756  
    10:54:57      165.031        1013        0.100       13.25     24.83651  
    10:54:58      166.031        1012        0.100       13.25     24.56358  
    10:54:59      167.031        1012        0.100       13.25     24.91282  
    10:55:00      168.031        1012        0.100       13.25     24.70898  
    10:55:01      169.031        1012        0.100       13.25     25.36318  
    10:55:02      170.031        1012        0.100       13.25     25.40192  
    10:55:03      171.031        1013        0.100       13.25     24.58363  
    10:55:04      172.031        1013        0.100       13.25     25.39599  
    10:55:05      173.015        1012        0.100       13.25      24.9582  
    10:55:06      174.015        1012        0.100       13.25     24.90358  
    10:55:07      175.015        1012        0.100       13.25     24.87455  
    10:55:08      176.015        1012        0.100       13.25     24.92962  
    10:55:09      177.015        1013        0.100       13.25     25.13974  
    10:55:10      178.015        1012        0.100       13.25     25.30972  
    10:55:11      179.015        1012        0.100       13.25     24.70668  
    10:55:12      180.015        1012        0.100       13.25     25.48987  
    10:55:13      181.015        1012        0.100       13.25     24.92246  
    10:55:14      182.015        1012        0.100       13.25     24.69733  
    10:55:15      183.031        1012        0.100       13.25     25.17002  
    10:55:16      184.031        1013        0.100       13.25     24.52247  
    10:55:17      185.031        1012        0.100       13.25     25.44036  
    10:55:18      186.031        1013        0.100       13.25     24.83815  
    10:55:19      187.031        1012        0.100       13.25     25.08792  
    10:55:20      188.031        1013        0.100       13.25     25.28911  
    10:55:21      189.031        1013        0.100       13.25     25.05799  
    10:55:22      190.031        1013        0.100       13.25     25.35668  
    10:55:23      191.031        1012        0.100       13.25      25.4267  
    10:55:24      192.031        1012        0.100       13.25     25.06152  
    10:55:25      193.031        1012        0.100       13.25     25.29685  
    10:55:26      194.031        1012        0.100       13.25     24.67336  
    10:55:27      195.031        1013        0.100       13.25     24.98882  
    10:55:28      195.562        1013        0.100       13.25      25.0936  
    10:55:28      196.031        1012        0.100       13.25     25.43809  
   
   
   ALARM DATA
   (none)
   
   OUT OF TOLERANCE DATA
   Date / Time                Comment
   16 Dec 2019  10:52:47    Nitrogen Flow OOT (SP=0.000 PV=0.000)
   
   
   EVENT LOG DATA
   Date / Time                Comment
   16 Dec 2019  10:55:29    Recipe completed.
   
   16 Dec 2019  10:55:28    JOB COMPLETED NORMALLY
   
   CHECKED BY: ________________________________________
