                                          In House Testing
                                       Auburn Hills, Michigan
                                   CANISTER PRECONDITIONING SYSTEM
   
                                           DETAIL REPORT
   
   Job Number:    000061                        
   Station Description:       CLB 
   Stn SysID:     CLB                           Stn Abreviation:   2
   Station:       2                             Vehicle No.:   
   Shift:         1                             Engineer:      
   Start Time:    7 Jan 2020  14:54:07          Start Op:      
   End Time:      7 Jan 2020  14:55:25          End Op:        
   Canister ID:   in vehicle
   Can Volume:    0.00 Liters                   Can Work Cap:  0.00 Grams
   
   COMMENTS:
   (None)
   
   
   LEAKTEST SETUP
   -------------------------------------------------------------------------------------------
   Target Pressure:         2.000 kPa           Pressure Tolerance:      1.000 kPa
   Deff Hold Duration:      180.000 sec         Press Hold Duration:     10.000 sec
                                                Timeout:                 1234.000 sec
                                                Pressurize Timeout:      180.000 sec
                                                Deff Tolerance:          0.002 inch
   SG N2:                   0.967               Initial N2 Flow:         0.100 m3/s
                                                Report Interval:         1.000 sec
   
   Barometer at Process Start: 1013 mBar
   Barometer at Process End:   1013 mBar
   
   
   LEAKTEST DETAIL DATA
   -------------------------------------------------------------------------------------------
      Time       TestTime        Baro       N2 Flow    N2 Press     N2 Temp  
                                             (lpm)       (kPa)      (deg C)  
    14:54:08       0.687         1013        0.100       13.25      25.064   
    14:54:09       1.719         1012        0.100       13.25     25.28198  
    14:54:09       1.734         1012        0.100       13.25     25.28198  
    14:54:10       2.719         1012        0.100       13.25     24.66385  
    14:54:11       3.719         1013        0.100       13.25     25.43393  
    14:54:12       4.719         1012        0.100       13.25     25.24847  
    14:54:13       5.719         1012        0.100       13.25      24.697   
    14:54:14       6.719         1012        0.100       13.25     24.70275  
    14:54:15       7.719         1013        0.100       13.25     24.97978  
    14:54:16       8.703         1012        0.100       13.25     24.85958  
    14:54:17       9.703         1012        0.100       13.25     25.24736  
    14:54:18      10.687         1012        0.100       13.25     25.22043  
    14:54:19      11.687         1012        0.100       13.25      24.947   
    14:54:20      12.687         1012        0.100       13.25     25.38198  
    14:54:21      13.687         1012        0.100       13.25     24.55184  
    14:54:22      14.719         1013        0.100       13.25     24.80757  
    14:54:23      15.719         1012        0.100       13.25     24.73809  
    14:54:24      16.719         1013        0.100       13.25     25.04592  
    14:54:25      17.781         1012        0.100       13.25     25.44393  
    14:54:26      18.719         1013        0.100       13.25     24.62479  
    14:54:27      19.687         1013        0.100       13.25     25.13632  
    14:54:28      20.703         1013        0.100       13.25     25.14955  
    14:54:29      21.703         1013        0.100       13.25     24.65331  
    14:54:30      22.687         1013        0.100       13.25     25.21879  
    14:54:31      23.687         1013        0.100       13.25     24.80025  
    14:54:32      24.750         1013        0.100       13.25     24.99259  
    14:54:33      25.703         1013        0.100       13.25     25.16514  
    14:54:34      26.703         1013        0.100       13.25     24.56177  
    14:54:35      27.719         1013        0.100       13.25     25.14901  
    14:54:36      28.687         1013        0.100       13.25      24.5136  
    14:54:37      29.703         1012        0.100       13.25     25.04795  
    14:54:38      30.703         1012        0.100       13.25     25.09386  
    14:54:39      31.687         1012        0.100       13.25      25.3933  
    14:54:40      32.687         1013        0.100       13.25     25.15321  
    14:54:41      33.687         1012        0.100       13.25     24.52714  
    14:54:42      34.687         1012        0.100       13.25     24.75717  
    14:54:43      35.719         1012        0.100       13.25     25.13896  
    14:54:44      36.719         1012        0.100       13.25     24.74727  
    14:54:45      37.719         1012        0.100       13.25     25.08747  
    14:54:46      38.687         1012        0.100       13.25     24.98544  
    14:54:47      39.687         1013        0.100       13.25     24.69486  
    14:54:48      40.719         1012        0.100       13.25     25.29801  
    14:54:49      41.719         1012        0.100       13.25      25.2849  
    14:54:50      42.703         1013        0.100       13.25     24.71725  
    14:54:51      43.703         1012        0.100       13.25     24.50026  
    14:54:52      44.703         1012        0.100       13.25     25.25191  
    14:54:53      45.703         1013        0.100       13.25     25.19135  
    14:54:54      46.687         1012        0.100       13.25     25.27896  
    14:54:55      47.687         1013        0.100       13.25     25.38463  
    14:54:56      48.703         1012        0.100       13.25     25.33035  
    14:54:57      49.703         1013        0.100       13.25     25.39153  
    14:54:58      50.719         1013        0.100       13.25     25.13358  
    14:54:59      51.719         1013        0.100       13.25     25.19316  
    14:55:00      52.687         1012        0.100       13.25     25.44905  
    14:55:01      53.687         1012        0.100       13.25     24.97594  
    14:55:02      54.781         1013        0.100       13.25     24.92522  
    14:55:03      55.687         1012        0.100       13.25     25.13227  
    14:55:04      56.687         1012        0.100       13.25     25.20368  
    14:55:05      57.687         1012        0.100       13.25      25.427   
    14:55:06      58.703         1012        0.100       13.25      24.6812  
    14:55:07      59.703         1013        0.100       13.25     24.71212  
    14:55:08      60.703         1012        0.100       13.25     25.47429  
    14:55:09      61.719         1013        0.100       13.25     25.18676  
    14:55:10      62.719         1012        0.100       13.25     25.07008  
    14:55:11      63.719         1013        0.100       13.25     25.25728  
    14:55:12      64.687         1012        0.100       13.25      25.3388  
    14:55:13      65.687         1013        0.100       13.25     25.47147  
    14:55:14      66.719         1013        0.100       13.25     25.40138  
    14:55:15      67.719         1012        0.100       13.25     25.45469  
    14:55:16      68.687         1013        0.100       13.25     24.68076  
    14:55:17      69.687         1013        0.100       13.25     25.09343  
    14:55:18      70.687         1012        0.100       13.25     24.88684  
    14:55:19      71.687         1012        0.100       13.25     25.28287  
    14:55:20      72.687         1013        0.100       13.25     24.71889  
    14:55:21      73.687         1012        0.100       13.25     24.58347  
    14:55:22      74.719         1013        0.100       13.25     25.07792  
    14:55:23      75.719         1012        0.100       13.25     24.57806  
    14:55:24      76.719         1013        0.100       13.25     25.08041  
    14:55:25      77.719         1012        0.100       13.25     25.20809  
   
   
   ALARM DATA
   (none)
   
   OUT OF TOLERANCE DATA
   Date / Time                Comment
   7 Jan 2020  14:54:43    Nitrogen Flow OOT (SP=0.000 PV=-0.001)
   
   
   EVENT LOG DATA
   Date / Time                Comment
   7 Jan 2020  14:55:26    Recipe completed.
   
   7 Jan 2020  14:55:25    << JOB COMPLETED ABNORMALLY >>
   
   CHECKED BY: ________________________________________
