                                          In House Testing
                                       Auburn Hills, Michigan
                                   CANISTER PRECONDITIONING SYSTEM
   
                                           DETAIL REPORT
   
   Job Number:    000034                        RemTaskID  :   
   Station Description:       CLB 
   Stn SysID:     CLB                           Stn Abreviation:   2
   Station:       2                             Vehicle No.:   
   Shift:         1                             Engineer:      
   Start Time:    16 Dec 2019  10:01:30         Start Op:      
   End Time:      16 Dec 2019  10:04:46         End Op:        
   Canister ID:   in vehicle
   Can Volume:    0.00 Liters                   Can Work Cap:  0.00 Grams
   
   COMMENTS:
   (None)
   
   
   LEAKTEST SETUP
   -------------------------------------------------------------------------------------------
   Target Pressure:         2.000 kPa           Pressure Tolerance:      1.000 kPa
   Deff Hold Duration:      180.000 sec         Press Hold Duration:     10.000 sec
                                                Timeout:                 1234.000 sec
                                                Pressurize Timeout:      300.000 sec
                                                Deff Tolerance:          0.002 inch
   SG N2:                   0.967               Initial N2 Flow:         0.100 m3/s
                                                Report Interval:         1.000 sec
   
   Barometer at Process Start: 1013 mBar
   Barometer at Process End:   1012 mBar
   
   
   LEAKTEST DETAIL DATA
   -------------------------------------------------------------------------------------------
      Time       TestTime        Baro       N2 Flow    N2 Press     N2 Temp  
                                             (lpm)       (kPa)      (deg C)  
    10:01:30       0.000         1013        0.100       13.25     24.68706  
    10:01:31       1.016         1012        0.100       13.25     24.94767  
    10:01:31       1.156         1013        0.100       13.25     25.46491  
    10:01:32       2.031         1012        0.100       13.25     25.23035  
    10:01:33       3.031         1012        0.100       13.25     25.28844  
    10:01:34       4.031         1013        0.100       13.25     24.95772  
    10:01:35       5.031         1012        0.100       13.25     24.55387  
    10:01:36       6.031         1012        0.100       13.25     25.02486  
    10:01:37       7.031         1012        0.100       13.25     24.91672  
    10:01:38       8.031         1012        0.100       13.25     24.70282  
    10:01:39       9.031         1013        0.100       13.25     24.76834  
    10:01:40      10.031         1012        0.100       13.25      25.4642  
    10:01:41      11.016         1012        0.100       13.25     25.32997  
    10:01:42      12.016         1013        0.100       13.25     24.76123  
    10:01:43      13.016         1012        0.100       13.25     24.95327  
    10:01:44      14.016         1013        0.100       13.25     25.30986  
    10:01:45      15.016         1012        0.100       13.25     24.56331  
    10:01:46      16.016         1013        0.100       13.25      25.4004  
    10:01:47      17.016         1012        0.100       13.25     25.23557  
    10:01:48      18.016         1012        0.100       13.25     24.74456  
    10:01:49      19.031         1012        0.100       13.25      25.3844  
    10:01:50      20.031         1013        0.100       13.25     24.96927  
    10:01:51      21.016         1013        0.100       13.25     24.79603  
    10:01:52      22.016         1013        0.100       13.25      24.6836  
    10:01:53      23.016         1013        0.100       13.25     25.43163  
    10:01:54      24.016         1012        0.100       13.25     24.53256  
    10:01:55      25.016         1012        0.100       13.25     24.69651  
    10:01:56      26.016         1013        0.100       13.25     25.22115  
    10:01:57      27.016         1012        0.100       13.25      25.0196  
    10:01:58      28.016         1012        0.100       13.25     25.25137  
    10:01:59      29.016         1013        0.100       13.25     25.07623  
    10:02:00      30.016         1013        0.100       13.25     24.53821  
    10:02:01      31.016         1013        0.100       13.25     25.48764  
    10:02:02      32.031         1012        0.100       13.25     25.38391  
    10:02:03      33.031         1013        0.100       13.25     25.05647  
    10:02:04      34.031         1012        0.100       13.25      24.7654  
    10:02:05      35.031         1012        0.100       13.25     25.11746  
    10:02:06      36.031         1013        0.100       13.25     24.71604  
    10:02:07      37.031         1012        0.100       13.25     24.52655  
    10:02:08      38.031         1012        0.100       13.25     24.59692  
    10:02:09      39.031         1012        0.100       13.25     25.45562  
    10:02:10      40.031         1012        0.100       13.25     24.92034  
    10:02:11      41.016         1013        0.100       13.25     24.52458  
    10:02:12      42.016         1012        0.100       13.25      25.1077  
    10:02:13      43.016         1012        0.100       13.25     24.78773  
    10:02:14      44.016         1013        0.100       13.25     25.49186  
    10:02:15      45.016         1013        0.100       13.25     24.60395  
    10:02:16      46.016         1013        0.100       13.25     25.40113  
    10:02:17      47.016         1012        0.100       13.25     24.69957  
    10:02:18      48.016         1012        0.100       13.25     24.56996  
    10:02:19      49.000         1013        0.100       13.25     25.49224  
    10:02:20      50.000         1012        0.100       13.25     25.39672  
    10:02:21      51.016         1012        0.100       13.25     24.57944  
    10:02:22      52.016         1013        0.100       13.25     24.89398  
    10:02:23      53.016         1013        0.100       13.25     25.44279  
    10:02:24      54.016         1012        0.100       13.25     24.93163  
    10:02:25      55.016         1012        0.100       13.25     24.95609  
    10:02:26      56.016         1012        0.100       13.25     24.80951  
    10:02:27      57.016         1012        0.100       13.25     24.82384  
    10:02:28      58.016         1013        0.100       13.25      24.5573  
    10:02:29      59.016         1013        0.100       13.25     25.30558  
    10:02:30      60.016         1012        0.100       13.25     25.03206  
    10:02:31      61.016         1013        0.100       13.25     24.92874  
    10:02:32      62.016         1013        0.100       13.25     24.85316  
    10:02:33      63.016         1012        0.100       13.25     25.41498  
    10:02:34      64.016         1012        0.100       13.25     25.36411  
    10:02:35      65.016         1012        0.100       13.25      25.4321  
    10:02:36      66.016         1012        0.100       13.25      25.4751  
    10:02:37      67.016         1013        0.100       13.25     25.26237  
    10:02:38      68.016         1012        0.100       13.25     24.76582  
    10:02:39      69.016         1012        0.100       13.25     24.54419  
    10:02:40      70.016         1013        0.100       13.25     25.08432  
    10:02:41      71.016         1012        0.100       13.25      25.3037  
    10:02:42      72.016         1012        0.100       13.25     24.60202  
    10:02:43      73.016         1012        0.100       13.25      25.4913  
    10:02:44      74.016         1013        0.100       13.25     24.52119  
    10:02:45      75.016         1013        0.100       13.25     24.87424  
    10:02:46      76.016         1012        0.100       13.25     25.17619  
    10:02:47      77.016         1012        0.100       13.25     24.52113  
    10:02:48      78.016         1012        0.100       13.25     24.91461  
    10:02:49      79.000         1012        0.100       13.25     24.55141  
    10:02:50      80.000         1012        0.100       13.25     25.27553  
    10:02:51      81.016         1012        0.100       13.25     25.27757  
    10:02:52      82.016         1012        0.100       13.25     24.73809  
    10:02:53      83.016         1013        0.100       13.25     25.04592  
    10:02:54      84.016         1012        0.100       13.25     24.89701  
    10:02:55      85.016         1013        0.100       13.25     24.62479  
    10:02:56      86.016         1012        0.100       13.25     25.21976  
    10:02:57      87.016         1013        0.100       13.25      25.0029  
    10:02:58      88.016         1013        0.100       13.25     24.65331  
    10:02:59      89.016         1012        0.100       13.25     25.02876  
    10:03:00      90.016         1013        0.100       13.25     25.49846  
    10:03:01      91.062         1013        0.100       13.25     24.75278  
    10:03:02      92.016         1012        0.100       13.25     25.10535  
    10:03:03      93.016         1012        0.100       13.25     24.56626  
    10:03:04      94.016         1012        0.100       13.25     24.69663  
    10:03:05      95.016         1013        0.100       13.25     24.64654  
    10:03:06      96.016         1012        0.100       13.25      24.5139  
    10:03:07      97.016         1013        0.100       13.25     24.85511  
    10:03:08      98.016         1013        0.100       13.25     24.79268  
    10:03:09      99.016         1012        0.100       13.25     24.65063  
    10:03:10      100.016        1012        0.100       13.25     25.22376  
    10:03:11      101.016        1013        0.100       13.25     25.45026  
    10:03:12      102.016        1012        0.100       13.25      25.1488  
    10:03:13      103.016        1012        0.100       13.25     25.08258  
    10:03:14      104.016        1012        0.100       13.25     24.74675  
    10:03:15      105.016        1013        0.100       13.25     24.98191  
    10:03:16      106.016        1012        0.100       13.25     24.55165  
    10:03:17      107.016        1013        0.100       13.25     24.73645  
    10:03:18      108.016        1013        0.100       13.25     24.91143  
    10:03:19      109.000        1012        0.100       13.25      24.9386  
    10:03:20      110.000        1013        0.100       13.25     25.44103  
    10:03:21      111.016        1012        0.100       13.25     24.67816  
    10:03:22      112.016        1012        0.100       13.25     25.21401  
    10:03:23      113.016        1012        0.100       13.25      24.8226  
    10:03:24      114.016        1013        0.100       13.25     24.50659  
    10:03:25      115.016        1013        0.100       13.25      25.1063  
    10:03:26      116.016        1012        0.100       13.25     25.43966  
    10:03:27      117.016        1012        0.100       13.25     25.31635  
    10:03:28      118.016        1013        0.100       13.25     25.02494  
    10:03:29      119.016        1012        0.100       13.25     24.52477  
    10:03:30      120.016        1012        0.100       13.25     25.36629  
    10:03:31      121.016        1012        0.100       13.25     24.91505  
    10:03:32      122.016        1013        0.100       13.25     24.58316  
    10:03:33      123.016        1012        0.100       13.25     25.17357  
    10:03:34      124.016        1013        0.100       13.25     24.74315  
    10:03:35      125.016        1013        0.100       13.25     24.71639  
    10:03:36      126.016        1012        0.100       13.25      24.7304  
    10:03:37      127.016        1013        0.100       13.25     25.37048  
    10:03:38      128.016        1012        0.100       13.25     25.01849  
    10:03:39      129.016        1012        0.100       13.25     24.99366  
    10:03:40      130.016        1013        0.100       13.25      25.4142  
    10:03:41      131.031        1012        0.100       13.25      25.1561  
    10:03:42      132.031        1012        0.100       13.25     25.14344  
    10:03:43      133.031        1012        0.100       13.25     24.84582  
    10:03:44      134.031        1012        0.100       13.25     25.13564  
    10:03:45      135.031        1012        0.100       13.25     25.01534  
    10:03:46      136.031        1012        0.100       13.25     25.23969  
    10:03:47      137.031        1013        0.100       13.25     24.60399  
    10:03:48      138.031        1012        0.100       13.25      24.5408  
    10:03:49      139.016        1013        0.100       13.25     25.37505  
    10:03:50      140.016        1012        0.100       13.25     24.72276  
    10:03:51      141.031        1013        0.100       13.25      24.7099  
    10:03:52      142.031        1013        0.100       13.25     24.94052  
    10:03:53      143.031        1012        0.100       13.25      25.3344  
    10:03:54      144.031        1012        0.100       13.25     25.04213  
    10:03:55      145.031        1012        0.100       13.25     24.59539  
    10:03:56      146.031        1012        0.100       13.25     25.03656  
    10:03:57      147.031        1012        0.100       13.25     24.90303  
    10:03:58      148.031        1013        0.100       13.25     24.50203  
    10:03:59      149.031        1012        0.100       13.25     25.13596  
    10:04:00      150.031        1012        0.100       13.25     24.69556  
    10:04:01      151.031        1012        0.100       13.25     24.61465  
    10:04:02      152.031        1013        0.100       13.25     25.03131  
    10:04:03      153.031        1012        0.100       13.25     24.91638  
    10:04:04      154.031        1012        0.100       13.25     25.40656  
    10:04:05      155.031        1013        0.100       13.25     24.62013  
    10:04:06      156.031        1013        0.100       13.25     25.25211  
    10:04:07      157.031        1013        0.100       13.25     25.41064  
    10:04:08      158.031        1012        0.100       13.25     25.47233  
    10:04:09      159.031        1012        0.100       13.25     25.13015  
    10:04:10      160.031        1012        0.100       13.25     24.96342  
    10:04:11      161.031        1013        0.100       13.25     25.25773  
    10:04:12      162.031        1012        0.100       13.25     24.59954  
    10:04:13      163.031        1013        0.100       13.25     24.81527  
    10:04:14      164.031        1012        0.100       13.25     24.96118  
    10:04:15      165.031        1012        0.100       13.25     24.81159  
    10:04:16      166.031        1013        0.100       13.25     25.38153  
    10:04:17      167.031        1013        0.100       13.25     24.77479  
    10:04:18      168.031        1012        0.100       13.25      25.3088  
    10:04:19      169.031        1013        0.100       13.25     24.69944  
    10:04:20      170.031        1013        0.100       13.25     24.91465  
    10:04:21      171.031        1012        0.100       13.25      24.9058  
    10:04:22      172.031        1012        0.100       13.25     25.01693  
    10:04:23      173.031        1012        0.100       13.25     25.06502  
    10:04:24      174.031        1013        0.100       13.25     25.09493  
    10:04:25      175.031        1013        0.100       13.25     25.02372  
    10:04:26      176.031        1012        0.100       13.25      24.5415  
    10:04:27      177.031        1013        0.100       13.25     24.76786  
    10:04:28      178.031        1013        0.100       13.25     24.83393  
    10:04:29      179.031        1013        0.100       13.25     25.04773  
    10:04:30      180.031        1012        0.100       13.25     25.45504  
    10:04:31      181.031        1012        0.100       13.25     25.01022  
    10:04:32      182.031        1013        0.100       13.25     24.62404  
    10:04:33      183.031        1013        0.100       13.25     25.42439  
    10:04:34      184.031        1012        0.100       13.25     25.16717  
    10:04:35      185.031        1012        0.100       13.25      24.5592  
    10:04:36      186.031        1012        0.100       13.25      24.7647  
    10:04:37      187.031        1012        0.100       13.25     25.11662  
    10:04:38      188.031        1013        0.100       13.25     25.18038  
    10:04:39      189.031        1013        0.100       13.25     25.00243  
    10:04:40      190.031        1012        0.100       13.25     24.91778  
    10:04:41      191.000        1013        0.100       13.25     25.03511  
    10:04:42      192.000        1012        0.100       13.25     25.36431  
    10:04:43      193.000        1013        0.100       13.25     24.51054  
    10:04:44      194.000        1012        0.100       13.25     24.93231  
    10:04:45      195.000        1013        0.100       13.25     24.62668  
    10:04:45      195.219        1013        0.100       13.25     24.50316  
    10:04:46      196.000        1012        0.100       13.25     25.46205  
   
   
   ALARM DATA
   (none)
   
   OUT OF TOLERANCE DATA
   Date / Time                Comment
   16 Dec 2019  10:02:06    Nitrogen Flow OOT (SP=0.000 PV=0.000)
   
   
   EVENT LOG DATA
   Date / Time                Comment
   16 Dec 2019  10:04:46    Recipe completed.
   
   16 Dec 2019  10:04:46    JOB COMPLETED NORMALLY
   
   CHECKED BY: ________________________________________
