                                          In House Testing
                                       Auburn Hills, Michigan
                                   CANISTER PRECONDITIONING SYSTEM
   
                                           DETAIL REPORT
   
   Job Number:    000040                        RemTaskID  :   
   Station Description:       CLB 
   Stn SysID:     CLB                           Stn Abreviation:   2
   Station:       2                             Vehicle No.:   
   Shift:         1                             Engineer:      
   Start Time:    16 Dec 2019  10:32:14         Start Op:      
   End Time:      16 Dec 2019  10:35:29         End Op:        
   Canister ID:   in vehicle
   Can Volume:    0.00 Liters                   Can Work Cap:  0.00 Grams
   
   COMMENTS:
   (None)
   
   
   LEAKTEST SETUP
   -------------------------------------------------------------------------------------------
   Target Pressure:         2.000 kPa           Pressure Tolerance:      1.000 kPa
   Deff Hold Duration:      180.000 sec         Press Hold Duration:     10.000 sec
                                                Timeout:                 1234.000 sec
                                                Pressurize Timeout:      300.000 sec
                                                Deff Tolerance:          0.002 inch
   SG N2:                   0.967               Initial N2 Flow:         0.100 m3/s
                                                Report Interval:         1.000 sec
   
   Barometer at Process Start: 1013 mBar
   Barometer at Process End:   1013 mBar
   
   
   LEAKTEST DETAIL DATA
   -------------------------------------------------------------------------------------------
      Time       TestTime        Baro       N2 Flow    N2 Press     N2 Temp  
                                             (lpm)       (kPa)      (deg C)  
    10:32:14       0.235         1013        0.100       13.25      24.8248  
    10:32:14       0.875         1013        0.100       13.25     24.55263  
    10:32:15       1.235         1012        0.100       13.25     24.75124  
    10:32:16       2.235         1013        0.100       13.25     24.55502  
    10:32:17       3.235         1012        0.100       13.25     24.58064  
    10:32:18       4.235         1012        0.100       13.25     24.62447  
    10:32:19       5.235         1013        0.100       13.25      24.6601  
    10:32:20       6.235         1013        0.100       13.25     25.00763  
    10:32:21       7.235         1012        0.100       13.25      24.528   
    10:32:22       8.235         1012        0.100       13.25     24.88125  
    10:32:23       9.235         1013        0.100       13.25     25.14346  
    10:32:24      10.235         1013        0.100       13.25     25.41565  
    10:32:25      11.235         1012        0.100       13.25     25.09312  
    10:32:26      12.235         1013        0.100       13.25     24.86525  
    10:32:27      13.235         1013        0.100       13.25     24.84852  
    10:32:28      14.235         1013        0.100       13.25     24.87589  
    10:32:29      15.235         1013        0.100       13.25     24.91827  
    10:32:30      16.235         1012        0.100       13.25     24.75772  
    10:32:31      17.235         1013        0.100       13.25     25.29906  
    10:32:32      18.235         1012        0.100       13.25     25.26237  
    10:32:33      19.235         1012        0.100       13.25     24.91399  
    10:32:34      20.235         1012        0.100       13.25     24.91796  
    10:32:35      21.266         1012        0.100       13.25     24.75141  
    10:32:36      22.266         1013        0.100       13.25     24.63251  
    10:32:37      23.266         1012        0.100       13.25      25.3686  
    10:32:38      24.266         1012        0.100       13.25     25.00775  
    10:32:39      25.266         1013        0.100       13.25     25.16473  
    10:32:40      26.266         1012        0.100       13.25     24.82421  
    10:32:41      27.266         1013        0.100       13.25     25.37471  
    10:32:42      28.266         1012        0.100       13.25     24.91721  
    10:32:43      29.266         1012        0.100       13.25     24.90718  
    10:32:44      30.266         1012        0.100       13.25     25.40856  
    10:32:45      31.250         1013        0.100       13.25     25.07733  
    10:32:46      32.250         1012        0.100       13.25     24.67962  
    10:32:47      33.250         1013        0.100       13.25     24.60888  
    10:32:48      34.250         1012        0.100       13.25     24.66825  
    10:32:49      35.250         1013        0.100       13.25     25.28042  
    10:32:50      36.250         1012        0.100       13.25      25.4422  
    10:32:51      37.250         1012        0.100       13.25     24.62357  
    10:32:52      38.250         1013        0.100       13.25      24.6879  
    10:32:53      39.250         1012        0.100       13.25     24.83643  
    10:32:54      40.250         1013        0.100       13.25     25.34214  
    10:32:55      41.250         1012        0.100       13.25     25.05034  
    10:32:56      42.250         1013        0.100       13.25     25.31161  
    10:32:57      43.250         1012        0.100       13.25     24.87727  
    10:32:58      44.250         1013        0.100       13.25     24.77512  
    10:32:59      45.250         1012        0.100       13.25     25.20252  
    10:33:00      46.250         1013        0.100       13.25     25.37786  
    10:33:01      47.250         1013        0.100       13.25     25.40298  
    10:33:02      48.250         1013        0.100       13.25      24.927   
    10:33:03      49.250         1012        0.100       13.25     24.58847  
    10:33:04      50.250         1012        0.100       13.25      25.3721  
    10:33:05      51.266         1012        0.100       13.25      24.5423  
    10:33:06      52.266         1013        0.100       13.25     24.92458  
    10:33:07      53.266         1012        0.100       13.25     24.53223  
    10:33:08      54.266         1012        0.100       13.25     24.90742  
    10:33:09      55.266         1013        0.100       13.25     25.14032  
    10:33:10      56.266         1012        0.100       13.25     24.57863  
    10:33:11      57.266         1012        0.100       13.25     24.95151  
    10:33:12      58.266         1012        0.100       13.25     25.19287  
    10:33:13      59.266         1013        0.100       13.25     25.35234  
    10:33:14      60.266         1012        0.100       13.25     25.25762  
    10:33:15      61.250         1012        0.100       13.25     24.74083  
    10:33:16      62.250         1012        0.100       13.25     24.70598  
    10:33:17      63.250         1012        0.100       13.25     25.09637  
    10:33:18      64.250         1013        0.100       13.25      24.6399  
    10:33:19      65.250         1012        0.100       13.25     25.37314  
    10:33:20      66.250         1012        0.100       13.25     24.57978  
    10:33:21      67.250         1012        0.100       13.25      24.7759  
    10:33:22      68.250         1012        0.100       13.25     25.35688  
    10:33:23      69.250         1013        0.100       13.25     24.69697  
    10:33:24      70.250         1012        0.100       13.25     25.13027  
    10:33:25      71.250         1012        0.100       13.25     25.30725  
    10:33:26      72.250         1012        0.100       13.25      25.2813  
    10:33:27      73.250         1012        0.100       13.25     25.48556  
    10:33:28      74.250         1013        0.100       13.25      25.0636  
    10:33:29      75.250         1012        0.100       13.25     24.85269  
    10:33:30      76.250         1013        0.100       13.25      25.0582  
    10:33:31      77.250         1013        0.100       13.25     24.79158  
    10:33:32      78.250         1013        0.100       13.25     25.23239  
    10:33:33      79.250         1012        0.100       13.25     25.41924  
    10:33:34      80.250         1012        0.100       13.25      24.8677  
    10:33:35      81.266         1012        0.100       13.25     25.21639  
    10:33:36      82.235         1012        0.100       13.25     25.17051  
    10:33:37      83.235         1012        0.100       13.25     24.90739  
    10:33:38      84.235         1013        0.100       13.25     24.75318  
    10:33:39      85.235         1012        0.100       13.25     25.18148  
    10:33:40      86.235         1013        0.100       13.25     25.28419  
    10:33:41      87.235         1013        0.100       13.25     25.31764  
    10:33:42      88.235         1013        0.100       13.25     24.79896  
    10:33:43      89.250         1012        0.100       13.25     25.38024  
    10:33:44      90.250         1012        0.100       13.25     25.44919  
    10:33:45      91.250         1013        0.100       13.25     25.30304  
    10:33:46      92.250         1012        0.100       13.25     24.88763  
    10:33:47      93.250         1012        0.100       13.25     24.74248  
    10:33:48      94.250         1013        0.100       13.25      24.8113  
    10:33:49      95.250         1013        0.100       13.25     24.61632  
    10:33:50      96.250         1012        0.100       13.25     24.78772  
    10:33:51      97.250         1012        0.100       13.25     24.77161  
    10:33:52      98.250         1012        0.100       13.25     24.71841  
    10:33:53      99.250         1013        0.100       13.25     24.65349  
    10:33:54      100.250        1012        0.100       13.25     25.43286  
    10:33:55      101.250        1013        0.100       13.25     24.50833  
    10:33:56      102.250        1012        0.100       13.25     25.07459  
    10:33:57      103.250        1012        0.100       13.25     25.38282  
    10:33:58      104.250        1012        0.100       13.25     24.65681  
    10:33:59      105.250        1012        0.100       13.25     25.41668  
    10:34:00      106.250        1012        0.100       13.25     24.68345  
    10:34:01      107.250        1013        0.100       13.25     24.79651  
    10:34:02      108.250        1013        0.100       13.25      25.4857  
    10:34:03      109.250        1012        0.100       13.25      24.930   
    10:34:04      110.250        1012        0.100       13.25      25.3882  
    10:34:05      111.266        1013        0.100       13.25     25.39861  
    10:34:06      112.266        1012        0.100       13.25     24.68737  
    10:34:07      113.266        1013        0.100       13.25     24.80568  
    10:34:08      114.266        1012        0.100       13.25     24.79332  
    10:34:09      115.266        1013        0.100       13.25     24.59898  
    10:34:10      116.266        1013        0.100       13.25     25.40381  
    10:34:11      117.266        1013        0.100       13.25     24.57962  
    10:34:12      118.266        1012        0.100       13.25     25.27949  
    10:34:13      119.266        1012        0.100       13.25     24.61075  
    10:34:14      120.266        1012        0.100       13.25     24.79902  
    10:34:15      121.250        1012        0.100       13.25     25.22068  
    10:34:16      122.250        1012        0.100       13.25     24.91508  
    10:34:17      123.250        1012        0.100       13.25     25.12538  
    10:34:18      124.250        1012        0.100       13.25     25.13227  
    10:34:19      125.250        1012        0.100       13.25     25.20368  
    10:34:20      126.250        1012        0.100       13.25      25.427   
    10:34:21      127.250        1012        0.100       13.25      24.6812  
    10:34:22      128.250        1012        0.100       13.25     25.09333  
    10:34:23      129.250        1012        0.100       13.25     25.47429  
    10:34:24      130.250        1012        0.100       13.25     25.26201  
    10:34:25      131.250        1013        0.100       13.25     24.95071  
    10:34:26      132.250        1013        0.100       13.25     25.00621  
    10:34:27      133.250        1012        0.100       13.25     25.43644  
    10:34:28      134.250        1012        0.100       13.25     24.77422  
    10:34:29      135.266        1013        0.100       13.25     24.79007  
    10:34:30      136.266        1013        0.100       13.25      24.5418  
    10:34:31      137.266        1013        0.100       13.25     25.10554  
    10:34:32      138.266        1012        0.100       13.25     24.98204  
    10:34:33      139.266        1013        0.100       13.25     24.64933  
    10:34:34      140.250        1012        0.100       13.25     24.82652  
    10:34:35      141.282        1012        0.100       13.25     24.82969  
    10:34:36      142.235        1012        0.100       13.25     25.36588  
    10:34:37      143.235        1012        0.100       13.25      24.9409  
    10:34:38      144.235        1012        0.100       13.25      24.9647  
    10:34:39      145.235        1013        0.100       13.25     24.56388  
    10:34:40      146.235        1012        0.100       13.25      24.9068  
    10:34:41      147.235        1012        0.100       13.25     24.92165  
    10:34:42      148.235        1012        0.100       13.25     24.69007  
    10:34:43      149.235        1013        0.100       13.25     25.10521  
    10:34:44      150.250        1012        0.100       13.25     24.57957  
    10:34:45      151.250        1012        0.100       13.25     24.81793  
    10:34:46      152.250        1012        0.100       13.25      25.4784  
    10:34:47      153.250        1012        0.100       13.25     25.16287  
    10:34:48      154.250        1013        0.100       13.25     25.45764  
    10:34:49      155.250        1013        0.100       13.25     25.31535  
    10:34:50      156.250        1013        0.100       13.25      25.2105  
    10:34:51      157.250        1013        0.100       13.25     24.78612  
    10:34:52      158.250        1013        0.100       13.25     25.10931  
    10:34:53      159.250        1012        0.100       13.25     25.28002  
    10:34:54      160.250        1012        0.100       13.25     25.41308  
    10:34:55      161.250        1013        0.100       13.25     24.83452  
    10:34:56      162.250        1012        0.100       13.25     24.59481  
    10:34:57      163.250        1013        0.100       13.25     25.03778  
    10:34:58      164.250        1012        0.100       13.25      24.847   
    10:34:59      165.250        1013        0.100       13.25     24.61335  
    10:35:00      166.250        1012        0.100       13.25     25.43999  
    10:35:01      167.250        1013        0.100       13.25     25.29446  
    10:35:02      168.250        1012        0.100       13.25     25.21238  
    10:35:03      169.250        1013        0.100       13.25     24.96574  
    10:35:04      170.297        1013        0.100       13.25     24.66615  
    10:35:05      171.282        1013        0.100       13.25     25.34711  
    10:35:06      172.250        1012        0.100       13.25     24.97896  
    10:35:07      173.250        1012        0.100       13.25     24.54469  
    10:35:08      174.250        1012        0.100       13.25     25.14316  
    10:35:09      175.250        1012        0.100       13.25     24.85863  
    10:35:10      176.250        1012        0.100       13.25     25.30439  
    10:35:11      177.250        1012        0.100       13.25     25.15692  
    10:35:12      178.250        1013        0.100       13.25     24.58851  
    10:35:13      179.250        1012        0.100       13.25     25.14851  
    10:35:14      180.250        1013        0.100       13.25     25.37526  
    10:35:15      181.250        1013        0.100       13.25     24.56236  
    10:35:16      182.250        1013        0.100       13.25     25.19349  
    10:35:17      183.250        1013        0.100       13.25     24.52003  
    10:35:18      184.250        1013        0.100       13.25     24.93609  
    10:35:19      185.250        1012        0.100       13.25     24.62614  
    10:35:20      186.250        1013        0.100       13.25     25.35383  
    10:35:21      187.250        1012        0.100       13.25     24.86385  
    10:35:22      188.250        1012        0.100       13.25     25.08924  
    10:35:23      189.250        1013        0.100       13.25     24.63595  
    10:35:24      190.250        1013        0.100       13.25     25.34798  
    10:35:25      191.250        1013        0.100       13.25     24.60331  
    10:35:26      192.250        1012        0.100       13.25      24.918   
    10:35:27      193.250        1012        0.100       13.25     25.09878  
    10:35:28      194.250        1013        0.100       13.25     25.48537  
    10:35:28      194.860        1013        0.100       13.25     24.73392  
    10:35:29      195.266        1013        0.100       13.25     24.86768  
   
   
   ALARM DATA
   (none)
   
   OUT OF TOLERANCE DATA
   Date / Time                Comment
   16 Dec 2019  10:32:49    Nitrogen Flow OOT (SP=0.000 PV=0.000)
   
   
   EVENT LOG DATA
   Date / Time                Comment
   16 Dec 2019  10:35:30    Recipe completed.
   
   16 Dec 2019  10:35:29    JOB COMPLETED NORMALLY
   
   CHECKED BY: ________________________________________
