                                          In House Testing
                                       Auburn Hills, Michigan
                                   CANISTER PRECONDITIONING SYSTEM
   
                                           DETAIL REPORT
   
   Job Number:    000120                        
   Station Description:       Station #5 
   Stn SysID:     CLE                           Stn Abreviation:   5
   Station:       5                             Vehicle No.:   
   Shift:         1                             Engineer:      
   Start Time:    21 Jan 2020  12:06:03         Start Op:      
   End Time:      21 Jan 2020  12:06:07         End Op:        
   Canister ID:   in vehicle
   Can Volume:    0.00 Liters                   Can Work Cap:  0.00 Grams
   
   COMMENTS:
   (None)
   
   
   LEAKTEST SETUP
   -------------------------------------------------------------------------------------------
   Target Pressure:         2.000 kPa           Pressure Tolerance:      1.000 kPa
   Deff Hold Duration:      4.000 sec           Press Hold Duration:     3.000 sec
                                                Timeout:                 4.000 sec
                                                Pressurize Timeout:      3.000 sec
                                                Deff Tolerance:          0.002 inch
   SG N2:                   0.967               Initial N2 Flow:         0.100 m3/s
                                                Report Interval:         1.000 sec
   
   Barometer at Process Start: 1013 mBar
   Barometer at Process End:   1012 mBar
   
   
   LEAKTEST DETAIL DATA
   -------------------------------------------------------------------------------------------
      Time       TestTime        Baro       N2 Flow    N2 Press     N2 Temp  
                                             (lpm)       (kPa)      (deg C)  
    12:06:03       0.688         1013        0.100       13.25     24.73162  
    12:06:04       1.688         1012        0.100       13.25     25.13878  
    12:06:04       1.703         1012        0.100       13.25     25.10357  
    12:06:05       2.688         1012        0.100       13.25     25.21906  
    12:06:06       3.688         1012        0.100       13.25     25.45346  
    12:06:07       4.688         1012        0.100       13.25     25.01528  
   
   
   ALARM DATA
   (none)
   
   OUT OF TOLERANCE DATA
   (none)
   
   
   EVENT LOG DATA
   Date / Time                Comment
   21 Jan 2020  12:06:08    Recipe completed.
   
   21 Jan 2020  12:06:07    << JOB COMPLETED ABNORMALLY >>
   
   CHECKED BY: ________________________________________
