                                          In House Testing
                                       Auburn Hills, Michigan
                                   CANISTER PRECONDITIONING SYSTEM
   
                                           SUMMARY REPORT
   
   Job Number:    000053                        RemTaskID  :   
   Station Description:       CLB 
   Stn SysID:     CLB                           Stn Abreviation:   2
   Station:       2                             Vehicle No.:   
   Shift:         1                             Engineer:      
   Start Time:    6 Jan 2020  13:27:20          Start Op:      
   End Time:      6 Jan 2020  13:27:39          End Op:        
   Canister ID:   in vehicle
   Can Volume:    0.00 Liters                   Can Work Cap:  0.00 Grams
   
   COMMENTS:
   (None)
   
   
   LEAKTEST SETUP
   -------------------------------------------------------------------------------------------
   Target Pressure:         2.000 kPa           Pressure Tolerance:      1.000 kPa
   Deff Hold Duration:      60.000 sec          Press Hold Duration:     10.000 sec
                                                Timeout:                 5.000 sec
                                                Pressurize Timeout:      180.000 sec
                                                Deff Tolerance:          0.002 inch
   SG N2:                   0.967               Initial N2 Flow:         0.300 m3/s
                                                Report Interval:         1.000 sec
   
   Barometer at Process Start: 1012 mBar
   Barometer at Process End:   1013 mBar
   
   LEAKTEST SUMMARY
   -------------------------------------------------------------------------------------------
   Time        Eff. Dia.   Atm. Press  N2 Press    N2 Flow     N2 Temp     Comment
               (inches)    (kPa)       (kPa)       (m2/s)      (deg K)
   13:27:21    2.38873     101.1893    114.4393    0.300       297.856     Start LeakTest
   13:27:33    2.38833     101.1896    114.4396    0.300       297.724     Press at Target & Sta
   ble
   13:27:39    2.38939     101.2516    114.5016    0.300       297.946     Stopped by Operator
   
   ALARM DATA
   (none)
   
   OUT OF TOLERANCE DATA
   (none)
   
   
   EVENT LOG DATA
   Date / Time                Comment
   6 Jan 2020  13:27:39    Recipe completed.
   
   6 Jan 2020  13:27:39    << JOB COMPLETED ABNORMALLY >>
   
   CHECKED BY: ________________________________________
