                                          In House Testing
                                       Auburn Hills, Michigan
                                   CANISTER PRECONDITIONING SYSTEM
   
                                           DETAIL REPORT
   
   Job Number:    000117                        
   Station Description:       Station #5 
   Stn SysID:     CLE                           Stn Abreviation:   5
   Station:       5                             Vehicle No.:   
   Shift:         1                             Engineer:      
   Start Time:    21 Jan 2020  07:30:45         Start Op:      
   End Time:      21 Jan 2020  07:36:48         End Op:        
   Canister ID:   in vehicle
   Can Volume:    0.00 Liters                   Can Work Cap:  0.00 Grams
   
   COMMENTS:
   (None)
   
   
   LEAKTEST SETUP
   -------------------------------------------------------------------------------------------
   Target Pressure:         2.000 kPa           Pressure Tolerance:      1.000 kPa
   Deff Hold Duration:      4.000 sec           Press Hold Duration:     3.000 sec
                                                Timeout:                 4.000 sec
                                                Pressurize Timeout:      3.000 sec
                                                Deff Tolerance:          0.002 inch
   SG N2:                   0.967               Initial N2 Flow:         0.100 m3/s
                                                Report Interval:         1.000 sec
   
   Barometer at Process Start: 1013 mBar
   Barometer at Process End:   1012 mBar
   
   
   LEAKTEST DETAIL DATA
   -------------------------------------------------------------------------------------------
      Time       TestTime        Baro       N2 Flow    N2 Press     N2 Temp  
                                             (lpm)       (kPa)      (deg C)  
    07:30:45       0.953         1013        0.100       13.25     25.30176  
    07:30:46       1.953         1013        0.100       13.25      25.2261  
    07:30:46       2.000         1013        0.100       13.25      25.2261  
    07:30:47       2.953         1013        0.100       13.25     24.67039  
    07:30:48       4.062         1013        0.100       13.25     25.43529  
    07:30:49       4.968         1012        0.100       13.25     24.92705  
    07:30:50       5.984         1012        0.100       13.25      24.7998  
    07:30:51       6.984         1012        0.100       13.25     25.24383  
    07:30:52       7.968         1012        0.100       13.25     24.84034  
    07:30:53       8.953         1012        0.100       13.25     25.14743  
    07:30:54       9.953         1012        0.100       13.25     25.16749  
    07:30:55      10.953         1013        0.100       13.25     25.46222  
    07:30:56      11.968         1012        0.100       13.25     24.88954  
    07:30:57      12.968         1012        0.100       13.25      25.3066  
    07:30:58      13.968         1013        0.100       13.25     25.24811  
    07:30:59      14.984         1013        0.100       13.25      25.4397  
    07:31:00      15.984         1013        0.100       13.25     25.10486  
    07:31:01      16.953         1012        0.100       13.25     25.40738  
    07:31:02      17.953         1013        0.100       13.25     24.64832  
    07:31:03      18.968         1012        0.100       13.25     25.21356  
    07:31:04      20.015         1012        0.100       13.25     24.68345  
    07:31:05      21.062         1012        0.100       13.25     24.81005  
    07:31:06      21.968         1012        0.100       13.25     24.86183  
    07:31:07      22.968         1013        0.100       13.25     25.29358  
    07:31:08      23.968         1013        0.100       13.25     25.26132  
    07:31:09      24.984         1013        0.100       13.25     24.84845  
    07:31:10      25.984         1013        0.100       13.25     25.23727  
    07:31:11      26.953         1012        0.100       13.25     25.14087  
    07:31:12      27.953         1012        0.100       13.25     24.81866  
    07:31:13      28.953         1012        0.100       13.25     25.08235  
    07:31:14      29.953         1012        0.100       13.25     24.52269  
    07:31:15      30.968         1013        0.100       13.25     24.60045  
    07:31:16      31.984         1013        0.100       13.25     24.59666  
    07:31:17      32.968         1013        0.100       13.25     24.50778  
    07:31:18      33.968         1012        0.100       13.25     24.91508  
    07:31:19      34.968         1012        0.100       13.25     24.58244  
    07:31:20      35.968         1012        0.100       13.25     25.44814  
    07:31:21      36.968         1012        0.100       13.25     24.60213  
    07:31:22      37.953         1012        0.100       13.25     24.91072  
    07:31:23      38.968         1012        0.100       13.25     25.05611  
    07:31:24      39.968         1012        0.100       13.25     24.61464  
    07:31:25      40.968         1012        0.100       13.25      25.4457  
    07:31:26      41.968         1012        0.100       13.25     24.76375  
    07:31:27      42.968         1012        0.100       13.25      25.3388  
    07:31:28      43.968         1012        0.100       13.25     24.85729  
    07:31:29      44.968         1012        0.100       13.25     25.33223  
    07:31:30      45.968         1012        0.100       13.25     24.98254  
    07:31:31      46.968         1012        0.100       13.25     25.02428  
    07:31:32      47.953         1012        0.100       13.25      24.7112  
    07:31:33      48.968         1012        0.100       13.25     25.48137  
    07:31:34      49.968         1012        0.100       13.25     24.87438  
    07:31:35      51.031         1013        0.100       13.25     25.46079  
    07:31:36      51.984         1012        0.100       13.25     24.98266  
    07:31:37      52.953         1012        0.100       13.25      24.8223  
    07:31:38      53.953         1012        0.100       13.25     24.54784  
    07:31:39      54.953         1012        0.100       13.25     24.58012  
    07:31:40      55.953         1012        0.100       13.25     24.59535  
    07:31:41      56.953         1012        0.100       13.25     25.08154  
    07:31:42      57.953         1012        0.100       13.25      25.2981  
    07:31:43      58.953         1013        0.100       13.25     25.30593  
    07:31:44      59.953         1013        0.100       13.25     25.04659  
    07:31:45      60.953         1012        0.100       13.25     25.32599  
    07:31:46      61.968         1012        0.100       13.25     25.34782  
    07:31:47      62.953         1012        0.100       13.25     24.97563  
    07:31:48      63.953         1012        0.100       13.25      24.5026  
    07:31:49      64.953         1013        0.100       13.25     25.11206  
    07:31:50      65.953         1012        0.100       13.25     25.26017  
    07:31:51      66.953         1012        0.100       13.25     25.05051  
    07:31:52      67.984         1012        0.100       13.25     24.72506  
    07:31:53      68.968         1013        0.100       13.25     25.25773  
    07:31:54      69.968         1013        0.100       13.25     25.35001  
    07:31:55      71.031         1013        0.100       13.25      25.3874  
    07:31:56      72.031         1012        0.100       13.25     24.97772  
    07:31:57      72.968         1012        0.100       13.25      25.2498  
    07:31:58      73.968         1013        0.100       13.25     25.28641  
    07:31:59      74.968         1013        0.100       13.25     24.52769  
    07:32:00      75.968         1013        0.100       13.25     24.69944  
    07:32:01      76.968         1012        0.100       13.25     25.24532  
    07:32:02      77.968         1012        0.100       13.25     25.28652  
    07:32:03      79.015         1012        0.100       13.25     25.04194  
    07:32:04      79.968         1012        0.100       13.25     24.94997  
    07:32:05      80.984         1012        0.100       13.25      25.2629  
    07:32:06      81.984         1013        0.100       13.25     24.59692  
    07:32:07      82.984         1013        0.100       13.25     24.95215  
    07:32:08      83.984         1012        0.100       13.25     24.58263  
    07:32:09      84.984         1012        0.100       13.25      25.0324  
    07:32:10      85.984         1012        0.100       13.25     24.89276  
    07:32:11      86.984         1012        0.100       13.25     24.67118  
    07:32:12      87.984         1013        0.100       13.25      24.6242  
    07:32:13      88.984         1012        0.100       13.25     24.86728  
    07:32:14      89.984         1013        0.100       13.25      24.775   
    07:32:15      90.984         1012        0.100       13.25     25.47723  
    07:32:16      91.953         1012        0.100       13.25     25.17741  
    07:32:17      92.984         1013        0.100       13.25     25.26364  
    07:32:18      93.984         1012        0.100       13.25     25.33442  
    07:32:19      94.984         1012        0.100       13.25     25.35238  
    07:32:20      95.984         1013        0.100       13.25     24.83579  
    07:32:21      96.984         1012        0.100       13.25     25.12831  
    07:32:22      97.968         1013        0.100       13.25     24.63334  
    07:32:23      98.984         1013        0.100       13.25     25.37858  
    07:32:24      99.984         1013        0.100       13.25     25.34369  
    07:32:25      100.984        1013        0.100       13.25     24.70773  
    07:32:26      101.984        1012        0.100       13.25     25.07701  
    07:32:27      102.984        1012        0.100       13.25     24.56544  
    07:32:28      103.984        1012        0.100       13.25     24.84492  
    07:32:29      104.984        1013        0.100       13.25     24.77332  
    07:32:30      105.984        1013        0.100       13.25     25.32477  
    07:32:31      106.984        1013        0.100       13.25     24.62576  
    07:32:32      107.984        1013        0.100       13.25     24.57631  
    07:32:33      108.984        1012        0.100       13.25     25.48611  
    07:32:34      109.984        1013        0.100       13.25     24.68208  
    07:32:36      110.984        1012        0.100       13.25      25.0193  
    07:32:36      112.046        1012        0.100       13.25      25.0193  
    07:32:37      112.953        1013        0.100       13.25     24.89548  
    07:32:38      113.968        1012        0.100       13.25     24.50153  
    07:32:39      114.953        1013        0.100       13.25     24.83399  
    07:32:40      115.953        1012        0.100       13.25     25.12207  
    07:32:41      116.953        1012        0.100       13.25     25.10831  
    07:32:42      118.109        1012        0.100       13.25     24.95366  
    07:32:43      118.968        1012        0.100       13.25     24.84458  
    07:32:44      119.968        1013        0.100       13.25     25.00069  
    07:32:45      120.953        1013        0.100       13.25     25.35182  
    07:32:46      121.968        1012        0.100       13.25      25.4418  
    07:32:47      122.953        1012        0.100       13.25     24.76019  
    07:32:48      123.968        1012        0.100       13.25     24.59932  
    07:32:49      124.953        1013        0.100       13.25     24.91778  
    07:32:50      125.953        1013        0.100       13.25     25.17375  
    07:32:51      126.953        1012        0.100       13.25     25.39124  
    07:32:52      127.984        1012        0.100       13.25     24.93723  
    07:32:53      128.953        1012        0.100       13.25     25.28086  
    07:32:54      129.953        1012        0.100       13.25     25.24357  
    07:32:55      130.953        1013        0.100       13.25     24.78085  
    07:32:56      131.953        1012        0.100       13.25     24.53209  
    07:32:57      132.953        1012        0.100       13.25     24.54978  
    07:32:58      133.953        1012        0.100       13.25     24.85902  
    07:32:59      134.953        1012        0.100       13.25     25.19826  
    07:33:00      135.953        1012        0.100       13.25     25.21217  
    07:33:01      136.953        1012        0.100       13.25     25.16535  
    07:33:02      137.953        1012        0.100       13.25      24.8437  
    07:33:03      138.953        1013        0.100       13.25     24.62617  
    07:33:04      139.953        1012        0.100       13.25     24.91315  
    07:33:05      140.953        1013        0.100       13.25     25.21446  
    07:33:06      141.953        1013        0.100       13.25     24.50951  
    07:33:07      142.968        1012        0.100       13.25     25.14485  
    07:33:08      143.968        1012        0.100       13.25     25.04974  
    07:33:09      144.968        1012        0.100       13.25     24.52916  
    07:33:10      145.968        1012        0.100       13.25     24.59132  
    07:33:11      146.968        1013        0.100       13.25     25.31626  
    07:33:12      147.968        1013        0.100       13.25     24.85497  
    07:33:13      149.015        1012        0.100       13.25      25.4147  
    07:33:14      149.968        1012        0.100       13.25     24.69268  
    07:33:15      150.984        1013        0.100       13.25     25.31158  
    07:33:16      151.953        1013        0.100       13.25     25.09663  
    07:33:17      152.984        1012        0.100       13.25     25.10024  
    07:33:18      153.984        1012        0.100       13.25     24.72108  
    07:33:19      154.984        1013        0.100       13.25     24.78885  
    07:33:20      155.984        1013        0.100       13.25     24.50449  
    07:33:21      156.984        1012        0.100       13.25     25.25591  
    07:33:22      157.968        1012        0.100       13.25     25.46004  
    07:33:23      158.984        1012        0.100       13.25     24.67179  
    07:33:24      159.984        1013        0.100       13.25     24.70142  
    07:33:25      160.984        1012        0.100       13.25     25.00956  
    07:33:26      161.984        1012        0.100       13.25     25.47564  
    07:33:27      162.984        1012        0.100       13.25     24.87005  
    07:33:28      163.984        1013        0.100       13.25     24.73226  
    07:33:29      164.984        1012        0.100       13.25      24.5561  
    07:33:30      165.984        1013        0.100       13.25      25.0049  
    07:33:31      166.984        1013        0.100       13.25     24.53452  
    07:33:32      167.984        1012        0.100       13.25     25.17923  
    07:33:33      168.984        1013        0.100       13.25     25.01411  
    07:33:34      169.984        1012        0.100       13.25     24.81065  
    07:33:35      170.984        1012        0.100       13.25     25.34643  
    07:33:36      171.984        1012        0.100       13.25     24.95524  
    07:33:37      172.984        1013        0.100       13.25     24.92048  
    07:33:38      173.984        1012        0.100       13.25     24.65532  
    07:33:39      174.984        1012        0.100       13.25     24.76964  
    07:33:40      175.984        1012        0.100       13.25     25.45914  
    07:33:41      176.984        1013        0.100       13.25     24.82631  
    07:33:42      177.984        1013        0.100       13.25     25.26681  
    07:33:43      178.984        1012        0.100       13.25     24.61651  
    07:33:44      179.984        1013        0.100       13.25     24.98971  
    07:33:45      180.984        1013        0.100       13.25      25.3588  
    07:33:46      181.953        1012        0.100       13.25     25.21582  
    07:33:47      182.984        1013        0.100       13.25     25.34632  
    07:33:48      183.984        1012        0.100       13.25     24.54457  
    07:33:49      184.984        1012        0.100       13.25     25.42682  
    07:33:50      185.984        1012        0.100       13.25     24.50929  
    07:33:51      186.984        1013        0.100       13.25     24.64438  
    07:33:52      187.968        1012        0.100       13.25     25.16753  
    07:33:53      188.984        1012        0.100       13.25     25.46398  
    07:33:54      189.984        1013        0.100       13.25     25.37266  
    07:33:55      191.046        1013        0.100       13.25     24.53868  
    07:33:56      191.953        1012        0.100       13.25     24.82686  
    07:33:57      192.984        1012        0.100       13.25     24.62982  
    07:33:58      193.984        1012        0.100       13.25     24.74208  
    07:33:59      194.984        1012        0.100       13.25     25.06757  
    07:34:00      195.984        1013        0.100       13.25     25.04163  
    07:34:01      196.953        1012        0.100       13.25     25.18518  
    07:34:02      197.953        1012        0.100       13.25     25.08071  
    07:34:03      198.953        1013        0.100       13.25     24.95913  
    07:34:04      199.953        1013        0.100       13.25     24.91601  
    07:34:05      200.953        1013        0.100       13.25      25.2463  
    07:34:06      201.953        1012        0.100       13.25     25.08426  
    07:34:07      202.953        1013        0.100       13.25     24.81976  
    07:34:08      203.953        1012        0.100       13.25     24.51026  
    07:34:09      204.953        1012        0.100       13.25     25.41701  
    07:34:10      205.953        1012        0.100       13.25     24.86072  
    07:34:11      206.953        1012        0.100       13.25      24.5254  
    07:34:12      207.953        1012        0.100       13.25     24.58914  
    07:34:13      208.953        1012        0.100       13.25     24.94165  
    07:34:14      209.953        1012        0.100       13.25      24.8048  
    07:34:15      210.953        1013        0.100       13.25     25.42873  
    07:34:16      211.968        1012        0.100       13.25      25.0132  
    07:34:17      212.953        1013        0.100       13.25     25.32398  
    07:34:18      213.953        1012        0.100       13.25      24.9445  
    07:34:19      214.953        1013        0.100       13.25     25.43319  
    07:34:20      215.953        1013        0.100       13.25     24.75476  
    07:34:21      216.953        1013        0.100       13.25      24.6303  
    07:34:22      217.984        1013        0.100       13.25     24.87523  
    07:34:23      218.953        1013        0.100       13.25      25.4496  
    07:34:24      219.953        1012        0.100       13.25     25.39246  
    07:34:25      220.953        1013        0.100       13.25     24.69232  
    07:34:26      221.953        1013        0.100       13.25     24.67604  
    07:34:27      222.953        1012        0.100       13.25     24.57479  
    07:34:28      223.953        1013        0.100       13.25     24.64611  
    07:34:29      224.953        1012        0.100       13.25      25.101   
    07:34:30      225.953        1012        0.100       13.25     24.52146  
    07:34:31      226.953        1013        0.100       13.25     24.92077  
    07:34:32      227.953        1013        0.100       13.25     24.52519  
    07:34:33      228.953        1013        0.100       13.25     25.06202  
    07:34:34      229.953        1012        0.100       13.25     25.16933  
    07:34:35      231.031        1012        0.100       13.25     24.57326  
    07:34:36      231.984        1012        0.100       13.25      24.8707  
    07:34:37      232.984        1013        0.100       13.25     25.03628  
    07:34:38      233.968        1012        0.100       13.25     25.39939  
    07:34:39      234.984        1012        0.100       13.25     25.07587  
    07:34:40      235.984        1012        0.100       13.25     24.78424  
    07:34:41      236.984        1012        0.100       13.25     25.22915  
    07:34:42      237.984        1013        0.100       13.25     25.11936  
    07:34:43      238.984        1012        0.100       13.25     24.52839  
    07:34:44      239.984        1012        0.100       13.25     25.03642  
    07:34:45      240.984        1013        0.100       13.25     24.86586  
    07:34:46      241.953        1012        0.100       13.25     24.78144  
    07:34:47      242.984        1012        0.100       13.25     25.05649  
    07:34:48      243.984        1012        0.100       13.25     24.96228  
    07:34:49      244.984        1013        0.100       13.25      24.8849  
    07:34:50      245.984        1013        0.100       13.25     24.90387  
    07:34:51      246.984        1012        0.100       13.25     25.44713  
    07:34:52      247.968        1013        0.100       13.25     24.59968  
    07:34:53      248.984        1012        0.100       13.25     25.48307  
    07:34:54      249.984        1012        0.100       13.25      24.6099  
    07:34:55      250.984        1012        0.100       13.25     24.73423  
    07:34:56      251.984        1012        0.100       13.25     24.89797  
    07:34:57      252.984        1013        0.100       13.25     25.10044  
    07:34:58      253.984        1012        0.100       13.25     24.93204  
    07:34:59      254.984        1012        0.100       13.25     24.53181  
    07:35:00      255.984        1012        0.100       13.25     24.78267  
    07:35:01      256.984        1012        0.100       13.25     25.34541  
    07:35:02      257.984        1013        0.100       13.25     24.62818  
    07:35:03      258.984        1013        0.100       13.25     24.81971  
    07:35:04      259.984        1012        0.100       13.25     24.61977  
    07:35:05      260.984        1013        0.100       13.25      24.6504  
    07:35:06      261.984        1013        0.100       13.25     25.44145  
    07:35:07      262.984        1013        0.100       13.25     25.12811  
    07:35:08      263.984        1012        0.100       13.25     24.89088  
    07:35:09      264.984        1012        0.100       13.25     24.63708  
    07:35:10      265.984        1012        0.100       13.25     25.45533  
    07:35:11      266.984        1012        0.100       13.25     25.33052  
    07:35:12      267.984        1012        0.100       13.25     24.62333  
    07:35:13      268.984        1013        0.100       13.25     25.44475  
    07:35:14      269.984        1013        0.100       13.25     24.74807  
    07:35:15      270.984        1012        0.100       13.25     25.32885  
    07:35:16      271.953        1012        0.100       13.25     24.62185  
    07:35:17      272.984        1012        0.100       13.25     25.49745  
    07:35:18      273.953        1013        0.100       13.25     25.12858  
    07:35:19      274.953        1012        0.100       13.25     24.83197  
    07:35:20      275.968        1012        0.100       13.25      25.0274  
    07:35:21      276.984        1013        0.100       13.25     24.82813  
    07:35:22      277.968        1013        0.100       13.25     25.19304  
    07:35:23      278.953        1012        0.100       13.25      24.9203  
    07:35:24      279.953        1012        0.100       13.25     25.37802  
    07:35:25      280.953        1013        0.100       13.25     25.21142  
    07:35:26      281.953        1013        0.100       13.25     24.82212  
    07:35:27      282.953        1012        0.100       13.25     24.86792  
    07:35:28      283.953        1013        0.100       13.25     24.63327  
    07:35:29      284.953        1012        0.100       13.25     24.89149  
    07:35:30      285.953        1012        0.100       13.25     24.51352  
    07:35:31      286.953        1012        0.100       13.25      25.0894  
    07:35:32      287.953        1012        0.100       13.25     24.99113  
    07:35:33      288.953        1012        0.100       13.25     24.93476  
    07:35:34      289.953        1012        0.100       13.25     25.29751  
    07:35:35      290.953        1013        0.100       13.25     24.54725  
    07:35:36      291.953        1013        0.100       13.25     24.69692  
    07:35:37      292.953        1013        0.100       13.25     24.79661  
    07:35:38      293.953        1012        0.100       13.25     24.65893  
    07:35:39      294.953        1012        0.100       13.25     24.86145  
    07:35:40      295.953        1012        0.100       13.25     24.91887  
    07:35:41      296.953        1013        0.100       13.25     25.45743  
    07:35:42      297.953        1013        0.100       13.25     24.81112  
    07:35:43      298.953        1012        0.100       13.25     24.50357  
    07:35:44      299.953        1012        0.100       13.25     24.71566  
    07:35:45      300.968        1012        0.100       13.25     25.23433  
    07:35:46      301.984        1012        0.100       13.25     25.12861  
    07:35:47      302.953        1012        0.100       13.25     24.70747  
    07:35:48      303.953        1012        0.100       13.25     25.35954  
    07:35:49      304.953        1012        0.100       13.25     25.16064  
    07:35:50      305.953        1012        0.100       13.25     24.72869  
    07:35:51      306.953        1012        0.100       13.25     25.43961  
    07:35:52      307.984        1013        0.100       13.25     24.96727  
    07:35:53      308.953        1012        0.100       13.25     25.26149  
    07:35:54      309.953        1012        0.100       13.25     25.48622  
    07:35:55      310.953        1012        0.100       13.25     25.02647  
    07:35:56      311.953        1012        0.100       13.25     24.77455  
    07:35:57      312.968        1012        0.100       13.25     25.25417  
    07:35:58      313.968        1013        0.100       13.25     25.28593  
    07:35:59      314.968        1012        0.100       13.25     25.12328  
    07:36:00      315.968        1012        0.100       13.25     25.47583  
    07:36:01      316.968        1012        0.100       13.25     24.77244  
    07:36:02      317.968        1013        0.100       13.25     25.10518  
    07:36:03      318.968        1012        0.100       13.25     25.34547  
    07:36:04      319.968        1012        0.100       13.25     25.45128  
    07:36:05      320.968        1012        0.100       13.25     25.19956  
    07:36:06      321.968        1013        0.100       13.25     25.25367  
    07:36:07      322.968        1012        0.100       13.25     25.33557  
    07:36:08      323.968        1013        0.100       13.25     25.04125  
    07:36:09      324.968        1012        0.100       13.25     24.77163  
    07:36:10      325.953        1013        0.100       13.25     24.84565  
    07:36:11      326.968        1013        0.100       13.25     25.16563  
    07:36:12      327.968        1012        0.100       13.25     24.97611  
    07:36:13      328.968        1012        0.100       13.25     25.41848  
    07:36:14      329.968        1012        0.100       13.25     25.48767  
    07:36:15      330.968        1012        0.100       13.25     25.45336  
    07:36:16      331.968        1012        0.100       13.25     25.36699  
    07:36:17      332.968        1012        0.100       13.25      24.8374  
    07:36:18      333.968        1012        0.100       13.25     24.69062  
    07:36:19      334.968        1012        0.100       13.25     24.98945  
    07:36:20      335.968        1012        0.100       13.25     25.44424  
    07:36:21      336.968        1012        0.100       13.25     25.09457  
    07:36:22      337.953        1012        0.100       13.25     24.92887  
    07:36:23      338.968        1013        0.100       13.25     24.67142  
    07:36:24      339.968        1012        0.100       13.25     24.55724  
    07:36:25      340.968        1012        0.100       13.25     24.97352  
    07:36:26      341.968        1013        0.100       13.25     25.00031  
    07:36:27      342.968        1013        0.100       13.25     24.81539  
    07:36:28      344.109        1012        0.100       13.25      24.9605  
    07:36:29      344.968        1012        0.100       13.25     24.97157  
    07:36:30      345.984        1013        0.100       13.25      24.9453  
    07:36:31      346.968        1013        0.100       13.25     25.40028  
    07:36:32      347.984        1012        0.100       13.25     25.31364  
    07:36:33      348.968        1012        0.100       13.25     25.45444  
    07:36:34      349.968        1012        0.100       13.25     25.13763  
    07:36:35      350.984        1012        0.100       13.25      25.3087  
    07:36:36      351.984        1013        0.100       13.25      24.7963  
    07:36:37      353.015        1013        0.100       13.25     24.54186  
    07:36:38      354.093        1013        0.100       13.25     24.79204  
    07:36:39      354.968        1012        0.100       13.25     24.67986  
    07:36:40      355.984        1013        0.100       13.25     25.22154  
    07:36:41      356.968        1012        0.100       13.25     24.95978  
    07:36:42      357.968        1012        0.100       13.25     25.23144  
    07:36:43      358.968        1013        0.100       13.25     25.06086  
    07:36:44      359.968        1012        0.100       13.25     25.08295  
    07:36:45      360.984        1013        0.100       13.25     25.42995  
    07:36:46      361.984        1012        0.100       13.25     25.10331  
    07:36:47      362.968        1012        0.100       13.25     24.98104  
    07:36:48      363.953        1012        0.100       13.25     25.46107  
   
   
   ALARM DATA
   (none)
   
   OUT OF TOLERANCE DATA
   Date / Time                Comment
   21 Jan 2020  07:31:20    Nitrogen Flow OOT (SP=0.000 PV=-0.002)
   
   
   EVENT LOG DATA
   Date / Time                Comment
   21 Jan 2020  07:36:49    Recipe completed.
   
   21 Jan 2020  07:36:48    << JOB COMPLETED ABNORMALLY >>
   
   CHECKED BY: ________________________________________
