                                          In House Testing
                                       Auburn Hills, Michigan
                                   CANISTER PRECONDITIONING SYSTEM
   
                                           SUMMARY REPORT
   
   Job Number:    000098                        
   Station Description:       Station #5 
   Stn SysID:     CLE                           Stn Abreviation:   5
   Station:       5                             Vehicle No.:   
   Shift:         1                             Engineer:      
   Start Time:    13 Jan 2020  15:17:42         Start Op:      
   End Time:      13 Jan 2020  15:18:00         End Op:        
   Canister ID:   in vehicle
   Can Volume:    0.00 Liters                   Can Work Cap:  0.00 Grams
   
   COMMENTS:
   (None)
   
   
   LEAKTEST SETUP
   -------------------------------------------------------------------------------------------
   Target Pressure:         2.000 kPa           Pressure Tolerance:      1.000 kPa
   Deff Hold Duration:      4.000 sec           Press Hold Duration:     3.000 sec
                                                Timeout:                 4.000 sec
                                                Pressurize Timeout:      3.000 sec
                                                Deff Tolerance:          0.002 inch
   SG N2:                   0.967               Initial N2 Flow:         0.100 m3/s
                                                Report Interval:         1.000 sec
   
   Barometer at Process Start: 1012 mBar
   Barometer at Process End:   1013 mBar
   
   LEAKTEST SUMMARY
   -------------------------------------------------------------------------------------------
   Time        Eff. Dia.   Atm. Press  N2 Press    N2 Flow     N2 Temp     Comment
               (inches)    (kPa)       (kPa)       (m2/s)      (deg K)
   15:17:47    1.37088     101.1852    114.4352    0.100       297.671     Start LeakTest
   15:17:53    1.37045     101.1839    114.4339    0.100       298.437     Press at Target & Sta
   ble
   15:17:59    1.37072     101.2757    114.5257    0.100       297.869     Effective Diameter St
   able
   
   ALARM DATA
   (none)
   
   OUT OF TOLERANCE DATA
   (none)
   
   
   EVENT LOG DATA
   Date / Time                Comment
   13 Jan 2020  15:17:42    Operator Paused Station
   13 Jan 2020  15:17:46    Operator Continued Station
   13 Jan 2020  15:17:46    Operator Pushed OK to Resume for Course #1
   13 Jan 2020  15:18:00    Recipe completed.
   
   13 Jan 2020  15:18:00    JOB COMPLETED NORMALLY
   
   CHECKED BY: ________________________________________
