                                          In House Testing
                                       Auburn Hills, Michigan
                                   CANISTER PRECONDITIONING SYSTEM
   
                                           DETAIL REPORT
   
   Job Number:    000124                        RemTaskID  :   
   Station Description:       Station #5 
   Stn SysID:     CLE                           Stn Abreviation:   5
   Station:       5                             Vehicle No.:   
   Shift:         1                             Engineer:      
   Start Time:    24 Aug 2004  16:16:11         Start Op:      
   End Time:      24 Aug 2004  16:16:40         End Op:        
   Canister ID:   in vehicle
   Can Volume:    0.00 Liters                   Can Work Cap:  0.00 Grams
   
   COMMENTS:
   (None)
   
   
   LEAKTEST SETUP
   -------------------------------------------------------------------------------------------
   Target Pressure:         2.000 kPa           Pressure Tolerance:      1.000 kPa
   Deff Hold Duration:      4.000 sec           Press Hold Duration:     3.000 sec
                                                Timeout:                 4.000 sec
                                                Pressurize Timeout:      3.000 sec
                                                Deff Tolerance:          0.002 inch
   SG N2:                   0.967               Initial N2 Flow:         0.100 m3/s
                                                Report Interval:         1.000 sec
   
   Barometer at Process Start: 1012 mBar
   Barometer at Process End:   1013 mBar
   
   
   LEAKTEST DETAIL DATA
   -------------------------------------------------------------------------------------------
      Time       TestTime        Baro       N2 Flow    N2 Press     N2 Temp  
                                             (lpm)       (kPa)      (deg C)  
    16:16:12       0.625         1012        0.100       13.25     24.91823  
    16:16:12       1.406         1012        0.100       13.25     25.44979  
    16:16:13       1.625         1013        0.100       13.25      25.1902  
    16:16:14       2.625         1012        0.100       13.25     24.98566  
    16:16:15       3.625         1012        0.100       13.25     25.00989  
    16:16:16       4.625         1012        0.100       13.25     25.25281  
    16:16:17       5.625         1012        0.100       13.25     24.81181  
    16:16:18       6.625         1012        0.100       13.25     25.07288  
    16:16:19       7.625         1013        0.100       13.25     25.26504  
    16:16:20       8.625         1012        0.100       13.25     25.17174  
    16:16:21       9.625         1012        0.100       13.25     24.69723  
    16:16:22      10.625         1012        0.100       13.25     25.41802  
    16:16:23      11.625         1013        0.100       13.25     24.96574  
    16:16:24      12.625         1012        0.100       13.25     25.24347  
    16:16:25      13.625         1013        0.100       13.25     25.49364  
    16:16:26      14.625         1012        0.100       13.25     25.14541  
    16:16:27      15.625         1012        0.100       13.25     25.13952  
    16:16:28      16.625         1013        0.100       13.25     25.03655  
    16:16:29      17.625         1012        0.100       13.25     25.25415  
    16:16:30      18.625         1013        0.100       13.25     25.42756  
    16:16:31      19.625         1013        0.100       13.25     24.77591  
    16:16:32      20.625         1013        0.100       13.25     24.76064  
    16:16:33      21.625         1012        0.100       13.25      24.5609  
    16:16:34      22.625         1012        0.100       13.25     25.29737  
    16:16:35      23.625         1013        0.100       13.25      25.4496  
    16:16:36      24.625         1012        0.100       13.25     25.45085  
    16:16:37      25.625         1013        0.100       13.25     24.96487  
    16:16:38      26.625         1013        0.100       13.25     25.18438  
    16:16:39      27.625         1012        0.100       13.25      24.7636  
    16:16:40      28.625         1012        0.100       13.25     25.09257  
   
   
   ALARM DATA
   (none)
   
   OUT OF TOLERANCE DATA
   (none)
   
   
   EVENT LOG DATA
   Date / Time                Comment
   24 Aug 2004  16:16:41    Recipe completed.
   
   24 Aug 2004  16:16:40    << JOB COMPLETED ABNORMALLY >>
   
   CHECKED BY: ________________________________________
