                                          In House Testing
                                       Auburn Hills, Michigan
                                   CANISTER PRECONDITIONING SYSTEM
   
                                           DETAIL REPORT
   
   Job Number:    000057                        RemTaskID  :   
   Station Description:       CLB 
   Stn SysID:     CLB                           Stn Abreviation:   2
   Station:       2                             Vehicle No.:   
   Shift:         1                             Engineer:      
   Start Time:    6 Jan 2020  13:30:57          Start Op:      
   End Time:      30 Dec 1899  00:00:00         End Op:        
   Canister ID:   in vehicle
   Can Volume:    0.00 Liters                   Can Work Cap:  0.00 Grams
   
   COMMENTS:
   (None)
   
   
   LEAKTEST SETUP
   -------------------------------------------------------------------------------------------
   Target Pressure:         2.000 kPa           Pressure Tolerance:      1.000 kPa
   Deff Hold Duration:      60.000 sec          Press Hold Duration:     10.000 sec
                                                Timeout:                 5.000 sec
                                                Pressurize Timeout:      180.000 sec
                                                Deff Tolerance:          0.002 inch
   SG N2:                   0.967               Initial N2 Flow:         0.300 m3/s
                                                Report Interval:         1.000 sec
   
   Barometer at Process Start: 1012 mBar
   Barometer at Process End:   0 mBar
   
   
   LEAKTEST DETAIL DATA
   -------------------------------------------------------------------------------------------
      Time       TestTime        Baro       N2 Flow    N2 Press     N2 Temp  
                                             (lpm)       (kPa)      (deg C)  
    13:30:57       0.000         1012        0.300       13.25     25.06415  
    13:30:58       0.906         1013        0.300       13.25     25.39664  
    13:30:58       1.015         1012        0.300       13.25     24.78218  
    13:30:59       2.015         1012        0.300       13.25     24.75594  
    13:31:00       3.031         1012        0.300       13.25     24.60232  
    13:31:01       4.031         1013        0.300       13.25     24.61904  
    13:31:02       5.031         1013        0.300       13.25     25.13498  
    13:31:03       6.031         1012        0.300       13.25     24.91617  
    13:31:04       7.000         1012        0.300       13.25     24.66038  
    13:31:05       8.000         1012        0.300       13.25     24.98314  
    13:31:06       9.000         1012        0.300       13.25     25.07914  
    13:31:07      10.000         1012        0.300       13.25     24.88316  
    13:31:08      11.000         1012        0.300       13.25     24.75632  
    13:31:09      12.000         1012        0.300       13.25     24.64434  
    13:31:10      13.000         1012        0.300       13.25     25.10718  
    13:31:11      14.000         1013        0.300       13.25     24.88822  
    13:31:12      15.000         1013        0.300       13.25     25.30699  
    13:31:13      16.000         1013        0.300       13.25     25.43112  
    13:31:14      17.015         1012        0.300       13.25     25.39247  
    13:31:15      18.015         1012        0.300       13.25     25.04133  
    13:31:16      19.031         1012        0.300       13.25      25.2662  
   
   
   ALARM DATA
   (none)
   
   OUT OF TOLERANCE DATA
   Date / Time                Comment
   6 Jan 2020  13:31:16    Too Long to Achieve Stable Deff
   
   
   EVENT LOG DATA
   Date / Time                Comment
   6 Jan 2020  13:31:16    Recipe completed.
   
   30 Dec 1899  00:00:00    << JOB COMPLETED ABNORMALLY >>
   
   CHECKED BY: ________________________________________
