                                          In House Testing
                                       Auburn Hills, Michigan
                                   CANISTER PRECONDITIONING SYSTEM
   
                                           DETAIL REPORT
   
   Job Number:    000043                        RemTaskID  :   
   Station Description:       CLB 
   Stn SysID:     CLB                           Stn Abreviation:   2
   Station:       2                             Vehicle No.:   
   Shift:         1                             Engineer:      
   Start Time:    16 Dec 2019  11:19:52         Start Op:      
   End Time:      16 Dec 2019  11:23:07         End Op:        
   Canister ID:   in vehicle
   Can Volume:    0.00 Liters                   Can Work Cap:  0.00 Grams
   
   COMMENTS:
   (None)
   
   
   LEAKTEST SETUP
   -------------------------------------------------------------------------------------------
   Target Pressure:         2.000 kPa           Pressure Tolerance:      1.000 kPa
   Deff Hold Duration:      180.000 sec         Press Hold Duration:     10.000 sec
                                                Timeout:                 1234.000 sec
                                                Pressurize Timeout:      300.000 sec
                                                Deff Tolerance:          0.002 inch
   SG N2:                   0.967               Initial N2 Flow:         0.100 m3/s
                                                Report Interval:         1.000 sec
   
   Barometer at Process Start: 1013 mBar
   Barometer at Process End:   1012 mBar
   
   
   LEAKTEST DETAIL DATA
   -------------------------------------------------------------------------------------------
      Time       TestTime        Baro       N2 Flow    N2 Press     N2 Temp  
                                             (lpm)       (kPa)      (deg C)  
    11:19:52       0.250         1013        0.100       13.25     24.77318  
    11:19:53       0.890         1013        0.100       13.25      24.554   
    11:19:53       1.250         1012        0.100       13.25      25.1647  
    11:19:54       2.250         1013        0.100       13.25     24.72172  
    11:19:55       3.250         1013        0.100       13.25     25.07285  
    11:19:56       4.250         1012        0.100       13.25     24.81297  
    11:19:57       5.250         1012        0.100       13.25     24.71527  
    11:19:58       6.250         1012        0.100       13.25     24.83474  
    11:19:59       7.250         1012        0.100       13.25     24.50661  
    11:20:00       8.250         1012        0.100       13.25     25.38451  
    11:20:01       9.250         1012        0.100       13.25     25.27461  
    11:20:02      10.250         1012        0.100       13.25     24.72864  
    11:20:03      11.265         1012        0.100       13.25     25.32997  
    11:20:04      12.265         1013        0.100       13.25     24.76123  
    11:20:05      13.265         1012        0.100       13.25      24.7482  
    11:20:06      14.265         1013        0.100       13.25     24.88175  
    11:20:07      15.265         1012        0.100       13.25     24.56331  
    11:20:08      16.265         1013        0.100       13.25      25.4004  
    11:20:09      17.265         1012        0.100       13.25     24.62593  
    11:20:10      18.265         1013        0.100       13.25     24.84724  
    11:20:11      19.250         1013        0.100       13.25     25.32044  
    11:20:12      20.250         1013        0.100       13.25     25.05061  
    11:20:13      21.265         1012        0.100       13.25     25.16657  
    11:20:14      22.265         1012        0.100       13.25     24.76561  
    11:20:15      23.265         1012        0.100       13.25      25.4733  
    11:20:16      24.265         1012        0.100       13.25     24.85277  
    11:20:17      25.265         1013        0.100       13.25     25.43259  
    11:20:18      26.265         1012        0.100       13.25     25.20547  
    11:20:19      27.265         1012        0.100       13.25     25.44733  
    11:20:20      28.265         1013        0.100       13.25     24.82974  
    11:20:21      29.265         1012        0.100       13.25     25.38608  
    11:20:22      30.265         1013        0.100       13.25     25.32526  
    11:20:23      31.265         1013        0.100       13.25     24.67675  
    11:20:24      32.265         1012        0.100       13.25     24.73158  
    11:20:25      33.265         1012        0.100       13.25     24.66762  
    11:20:26      34.265         1013        0.100       13.25     25.28149  
    11:20:27      35.265         1012        0.100       13.25     25.31823  
    11:20:28      36.265         1012        0.100       13.25     25.19979  
    11:20:29      37.265         1012        0.100       13.25     25.36837  
    11:20:30      38.265         1012        0.100       13.25     25.05824  
    11:20:31      39.265         1013        0.100       13.25     25.41717  
    11:20:32      40.265         1013        0.100       13.25     24.82779  
    11:20:33      41.265         1012        0.100       13.25     24.56553  
    11:20:34      42.265         1013        0.100       13.25     24.51516  
    11:20:35      43.265         1012        0.100       13.25     25.44326  
    11:20:36      44.265         1012        0.100       13.25     25.23742  
    11:20:37      45.265         1012        0.100       13.25     25.20019  
    11:20:38      46.265         1012        0.100       13.25     25.48299  
    11:20:39      47.265         1013        0.100       13.25     24.90484  
    11:20:40      48.265         1012        0.100       13.25     25.32144  
    11:20:41      49.250         1013        0.100       13.25     25.47408  
    11:20:42      50.265         1012        0.100       13.25     24.80162  
    11:20:43      51.265         1013        0.100       13.25     24.68268  
    11:20:44      52.265         1013        0.100       13.25      24.9041  
    11:20:45      53.265         1012        0.100       13.25     24.87816  
    11:20:46      54.265         1012        0.100       13.25     25.41592  
    11:20:47      55.265         1013        0.100       13.25     24.54075  
    11:20:48      56.265         1012        0.100       13.25     25.17889  
    11:20:49      57.265         1013        0.100       13.25      25.1318  
    11:20:50      58.265         1013        0.100       13.25     24.96943  
    11:20:51      59.265         1012        0.100       13.25     25.24156  
    11:20:52      60.265         1012        0.100       13.25     25.12265  
    11:20:53      61.265         1013        0.100       13.25     25.41699  
    11:20:54      62.265         1013        0.100       13.25     24.65736  
    11:20:55      63.265         1012        0.100       13.25     24.76872  
    11:20:56      64.265         1013        0.100       13.25     24.73138  
    11:20:57      65.265         1013        0.100       13.25     24.87425  
    11:20:58      66.265         1012        0.100       13.25      25.4959  
    11:20:59      67.265         1013        0.100       13.25     25.23076  
    11:21:00      68.265         1012        0.100       13.25      25.1363  
    11:21:01      69.265         1012        0.100       13.25     25.21859  
    11:21:02      70.265         1012        0.100       13.25     25.15026  
    11:21:03      71.265         1012        0.100       13.25     25.05773  
    11:21:04      72.265         1012        0.100       13.25      24.5458  
    11:21:05      73.265         1013        0.100       13.25     25.29534  
    11:21:06      74.265         1012        0.100       13.25     25.24193  
    11:21:07      75.265         1012        0.100       13.25     24.64691  
    11:21:08      76.265         1012        0.100       13.25     25.41889  
    11:21:09      77.265         1013        0.100       13.25     24.61977  
    11:21:10      78.265         1013        0.100       13.25     24.76785  
    11:21:11      79.250         1012        0.100       13.25     25.34566  
    11:21:12      80.265         1012        0.100       13.25     24.83376  
    11:21:13      81.265         1013        0.100       13.25     25.19508  
    11:21:14      82.265         1012        0.100       13.25     25.23769  
    11:21:15      83.265         1012        0.100       13.25     25.39735  
    11:21:16      84.265         1013        0.100       13.25     24.86768  
    11:21:17      85.265         1012        0.100       13.25     24.63488  
    11:21:18      86.265         1013        0.100       13.25     25.13632  
    11:21:19      87.265         1013        0.100       13.25     24.54208  
    11:21:20      88.265         1013        0.100       13.25     25.10602  
    11:21:21      89.265         1013        0.100       13.25     25.21879  
    11:21:22      90.312         1013        0.100       13.25     24.80025  
    11:21:23      91.265         1012        0.100       13.25     24.55598  
    11:21:24      92.265         1013        0.100       13.25     25.16514  
    11:21:25      93.265         1013        0.100       13.25     24.56177  
    11:21:26      94.265         1013        0.100       13.25     25.14901  
    11:21:27      95.265         1013        0.100       13.25      24.5136  
    11:21:28      96.265         1012        0.100       13.25     25.04795  
    11:21:29      97.265         1012        0.100       13.25     25.09386  
    11:21:30      98.265         1012        0.100       13.25     24.51458  
    11:21:31      99.265         1013        0.100       13.25     25.15321  
    11:21:32      100.265        1012        0.100       13.25     24.89468  
    11:21:33      101.265        1012        0.100       13.25     24.75717  
    11:21:34      102.265        1012        0.100       13.25     25.13896  
    11:21:35      103.265        1013        0.100       13.25     25.25678  
    11:21:36      104.265        1012        0.100       13.25     25.07081  
    11:21:37      105.265        1013        0.100       13.25     24.95835  
    11:21:38      106.265        1013        0.100       13.25     24.63111  
    11:21:39      107.265        1012        0.100       13.25     25.34425  
    11:21:40      108.265        1012        0.100       13.25     24.81654  
    11:21:41      109.250        1012        0.100       13.25     24.79488  
    11:21:42      110.250        1012        0.100       13.25     24.54288  
    11:21:43      111.281        1013        0.100       13.25     25.11541  
    11:21:44      112.281        1012        0.100       13.25     24.82005  
    11:21:45      113.281        1012        0.100       13.25     25.05226  
    11:21:46      114.281        1012        0.100       13.25     25.08921  
    11:21:47      115.281        1012        0.100       13.25     25.03073  
    11:21:48      116.281        1013        0.100       13.25     24.96005  
    11:21:49      117.281        1012        0.100       13.25     24.51764  
    11:21:50      118.281        1013        0.100       13.25      24.8527  
    11:21:51      119.281        1012        0.100       13.25     24.72044  
    11:21:52      120.281        1012        0.100       13.25      25.1719  
    11:21:53      121.281        1013        0.100       13.25     25.46773  
    11:21:54      122.281        1012        0.100       13.25     24.85027  
    11:21:55      123.281        1013        0.100       13.25     24.75178  
    11:21:56      124.281        1013        0.100       13.25     25.43859  
    11:21:57      125.281        1012        0.100       13.25      24.9701  
    11:21:58      126.281        1013        0.100       13.25      24.8686  
    11:21:59      127.281        1012        0.100       13.25     24.80886  
    11:22:00      128.281        1012        0.100       13.25     25.49948  
    11:22:01      129.281        1012        0.100       13.25     25.32116  
    11:22:02      130.281        1013        0.100       13.25     24.66012  
    11:22:03      131.281        1012        0.100       13.25     24.87592  
    11:22:04      132.281        1013        0.100       13.25      24.6097  
    11:22:05      133.281        1012        0.100       13.25     24.60859  
    11:22:06      134.281        1012        0.100       13.25     25.38472  
    11:22:07      135.281        1012        0.100       13.25     25.32767  
    11:22:08      136.281        1013        0.100       13.25     25.41124  
    11:22:09      137.281        1013        0.100       13.25     25.25075  
    11:22:10      138.281        1012        0.100       13.25     25.09814  
    11:22:11      139.265        1013        0.100       13.25     24.87827  
    11:22:12      140.265        1012        0.100       13.25     25.11956  
    11:22:13      141.265        1012        0.100       13.25     24.58471  
    11:22:14      142.265        1012        0.100       13.25     24.94594  
    11:22:15      143.265        1012        0.100       13.25     25.46812  
    11:22:16      144.265        1013        0.100       13.25      24.5804  
    11:22:17      145.265        1012        0.100       13.25      24.5657  
    11:22:18      146.265        1012        0.100       13.25     24.97237  
    11:22:19      147.265        1012        0.100       13.25     24.89413  
    11:22:20      148.265        1013        0.100       13.25     25.41086  
    11:22:21      149.265        1013        0.100       13.25      25.3633  
    11:22:22      150.265        1012        0.100       13.25     24.70991  
    11:22:23      151.250        1012        0.100       13.25     24.69304  
    11:22:24      152.250        1012        0.100       13.25     24.55234  
    11:22:25      153.250        1012        0.100       13.25     24.77612  
    11:22:26      154.250        1013        0.100       13.25     24.93782  
    11:22:27      155.250        1012        0.100       13.25     25.02697  
    11:22:28      156.250        1012        0.100       13.25     24.63078  
    11:22:29      157.250        1012        0.100       13.25     24.82813  
    11:22:30      158.250        1012        0.100       13.25     24.88563  
    11:22:31      159.250        1013        0.100       13.25     25.25236  
    11:22:32      160.250        1013        0.100       13.25     24.88802  
    11:22:33      161.265        1013        0.100       13.25     25.05691  
    11:22:34      162.265        1013        0.100       13.25     25.26504  
    11:22:35      163.265        1013        0.100       13.25     25.39456  
    11:22:36      164.265        1012        0.100       13.25     25.40795  
    11:22:37      165.265        1012        0.100       13.25     25.13728  
    11:22:38      166.265        1013        0.100       13.25     24.92151  
    11:22:39      167.265        1012        0.100       13.25     24.61309  
    11:22:40      168.265        1012        0.100       13.25     25.20859  
    11:22:41      169.250        1013        0.100       13.25     25.10358  
    11:22:42      170.250        1012        0.100       13.25     24.70621  
    11:22:43      171.265        1012        0.100       13.25     25.04807  
    11:22:44      172.265        1012        0.100       13.25     25.07312  
    11:22:45      173.265        1013        0.100       13.25     24.79046  
    11:22:46      174.265        1013        0.100       13.25     25.08925  
    11:22:47      175.265        1013        0.100       13.25     25.02897  
    11:22:48      176.265        1013        0.100       13.25     25.48672  
    11:22:49      177.265        1012        0.100       13.25     24.83977  
    11:22:50      178.265        1012        0.100       13.25      25.3616  
    11:22:51      179.265        1012        0.100       13.25     24.64385  
    11:22:52      180.265        1012        0.100       13.25      25.0324  
    11:22:53      181.265        1012        0.100       13.25     25.29745  
    11:22:54      182.265        1012        0.100       13.25     25.31051  
    11:22:55      183.265        1012        0.100       13.25      24.9056  
    11:22:56      184.265        1012        0.100       13.25     25.15877  
    11:22:57      185.265        1012        0.100       13.25      25.4665  
    11:22:58      186.265        1012        0.100       13.25     25.23025  
    11:22:59      187.265        1012        0.100       13.25     25.03626  
    11:23:00      188.265        1013        0.100       13.25     25.10065  
    11:23:01      189.265        1012        0.100       13.25     24.99107  
    11:23:02      190.265        1012        0.100       13.25     25.08125  
    11:23:03      191.265        1012        0.100       13.25     24.68877  
    11:23:04      192.265        1012        0.100       13.25     24.73853  
    11:23:05      193.265        1013        0.100       13.25     24.76542  
    11:23:06      194.265        1012        0.100       13.25     24.89075  
    11:23:07      194.921        1012        0.100       13.25     24.64199  
    11:23:07      195.281        1013        0.100       13.25     24.62668  
   
   
   ALARM DATA
   (none)
   
   OUT OF TOLERANCE DATA
   Date / Time                Comment
   16 Dec 2019  11:20:26    Nitrogen Flow OOT (SP=0.000 PV=0.002)
   
   
   EVENT LOG DATA
   Date / Time                Comment
   16 Dec 2019  11:23:08    Recipe completed.
   
   16 Dec 2019  11:23:07    JOB COMPLETED NORMALLY
   
   CHECKED BY: ________________________________________
