                                          In House Testing
                                       Auburn Hills, Michigan
                                   CANISTER PRECONDITIONING SYSTEM
   
                                           DETAIL REPORT
   
   Job Number:    000035                        RemTaskID  :   
   Station Description:       CLB 
   Stn SysID:     CLB                           Stn Abreviation:   2
   Station:       2                             Vehicle No.:   
   Shift:         1                             Engineer:      
   Start Time:    16 Dec 2019  10:08:57         Start Op:      
   End Time:      16 Dec 2019  10:09:18         End Op:        
   Canister ID:   in vehicle
   Can Volume:    0.00 Liters                   Can Work Cap:  0.00 Grams
   
   COMMENTS:
   (None)
   
   
   LEAKTEST SETUP
   -------------------------------------------------------------------------------------------
   Target Pressure:         2.000 kPa           Pressure Tolerance:      1.000 kPa
   Deff Hold Duration:      180.000 sec         Press Hold Duration:     10.000 sec
                                                Timeout:                 1234.000 sec
                                                Pressurize Timeout:      300.000 sec
                                                Deff Tolerance:          0.002 inch
   SG N2:                   0.967               Initial N2 Flow:         0.100 m3/s
                                                Report Interval:         1.000 sec
   
   Barometer at Process Start: 1012 mBar
   Barometer at Process End:   1012 mBar
   
   
   LEAKTEST DETAIL DATA
   -------------------------------------------------------------------------------------------
      Time       TestTime        Baro       N2 Flow    N2 Press     N2 Temp  
                                             (lpm)       (kPa)      (deg C)  
    10:08:57       0.250         1012        0.100       13.25     24.66995  
    10:08:58       0.890         1012        0.100       13.25      24.5156  
    10:08:58       1.250         1013        0.100       13.25     24.78032  
    10:08:59       2.250         1013        0.100       13.25     24.63686  
    10:09:00       3.250         1013        0.100       13.25     25.39664  
    10:09:01       4.250         1013        0.100       13.25     25.17834  
    10:09:02       5.250         1013        0.100       13.25     24.67149  
    10:09:03       6.250         1012        0.100       13.25     24.62651  
    10:09:04       7.250         1013        0.100       13.25     24.57202  
    10:09:05       8.250         1012        0.100       13.25      25.3905  
    10:09:06       9.250         1012        0.100       13.25     24.82296  
    10:09:07      10.250         1013        0.100       13.25     24.90056  
    10:09:08      11.250         1012        0.100       13.25     25.07914  
    10:09:09      12.250         1012        0.100       13.25     25.09563  
    10:09:16      19.343         1012        0.100       13.25      24.872   
    10:09:16      19.546         1012        0.100       13.25     25.34001  
    10:09:16      19.609         1012        0.100       13.25     24.75632  
    10:09:16      19.671         1012        0.100       13.25     25.49644  
    10:09:16      19.734         1013        0.100       13.25     24.91827  
    10:09:16      19.796         1013        0.100       13.25     24.91827  
    10:09:18      20.921         1013        0.100       13.25     24.57633  
    10:09:18      21.000         1013        0.100       13.25     24.63625  
    10:09:18      21.250         1012        0.100       13.25      24.7482  
   
   
   ALARM DATA
   (none)
   
   OUT OF TOLERANCE DATA
   (none)
   
   
   EVENT LOG DATA
   Date / Time                Comment
   16 Dec 2019  10:09:19    Recipe completed.
   
   16 Dec 2019  10:09:18    << JOB COMPLETED ABNORMALLY >>
   
   CHECKED BY: ________________________________________
