                                          In House Testing
                                       Auburn Hills, Michigan
                                   CANISTER PRECONDITIONING SYSTEM
   
                                           DETAIL REPORT
   
   Job Number:    000038                        RemTaskID  :   
   Station Description:       CLB 
   Stn SysID:     CLB                           Stn Abreviation:   2
   Station:       2                             Vehicle No.:   
   Shift:         1                             Engineer:      
   Start Time:    16 Dec 2019  10:17:25         Start Op:      
   End Time:      16 Dec 2019  10:18:24         End Op:        
   Canister ID:   in vehicle
   Can Volume:    0.00 Liters                   Can Work Cap:  0.00 Grams
   
   COMMENTS:
   (None)
   
   
   LEAKTEST SETUP
   -------------------------------------------------------------------------------------------
   Target Pressure:         2.000 kPa           Pressure Tolerance:      1.000 kPa
   Deff Hold Duration:      180.000 sec         Press Hold Duration:     10.000 sec
                                                Timeout:                 1234.000 sec
                                                Pressurize Timeout:      300.000 sec
                                                Deff Tolerance:          0.002 inch
   SG N2:                   0.967               Initial N2 Flow:         0.100 m3/s
                                                Report Interval:         1.000 sec
   
   Barometer at Process Start: 1012 mBar
   Barometer at Process End:   1012 mBar
   
   
   LEAKTEST DETAIL DATA
   -------------------------------------------------------------------------------------------
      Time       TestTime        Baro       N2 Flow    N2 Press     N2 Temp  
                                             (lpm)       (kPa)      (deg C)  
    10:17:25       0.485         1013        0.100       13.25     25.21613  
    10:17:26       1.391         1013        0.100       13.25      24.554   
    10:17:26       1.485         1012        0.100       13.25      25.386   
    10:17:27       2.485         1012        0.100       13.25     25.07354  
    10:17:28       3.485         1013        0.100       13.25     24.90585  
    10:17:29       4.485         1013        0.100       13.25     25.01798  
    10:17:30       5.485         1013        0.100       13.25     25.34572  
    10:17:31       6.485         1013        0.100       13.25     25.04307  
    10:17:32       7.485         1013        0.100       13.25     24.50809  
    10:17:33       8.485         1013        0.100       13.25     25.16704  
    10:17:34       9.485         1013        0.100       13.25     24.75573  
    10:17:35      10.485         1013        0.100       13.25     25.44944  
    10:17:36      11.516         1013        0.100       13.25     25.12296  
    10:17:37      12.516         1012        0.100       13.25     24.80513  
    10:18:14      49.156         1013        0.100       13.25     24.57633  
    10:18:14      49.391         1013        0.100       13.25     25.20475  
    10:18:14      49.594         1012        0.100       13.25     24.95327  
    10:18:14      49.656         1012        0.100       13.25     24.95327  
    10:18:16      51.219         1012        0.100       13.25     24.95327  
    10:18:16      51.297         1013        0.100       13.25     25.40724  
    10:18:16      51.360         1013        0.100       13.25     25.40724  
    10:18:16      51.422         1012        0.100       13.25     24.93134  
    10:18:16      51.485         1012        0.100       13.25     25.42367  
    10:18:16      51.547         1012        0.100       13.25     24.64434  
    10:18:16      51.610         1012        0.100       13.25     24.64434  
    10:18:16      51.703         1013        0.100       13.25     25.18391  
    10:18:16      51.766         1013        0.100       13.25     25.18391  
    10:18:16      51.828         1012        0.100       13.25     24.75772  
    10:18:16      51.891         1013        0.100       13.25     25.34659  
    10:18:16      51.953         1013        0.100       13.25     24.62726  
    10:18:17      52.985         1013        0.100       13.25     24.62726  
    10:18:17      53.063         1012        0.100       13.25     24.58449  
    10:18:18      53.125         1013        0.100       13.25     25.03909  
    10:18:18      53.188         1013        0.100       13.25     25.03909  
    10:18:18      53.250         1013        0.100       13.25     24.88175  
    10:18:18      53.313         1013        0.100       13.25     25.30986  
    10:18:19      54.219         1013        0.100       13.25     25.30986  
    10:18:19      54.281         1013        0.100       13.25     24.90058  
    10:18:19      54.344         1013        0.100       13.25     25.48722  
    10:18:19      54.406         1012        0.100       13.25     24.99048  
    10:18:19      54.469         1012        0.100       13.25     24.99048  
    10:18:23      58.891         1012        0.100       13.25     25.10718  
    10:18:23      58.953         1013        0.100       13.25     24.90459  
    10:18:23      59.016         1013        0.100       13.25     25.29906  
    10:18:23      59.078         1012        0.100       13.25     25.31675  
    10:18:24      59.141         1012        0.100       13.25     25.31675  
    10:18:24      59.203         1013        0.100       13.25      25.2069  
    10:18:24      59.266         1012        0.100       13.25     25.48317  
    10:18:24      59.328         1012        0.100       13.25     25.48317  
    10:18:24      59.391         1012        0.100       13.25     24.94599  
    10:18:24      59.453         1012        0.100       13.25     24.64225  
    10:18:24      59.516         1012        0.100       13.25     24.56331  
    10:18:24      59.578         1012        0.100       13.25     24.56331  
    10:18:24      59.656         1012        0.100       13.25     24.56331  
    10:18:24      59.750         1013        0.100       13.25     24.72067  
    10:18:24      59.813         1013        0.100       13.25     24.72067  
    10:18:24      59.875         1013        0.100       13.25     25.37073  
    10:18:24      59.938         1013        0.100       13.25     25.06917  
    10:18:24      60.000         1013        0.100       13.25     24.88822  
   
   
   ALARM DATA
   (none)
   
   OUT OF TOLERANCE DATA
   (none)
   
   
   EVENT LOG DATA
   Date / Time                Comment
   16 Dec 2019  10:18:25    Recipe completed.
   
   16 Dec 2019  10:18:24    << JOB COMPLETED ABNORMALLY >>
   
   CHECKED BY: ________________________________________
