                                          In House Testing
                                       Auburn Hills, Michigan
                                   CANISTER PRECONDITIONING SYSTEM
   
                                           DETAIL REPORT
   
   Job Number:    000062                        
   Station Description:       CLB 
   Stn SysID:     CLB                           Stn Abreviation:   2
   Station:       2                             Vehicle No.:   
   Shift:         1                             Engineer:      
   Start Time:    7 Jan 2020  14:56:14          Start Op:      
   End Time:      30 Dec 1899  00:00:00         End Op:        
   Canister ID:   in vehicle
   Can Volume:    0.00 Liters                   Can Work Cap:  0.00 Grams
   
   COMMENTS:
   (None)
   
   
   LEAKTEST SETUP
   -------------------------------------------------------------------------------------------
   Target Pressure:         2.000 kPa           Pressure Tolerance:      1.000 kPa
   Deff Hold Duration:      56.000 sec          Press Hold Duration:     10.000 sec
                                                Timeout:                 45.000 sec
                                                Pressurize Timeout:      29.000 sec
                                                Deff Tolerance:          0.002 inch
   SG N2:                   0.967               Initial N2 Flow:         0.100 m3/s
                                                Report Interval:         1.000 sec
   
   Barometer at Process Start: 1012 mBar
   Barometer at Process End:   0 mBar
   
   
   LEAKTEST DETAIL DATA
   -------------------------------------------------------------------------------------------
      Time       TestTime        Baro       N2 Flow    N2 Press     N2 Temp  
                                             (lpm)       (kPa)      (deg C)  
    14:56:15       1.000         1013        0.100       13.25     24.90597  
    14:56:16       1.437         1013        0.100       13.25     24.73392  
    14:56:16       2.000         1013        0.100       13.25     24.96827  
    14:56:17       3.000         1012        0.100       13.25     24.56518  
    14:56:18       4.093         1013        0.100       13.25     25.28303  
    14:56:19       5.000         1012        0.100       13.25     25.14075  
    14:56:20       6.000         1013        0.100       13.25     25.49219  
    14:56:21       7.015         1012        0.100       13.25     24.93522  
    14:56:22       8.015         1012        0.100       13.25     25.47629  
    14:56:23       9.000         1013        0.100       13.25     24.81865  
    14:56:24      10.000         1012        0.100       13.25     25.39592  
    14:56:25      11.031         1012        0.100       13.25     25.33549  
    14:56:26      12.031         1013        0.100       13.25     25.25127  
    14:56:27      13.031         1013        0.100       13.25     24.59696  
    14:56:28      14.031         1012        0.100       13.25      25.4638  
    14:56:29      15.000         1013        0.100       13.25     25.27981  
    14:56:30      16.000         1012        0.100       13.25     24.78381  
    14:56:31      17.000         1012        0.100       13.25     25.27926  
    14:56:32      18.000         1013        0.100       13.25     24.87686  
    14:56:33      19.031         1012        0.100       13.25     24.69501  
    14:56:34      20.031         1013        0.100       13.25     24.64565  
    14:56:35      21.015         1013        0.100       13.25     24.56302  
    14:56:36      22.015         1012        0.100       13.25     25.01491  
    14:56:37      23.000         1013        0.100       13.25     24.57182  
    14:56:38      24.000         1013        0.100       13.25      24.919   
    14:56:39      25.000         1013        0.100       13.25     25.31409  
    14:56:40      26.000         1012        0.100       13.25     24.61545  
    14:56:41      27.093         1013        0.100       13.25     25.09168  
    14:56:42      28.000         1012        0.100       13.25     24.85403  
    14:56:43      29.031         1012        0.100       13.25     24.76202  
    14:56:44      30.031         1013        0.100       13.25     25.02957  
    14:56:45      31.031         1013        0.100       13.25     25.17779  
    14:56:46      32.031         1012        0.100       13.25     25.28123  
    14:56:47      33.000         1013        0.100       13.25     25.21324  
    14:56:48      34.000         1012        0.100       13.25     24.79561  
    14:56:49      35.015         1012        0.100       13.25     24.94674  
    14:56:50      36.015         1012        0.100       13.25     25.09089  
    14:56:51      37.000         1013        0.100       13.25     25.42773  
    14:56:52      38.000         1012        0.100       13.25     24.79788  
    14:56:53      39.031         1012        0.100       13.25     25.38338  
    14:56:54      40.031         1012        0.100       13.25     25.08951  
    14:56:55      41.015         1013        0.100       13.25     24.65842  
    14:56:56      42.015         1012        0.100       13.25     24.83434  
    14:56:57      43.000         1012        0.100       13.25      24.7479  
    14:56:58      44.000         1013        0.100       13.25     25.20896  
    14:56:59      45.000         1013        0.100       13.25     25.06701  
    14:57:00      46.000         1012        0.100       13.25     25.20496  
    14:57:01      47.000         1012        0.100       13.25     25.11652  
    14:57:02      48.000         1012        0.100       13.25      25.1977  
    14:57:03      49.031         1012        0.100       13.25     25.00398  
    14:57:04      50.031         1012        0.100       13.25     25.28451  
    14:57:05      51.109         1012        0.100       13.25     25.14126  
    14:57:06      52.015         1012        0.100       13.25     24.50161  
    14:57:07      53.031         1013        0.100       13.25     25.13898  
    14:57:08      54.031         1012        0.100       13.25     24.91941  
    14:57:09      55.015         1012        0.100       13.25     24.74844  
    14:57:10      56.015         1012        0.100       13.25     25.33122  
    14:57:11      57.015         1013        0.100       13.25     25.43249  
    14:57:12      58.015         1012        0.100       13.25      25.4251  
    14:57:13      59.000         1012        0.100       13.25     24.93178  
    14:57:14      60.000         1013        0.100       13.25     24.89445  
   
   
   ALARM DATA
   (none)
   
   OUT OF TOLERANCE DATA
   Date / Time                Comment
   7 Jan 2020  14:56:49    Nitrogen Flow OOT (SP=0.000 PV=-0.001)
   7 Jan 2020  14:57:15    Too Long to Achieve Stable Deff
   
   
   EVENT LOG DATA
   Date / Time                Comment
   7 Jan 2020  14:57:15    Recipe completed.
   
   30 Dec 1899  00:00:00    << JOB COMPLETED ABNORMALLY >>
   
   CHECKED BY: ________________________________________
