                                          In House Testing
                                       Auburn Hills, Michigan
                                   CANISTER PRECONDITIONING SYSTEM
   
                                           DETAIL REPORT
   
   Job Number:    000102                        
   Station Description:       Station #5 
   Stn SysID:     CLE                           Stn Abreviation:   5
   Station:       5                             Vehicle No.:   
   Shift:         1                             Engineer:      
   Start Time:    15 Jan 2020  12:33:45         Start Op:      
   End Time:      30 Dec 1899  00:00:00         End Op:        
   Canister ID:   in vehicle
   Can Volume:    0.00 Liters                   Can Work Cap:  0.00 Grams
   
   COMMENTS:
   (None)
   
   
   LEAKTEST SETUP
   -------------------------------------------------------------------------------------------
   Target Pressure:         2.000 kPa           Pressure Tolerance:      1.000 kPa
   Deff Hold Duration:      40.000 sec          Press Hold Duration:     3.000 sec
                                                Timeout:                 4.000 sec
                                                Pressurize Timeout:      3.000 sec
                                                Deff Tolerance:          0.002 inch
   SG N2:                   0.967               Initial N2 Flow:         0.100 m3/s
                                                Report Interval:         1.000 sec
   
   Barometer at Process Start: 1013 mBar
   Barometer at Process End:   0 mBar
   
   
   LEAKTEST DETAIL DATA
   -------------------------------------------------------------------------------------------
      Time       TestTime        Baro       N2 Flow    N2 Press     N2 Temp  
                                             (lpm)       (kPa)      (deg C)  
    12:33:45       1.000         1013        0.100       13.25     24.70238  
    12:33:45       1.093         1013        0.100       13.25     25.40995  
    12:33:46       2.000         1012        0.100       13.25     24.85805  
    12:33:47       3.031         1013        0.100       13.25      25.4065  
    12:33:48       4.000         1012        0.100       13.25     24.78139  
    12:33:49       5.015         1013        0.100       13.25     24.53858  
    12:33:50       6.015         1012        0.100       13.25     24.58725  
    12:33:51       7.015         1013        0.100       13.25     24.74293  
    12:33:52       8.015         1013        0.100       13.25     24.69231  
    12:33:53       9.015         1013        0.100       13.25     24.76519  
    12:33:54      10.031         1013        0.100       13.25     25.12449  
    12:33:55      11.015         1013        0.100       13.25     24.85975  
   
   
   ALARM DATA
   (none)
   
   OUT OF TOLERANCE DATA
   Date / Time                Comment
   15 Jan 2020  12:33:56    Too Long to Achieve Stable Deff
   
   
   EVENT LOG DATA
   Date / Time                Comment
   15 Jan 2020  12:33:56    Recipe completed.
   
   30 Dec 1899  00:00:00    << JOB COMPLETED ABNORMALLY >>
   
   CHECKED BY: ________________________________________
