                                          In House Testing
                                       Auburn Hills, Michigan
                                   CANISTER PRECONDITIONING SYSTEM
   
                                           DETAIL REPORT
   
   Job Number:    000109                        
   Station Description:       Station #5 
   Stn SysID:     CLE                           Stn Abreviation:   5
   Station:       5                             Vehicle No.:   
   Shift:         1                             Engineer:      
   Start Time:    16 Jan 2020  13:37:23         Start Op:      
   End Time:      16 Jan 2020  13:37:34         End Op:        
   Canister ID:   in vehicle
   Can Volume:    0.00 Liters                   Can Work Cap:  0.00 Grams
   
   COMMENTS:
   (None)
   
   
   LEAKTEST SETUP
   -------------------------------------------------------------------------------------------
   Target Pressure:         2.000 kPa           Pressure Tolerance:      1.000 kPa
   Deff Hold Duration:      4.000 sec           Press Hold Duration:     3.000 sec
                                                Timeout:                 4.000 sec
                                                Pressurize Timeout:      3.000 sec
                                                Deff Tolerance:          0.002 inch
   SG N2:                   0.967               Initial N2 Flow:         0.100 m3/s
                                                Report Interval:         1.000 sec
   
   Barometer at Process Start: 1012 mBar
   Barometer at Process End:   1012 mBar
   
   
   LEAKTEST DETAIL DATA
   -------------------------------------------------------------------------------------------
      Time       TestTime        Baro       N2 Flow    N2 Press     N2 Temp  
                                             (lpm)       (kPa)      (deg C)  
    13:37:24       0.781         1012        0.100       13.25     24.65044  
    13:37:24       1.297         1012        0.100       13.25     24.75853  
    13:37:25       1.797         1013        0.100       13.25     24.77318  
    13:37:26       2.797         1013        0.100       13.25     24.86599  
    13:37:27       3.813         1013        0.100       13.25     25.23785  
    13:37:28       4.813         1013        0.100       13.25     24.70686  
    13:37:29       5.797         1013        0.100       13.25     25.17114  
    13:37:30       6.781         1013        0.100       13.25     25.27222  
    13:37:31       7.813         1012        0.100       13.25     25.03147  
    13:37:32       8.813         1012        0.100       13.25     25.38451  
    13:37:33       9.781         1013        0.100       13.25     25.48915  
    13:37:34      10.797         1013        0.100       13.25      25.2403  
   
   
   ALARM DATA
   (none)
   
   OUT OF TOLERANCE DATA
   (none)
   
   
   EVENT LOG DATA
   Date / Time                Comment
   16 Jan 2020  13:37:34    Recipe completed.
   
   16 Jan 2020  13:37:34    << JOB COMPLETED ABNORMALLY >>
   
   CHECKED BY: ________________________________________
