                                          In House Testing
                                       Auburn Hills, Michigan
                                   CANISTER PRECONDITIONING SYSTEM
   
                                           DETAIL REPORT
   
   Job Number:    000051                        RemTaskID  :   
   Station Description:       CLB 
   Stn SysID:     CLB                           Stn Abreviation:   2
   Station:       2                             Vehicle No.:   
   Shift:         1                             Engineer:      
   Start Time:    6 Jan 2020  13:25:38          Start Op:      
   End Time:      6 Jan 2020  13:25:41          End Op:        
   Canister ID:   in vehicle
   Can Volume:    0.00 Liters                   Can Work Cap:  0.00 Grams
   
   COMMENTS:
   (None)
   
   
   LEAKTEST SETUP
   -------------------------------------------------------------------------------------------
   Target Pressure:         2.000 kPa           Pressure Tolerance:      1.000 kPa
   Deff Hold Duration:      180.000 sec         Press Hold Duration:     10.000 sec
                                                Timeout:                 1234.000 sec
                                                Pressurize Timeout:      180.000 sec
                                                Deff Tolerance:          0.002 inch
   SG N2:                   0.967               Initial N2 Flow:         0.100 m3/s
                                                Report Interval:         1.000 sec
   
   Barometer at Process Start: 1012 mBar
   Barometer at Process End:   1013 mBar
   
   
   LEAKTEST DETAIL DATA
   -------------------------------------------------------------------------------------------
      Time       TestTime        Baro       N2 Flow    N2 Press     N2 Temp  
                                             (lpm)       (kPa)      (deg C)  
    13:25:39       0.359         1012        0.100       13.25     24.66995  
    13:25:40       1.250         1013        0.100       13.25     24.93138  
    13:25:40       1.375         1013        0.100       13.25     24.68706  
    13:25:41       2.390         1012        0.100       13.25     25.10162  
    13:25:42       3.359         1013        0.100       13.25     25.21841  
   
   
   ALARM DATA
   (none)
   
   OUT OF TOLERANCE DATA
   (none)
   
   
   EVENT LOG DATA
   Date / Time                Comment
   6 Jan 2020  13:25:42    Recipe completed.
   
   6 Jan 2020  13:25:41    << JOB COMPLETED ABNORMALLY >>
   
   CHECKED BY: ________________________________________
