                                          In House Testing
                                       Auburn Hills, Michigan
                                   CANISTER PRECONDITIONING SYSTEM
   
                                           DETAIL REPORT
   
   Job Number:    000031                        RemTaskID  :   
   Station Description:       CLB 
   Stn SysID:     CLB                           Stn Abreviation:   2
   Station:       2                             Vehicle No.:   
   Shift:         1                             Engineer:      
   Start Time:    16 Dec 2019  09:54:57         Start Op:      
   End Time:      16 Dec 2019  09:55:43         End Op:        
   Canister ID:   in vehicle
   Can Volume:    0.00 Liters                   Can Work Cap:  0.00 Grams
   
   COMMENTS:
   (None)
   
   
   LEAKTEST SETUP
   -------------------------------------------------------------------------------------------
   Target Pressure:         2.000 kPa           Pressure Tolerance:      1.000 kPa
   Deff Hold Duration:      180.000 sec         Press Hold Duration:     10.000 sec
                                                Timeout:                 1234.000 sec
                                                Pressurize Timeout:      300.000 sec
                                                Deff Tolerance:          0.002 inch
   SG N2:                   0.967               Initial N2 Flow:         0.100 m3/s
                                                Report Interval:         1.000 sec
   
   Barometer at Process Start: 1013 mBar
   Barometer at Process End:   1013 mBar
   
   
   LEAKTEST DETAIL DATA
   -------------------------------------------------------------------------------------------
      Time       TestTime        Baro       N2 Flow    N2 Press     N2 Temp  
                                             (lpm)       (kPa)      (deg C)  
    09:54:57       0.265         1013        0.100       13.25     24.73197  
    09:54:58       1.140         1012        0.100       13.25     24.66403  
    09:54:58       1.265         1013        0.100       13.25     25.49972  
    09:54:59       2.265         1013        0.100       13.25     25.21613  
    09:55:00       3.265         1012        0.100       13.25     25.37544  
    09:55:01       4.265         1012        0.100       13.25     25.07354  
    09:55:02       5.281         1013        0.100       13.25     25.17168  
    09:55:03       6.281         1013        0.100       13.25     25.01798  
    09:55:04       7.281         1013        0.100       13.25     25.34572  
    09:55:05       8.281         1013        0.100       13.25     25.04307  
    09:55:06       9.281         1013        0.100       13.25     24.50809  
    09:55:07      10.281         1013        0.100       13.25     25.16704  
    09:55:08      11.296         1012        0.100       13.25     25.25684  
    09:55:09      12.296         1013        0.100       13.25     25.44944  
    09:55:18      20.890         1013        0.100       13.25     24.84852  
    09:55:18      21.093         1013        0.100       13.25     25.12296  
    09:55:18      21.156         1012        0.100       13.25     24.98752  
    09:55:18      21.218         1013        0.100       13.25     24.60218  
    09:55:18      21.281         1013        0.100       13.25     24.60218  
    09:55:18      21.343         1013        0.100       13.25     24.69316  
    09:55:18      21.406         1013        0.100       13.25     24.69316  
    09:55:19      22.593         1013        0.100       13.25     24.69316  
    09:55:19      22.671         1012        0.100       13.25     25.32997  
    09:55:19      22.734         1012        0.100       13.25     25.30616  
    09:55:20      23.265         1013        0.100       13.25     24.87589  
    09:55:32      34.750         1013        0.100       13.25     24.87589  
    09:55:32      34.828         1013        0.100       13.25     25.08588  
    09:55:32      34.890         1012        0.100       13.25     24.80513  
    09:55:32      34.953         1012        0.100       13.25     24.80513  
    09:55:32      35.015         1012        0.100       13.25     24.90465  
    09:55:32      35.078         1013        0.100       13.25      25.2098  
    09:55:32      35.656         1013        0.100       13.25      25.2098  
    09:55:32      35.718         1013        0.100       13.25     25.09657  
    09:55:33      35.781         1013        0.100       13.25     24.76123  
    09:55:33      35.843         1013        0.100       13.25     24.76123  
    09:55:33      35.906         1013        0.100       13.25     24.84234  
    09:55:33      36.453         1012        0.100       13.25      24.872   
    09:55:33      36.515         1013        0.100       13.25      25.1628  
    09:55:34      37.281         1013        0.100       13.25     24.57633  
    09:55:38      41.015         1013        0.100       13.25     25.40724  
    09:55:38      41.078         1012        0.100       13.25     24.93134  
    09:55:38      41.140         1012        0.100       13.25     25.42367  
    09:55:38      41.296         1013        0.100       13.25     24.71642  
    09:55:43      45.750         1013        0.100       13.25     24.71642  
    09:55:43      45.812         1013        0.100       13.25     25.18391  
    09:55:43      45.875         1013        0.100       13.25     25.18391  
    09:55:43      45.937         1012        0.100       13.25     24.75772  
    09:55:43      46.281         1013        0.100       13.25     25.03909  
   
   
   ALARM DATA
   (none)
   
   OUT OF TOLERANCE DATA
   (none)
   
   
   EVENT LOG DATA
   Date / Time                Comment
   16 Dec 2019  09:55:43    Recipe completed.
   
   16 Dec 2019  09:55:43    << JOB COMPLETED ABNORMALLY >>
   
   CHECKED BY: ________________________________________
