                                          In House Testing
                                       Auburn Hills, Michigan
                                   CANISTER PRECONDITIONING SYSTEM
   
                                           SUMMARY REPORT
   
   Job Number:    000090                        
   Station Description:       Station #5 
   Stn SysID:     CLE                           Stn Abreviation:   5
   Station:       5                             Vehicle No.:   
   Shift:         1                             Engineer:      
   Start Time:    13 Jan 2020  11:16:31         Start Op:      
   End Time:      13 Jan 2020  11:16:44         End Op:        
   Canister ID:   in vehicle
   Can Volume:    0.00 Liters                   Can Work Cap:  0.00 Grams
   
   COMMENTS:
   (None)
   
   
   LEAKTEST SETUP
   -------------------------------------------------------------------------------------------
   Target Pressure:         2.000 kPa           Pressure Tolerance:      1.000 kPa
   Deff Hold Duration:      4.000 sec           Press Hold Duration:     3.000 sec
                                                Timeout:                 4.000 sec
                                                Pressurize Timeout:      3.000 sec
                                                Deff Tolerance:          0.002 inch
   SG N2:                   0.967               Initial N2 Flow:         0.100 m3/s
                                                Report Interval:         1.000 sec
   
   Barometer at Process Start: 1013 mBar
   Barometer at Process End:   1013 mBar
   
   LEAKTEST SUMMARY
   -------------------------------------------------------------------------------------------
   Time        Eff. Dia.   Atm. Press  N2 Press    N2 Flow     N2 Temp     Comment
               (inches)    (kPa)       (kPa)       (m2/s)      (deg K)
   11:16:32    0.000       101.2587    114.5087    0.100       297.786     Start LeakTest
   11:16:37    1.37058     101.2144    114.4644    0.100       298.292     Press at Target & Sta
   ble
   11:16:43    1.37111     101.2468    114.4968    0.100       298.107     Effective Diameter St
   able
   
   ALARM DATA
   (none)
   
   OUT OF TOLERANCE DATA
   (none)
   
   
   EVENT LOG DATA
   Date / Time                Comment
   13 Jan 2020  11:16:44    Recipe completed.
   
   13 Jan 2020  11:16:44    JOB COMPLETED NORMALLY
   
   CHECKED BY: ________________________________________
