                                          In House Testing
                                       Auburn Hills, Michigan
                                   CANISTER PRECONDITIONING SYSTEM
   
                                           DETAIL REPORT
   
   Job Number:    000104                        
   Station Description:       Station #5 
   Stn SysID:     CLE                           Stn Abreviation:   5
   Station:       5                             Vehicle No.:   
   Shift:         1                             Engineer:      
   Start Time:    16 Jan 2020  12:42:06         Start Op:      
   End Time:      16 Jan 2020  12:43:40         End Op:        
   Canister ID:   in vehicle
   Can Volume:    0.00 Liters                   Can Work Cap:  0.00 Grams
   
   COMMENTS:
   (None)
   
   
   LEAKTEST SETUP
   -------------------------------------------------------------------------------------------
   Target Pressure:         2.000 kPa           Pressure Tolerance:      1.000 kPa
   Deff Hold Duration:      4.000 sec           Press Hold Duration:     3.000 sec
                                                Timeout:                 4.000 sec
                                                Pressurize Timeout:      3.000 sec
                                                Deff Tolerance:          0.002 inch
   SG N2:                   0.967               Initial N2 Flow:         0.100 m3/s
                                                Report Interval:         1.000 sec
   
   Barometer at Process Start: 1013 mBar
   Barometer at Process End:   1012 mBar
   
   
   LEAKTEST DETAIL DATA
   -------------------------------------------------------------------------------------------
      Time       TestTime        Baro       N2 Flow    N2 Press     N2 Temp  
                                             (lpm)       (kPa)      (deg C)  
    12:42:07       0.000         1013        0.100       13.25     25.29072  
    12:42:07       1.125         1013        0.100       13.25     25.16948  
    12:42:07       1.578         1013        0.100       13.25     25.40284  
    12:42:08       2.031         1013        0.100       13.25     24.55926  
    12:42:09       3.000         1012        0.100       13.25     25.02486  
    12:42:10       4.000         1012        0.100       13.25     24.57752  
    12:42:11       5.031         1012        0.100       13.25     24.66038  
    12:42:12       6.031         1012        0.100       13.25     25.28032  
    12:42:13       7.047         1012        0.100       13.25     24.82678  
    12:42:14       8.000         1012        0.100       13.25     24.99396  
    12:42:15       9.031         1012        0.100       13.25     25.41795  
    12:42:16      10.031         1012        0.100       13.25     25.36806  
    12:42:17      11.000         1013        0.100       13.25     24.94192  
    12:42:18      12.000         1012        0.100       13.25     25.46672  
    12:42:19      13.000         1012        0.100       13.25     24.66697  
    12:42:20      14.000         1013        0.100       13.25     25.38258  
    12:42:21      15.015         1013        0.100       13.25     25.13275  
    12:42:22      16.015         1012        0.100       13.25     24.70622  
    12:42:23      17.015         1012        0.100       13.25      25.4081  
    12:42:24      18.015         1013        0.100       13.25     24.76509  
    12:42:25      19.031         1013        0.100       13.25     24.65557  
    12:42:26      20.031         1012        0.100       13.25     24.50278  
    12:42:27      21.000         1012        0.100       13.25     25.39737  
    12:42:28      22.000         1012        0.100       13.25     24.58299  
    12:42:29      23.000         1013        0.100       13.25     24.75982  
    12:42:30      24.000         1013        0.100       13.25     25.23227  
    12:42:31      25.015         1012        0.100       13.25     25.05531  
    12:42:32      26.015         1012        0.100       13.25     24.64839  
    12:42:33      27.047         1012        0.100       13.25     25.32302  
    12:42:34      28.000         1012        0.100       13.25      25.4425  
    12:42:35      29.000         1013        0.100       13.25     25.27695  
    12:42:36      30.000         1012        0.100       13.25     24.80566  
    12:42:37      31.000         1012        0.100       13.25     25.45562  
    12:42:38      32.000         1012        0.100       13.25     24.94765  
    12:42:39      33.000         1012        0.100       13.25     25.32779  
    12:42:40      34.000         1012        0.100       13.25     24.82392  
    12:42:41      35.000         1013        0.100       13.25      25.4816  
    12:42:42      36.000         1013        0.100       13.25     25.28535  
    12:42:43      37.000         1013        0.100       13.25     24.66979  
    12:42:44      38.000         1012        0.100       13.25     25.18574  
    12:42:45      39.000         1012        0.100       13.25      25.3565  
    12:42:46      40.000         1012        0.100       13.25     24.79786  
    12:42:47      41.000         1012        0.100       13.25     25.08507  
    12:42:48      42.000         1012        0.100       13.25     24.70834  
    12:42:49      43.000         1012        0.100       13.25     24.56842  
    12:42:50      44.000         1012        0.100       13.25     24.95151  
    12:42:51      45.000         1012        0.100       13.25     25.44322  
    12:42:52      46.000         1013        0.100       13.25      25.1318  
    12:42:53      47.000         1012        0.100       13.25     24.94856  
    12:42:54      48.000         1013        0.100       13.25     25.15849  
    12:42:55      49.000         1012        0.100       13.25     24.91275  
    12:42:56      50.000         1013        0.100       13.25     25.49073  
    12:42:57      51.000         1012        0.100       13.25     24.84821  
    12:42:58      52.000         1012        0.100       13.25     24.57128  
    12:42:59      53.000         1012        0.100       13.25     25.35285  
    12:43:00      54.000         1012        0.100       13.25     25.28089  
    12:43:01      55.000         1013        0.100       13.25     24.83452  
    12:43:02      56.000         1012        0.100       13.25     25.02948  
    12:43:03      57.000         1012        0.100       13.25      24.7338  
    12:43:04      58.000         1012        0.100       13.25     24.55247  
    12:43:05      59.000         1012        0.100       13.25      25.3443  
    12:43:06      60.000         1013        0.100       13.25      24.9774  
    12:43:07      61.000         1012        0.100       13.25     25.31345  
    12:43:08      62.000         1012        0.100       13.25     24.62672  
    12:43:09      63.000         1013        0.100       13.25     24.50967  
    12:43:10      64.000         1012        0.100       13.25     24.53489  
    12:43:11      65.000         1012        0.100       13.25     25.04159  
    12:43:12      66.000         1012        0.100       13.25     25.04051  
    12:43:13      67.000         1012        0.100       13.25     25.32268  
    12:43:14      68.000         1013        0.100       13.25     25.30176  
    12:43:15      69.047         1012        0.100       13.25     25.26064  
    12:43:16      70.000         1012        0.100       13.25     24.58056  
    12:43:17      71.000         1012        0.100       13.25      25.4609  
    12:43:18      72.000         1013        0.100       13.25     24.80856  
    12:43:19      73.453         1012        0.100       13.25     25.47276  
    12:43:20      74.031         1013        0.100       13.25     24.88813  
    12:43:21      75.031         1012        0.100       13.25     24.81362  
    12:43:22      76.093         1012        0.100       13.25     24.69988  
    12:43:23      77.031         1013        0.100       13.25     24.72767  
    12:43:24      78.031         1012        0.100       13.25     24.57071  
    12:43:25      79.031         1012        0.100       13.25     24.62224  
    12:43:26      80.031         1012        0.100       13.25      24.7986  
    12:43:27      81.031         1013        0.100       13.25      25.4397  
    12:43:28      82.031         1013        0.100       13.25     24.54131  
    12:43:29      83.031         1012        0.100       13.25     25.48904  
    12:43:30      84.031         1013        0.100       13.25     25.33364  
    12:43:31      85.031         1013        0.100       13.25     25.21612  
    12:43:32      86.031         1013        0.100       13.25     24.59434  
    12:43:33      87.031         1012        0.100       13.25     24.86183  
    12:43:34      88.031         1012        0.100       13.25     24.52021  
    12:43:35      89.031         1013        0.100       13.25     24.92645  
    12:43:36      90.031         1012        0.100       13.25     25.31424  
    12:43:37      91.000         1013        0.100       13.25     25.23275  
    12:43:38      92.000         1012        0.100       13.25      25.1733  
    12:43:39      93.031         1013        0.100       13.25      24.8959  
    12:43:40      94.031         1012        0.100       13.25     25.08921  
   
   
   ALARM DATA
   (none)
   
   OUT OF TOLERANCE DATA
   Date / Time                Comment
   16 Jan 2020  12:42:42    Nitrogen Flow OOT (SP=0.000 PV=0.003)
   
   
   EVENT LOG DATA
   Date / Time                Comment
   16 Jan 2020  12:43:41    Recipe completed.
   
   16 Jan 2020  12:43:40    << JOB COMPLETED ABNORMALLY >>
   
   CHECKED BY: ________________________________________
