                                          In House Testing
                                       Auburn Hills, Michigan
                                   CANISTER PRECONDITIONING SYSTEM
   
                                           SUMMARY REPORT
   
   Job Number:    000116                        
   Station Description:       Station #5 
   Stn SysID:     CLE                           Stn Abreviation:   5
   Station:       5                             Vehicle No.:   
   Shift:         1                             Engineer:      
   Start Time:    20 Jan 2020  10:43:19         Start Op:      
   End Time:      20 Jan 2020  10:44:02         End Op:        
   Canister ID:   in vehicle
   Can Volume:    0.00 Liters                   Can Work Cap:  0.00 Grams
   
   COMMENTS:
   (None)
   
   
   LEAKTEST SETUP
   -------------------------------------------------------------------------------------------
   Target Pressure:         2.000 kPa           Pressure Tolerance:      1.000 kPa
   Deff Hold Duration:      4.000 sec           Press Hold Duration:     3.000 sec
                                                Timeout:                 4.000 sec
                                                Pressurize Timeout:      3.000 sec
                                                Deff Tolerance:          0.002 inch
   SG N2:                   0.967               Initial N2 Flow:         0.100 m3/s
                                                Report Interval:         1.000 sec
   
   Barometer at Process Start: 1013 mBar
   Barometer at Process End:   1012 mBar
   
   LEAKTEST SUMMARY
   -------------------------------------------------------------------------------------------
   Time        Eff. Dia.   Atm. Press  N2 Press    N2 Flow     N2 Temp     Comment
               (inches)    (kPa)       (kPa)       (m2/s)      (deg K)
   10:43:20    0.000       101.2606    114.5106    0.000       297.857     Start LeakTest
   10:44:02    0.00526     101.2392    114.4892    0.000       298.444     Stopped by Operator
   
   ALARM DATA
   (none)
   
   OUT OF TOLERANCE DATA
   Date / Time                Comment
   20 Jan 2020  10:43:54    Nitrogen Flow OOT (SP=0.000 PV=-0.002)
   
   
   EVENT LOG DATA
   Date / Time                Comment
   20 Jan 2020  10:44:03    Recipe completed.
   
   20 Jan 2020  10:44:02    << JOB COMPLETED ABNORMALLY >>
   
   CHECKED BY: ________________________________________
